<?xml version="1.0" encoding="UTF-8"?>
<testsuite name="tests.Registration" tests="10" skipped="0" failures="0" errors="0" timestamp="2022-06-17T15:34:49" hostname="ARTEMKA" time="36.866">
  <properties/>
  <testcase name="registrationNegativeMail[0](Bob, Dill, dumgmail.com, Zz12345$)" classname="tests.Registration" time="1.257"/>
  <testcase name="registrationNegativeMail[1](Bobby, Dilly, Dum@gmail.com, Zz12345$)" classname="tests.Registration" time="0.638"/>
  <testcase name="registrationNegativeMail[2](Bobs, Dills, dum@gmailcom, Zz12345$)" classname="tests.Registration" time="0.648"/>
  <testcase name="registrationNegativeMail[3](Bobra, Dillra, dum@g., Zz12345$)" classname="tests.Registration" time="0.649"/>
  <testcase name="registrationNegativeMail[4](Bober, Diller,  @l.com, Zz12345$)" classname="tests.Registration" time="0.649"/>
  <testcase name="registrationPositive[0](Tom, Brown, user2113@gmail.com, Asd2113d#%)" classname="tests.Registration" time="1.228"/>
  <testcase name="registrationPositive[1](Tommy, Bro, user21131@gmail.com, Asd21131d#%)" classname="tests.Registration" time="1.563"/>
  <testcase name="registrationPositive[2](Toms, Bros, user21132@gmail.com, Asd21132d#%)" classname="tests.Registration" time="1.531"/>
  <testcase name="registrationPositive[3](Tomer, Broch, user21133@gmail.com, Asd21134d#%)" classname="tests.Registration" time="1.559"/>
  <testcase name="registrationPositive[4](Toma, Bred, user21134@gmail.com, Asd21134d#%)" classname="tests.Registration" time="1.539"/>
  <system-out><![CDATA[18:34:44 INFO  tests.TestBase - Starts test---> registrationNegativeMail
18:34:44 INFO  manager.MyListener - Start search element by locator-->By.xpath: //*[text()=' Logout ']
18:34:49 INFO  manager.MyListener - Element with locator-->By.xpath: //*[text()=' Logout '] was found
18:34:49 INFO  manager.MyListener - Start search element by locator-->By.xpath: //*[text()=' Sign up ']
18:34:49 INFO  manager.MyListener - Element with locator-->By.xpath: //*[text()=' Sign up '] was found
18:34:50 INFO  manager.MyListener - Start search element by locator-->By.xpath: //*[@id='name']
18:34:50 INFO  manager.MyListener - Element with locator-->By.xpath: //*[@id='name'] was found
18:34:50 INFO  manager.MyListener - Start search element by locator-->By.xpath: //*[@id='lastName']
18:34:50 INFO  manager.MyListener - Element with locator-->By.xpath: //*[@id='lastName'] was found
18:34:50 INFO  manager.MyListener - Start search element by locator-->By.cssSelector: div input#email
18:34:50 INFO  manager.MyListener - Element with locator-->By.cssSelector: div input#email was found
18:34:50 INFO  manager.MyListener - Start search element by locator-->By.cssSelector: div input#password
18:34:50 INFO  manager.MyListener - Element with locator-->By.cssSelector: div input#password was found
18:34:50 INFO  tests.TestBase - Registration with Email = dumgmail.com, and password = Zz12345$
18:34:50 INFO  manager.MyListener - Start search element by locator-->By.cssSelector: div input[type='checkbox']
18:34:50 INFO  manager.MyListener - Element with locator-->By.cssSelector: div input[type='checkbox'] was found
18:34:50 INFO  manager.MyListener - Start search element by locator-->By.xpath: //*[@class='checkbox-label terms-label']
18:34:50 INFO  manager.MyListener - Element with locator-->By.xpath: //*[@class='checkbox-label terms-label'] was found
18:34:51 INFO  manager.MyListener - Start search element by locator-->By.cssSelector: form button[type='submit']
18:34:51 INFO  manager.MyListener - Element with locator-->By.cssSelector: form button[type='submit'] was found
18:34:51 INFO  manager.MyListener - Start search element by locator-->By.xpath: //*[text()='Wrong email format']
18:34:51 INFO  manager.MyListener - Element with locator-->By.xpath: //*[text()='Wrong email format'] was found
18:34:51 INFO  tests.TestBase - Ends test---> registrationNegativeMail
18:34:51 INFO  tests.TestBase - Starts test---> registrationNegativeMail
18:34:51 INFO  manager.MyListener - Start search element by locator-->By.xpath: //*[text()=' Logout ']
18:34:56 INFO  manager.MyListener - Element with locator-->By.xpath: //*[text()=' Logout '] was found
18:34:56 INFO  manager.MyListener - Start search element by locator-->By.xpath: //*[text()=' Sign up ']
18:34:56 INFO  manager.MyListener - Element with locator-->By.xpath: //*[text()=' Sign up '] was found
18:34:56 INFO  manager.MyListener - Start search element by locator-->By.xpath: //*[@id='name']
18:34:56 INFO  manager.MyListener - Element with locator-->By.xpath: //*[@id='name'] was found
18:34:56 INFO  manager.MyListener - Start search element by locator-->By.xpath: //*[@id='lastName']
18:34:56 INFO  manager.MyListener - Element with locator-->By.xpath: //*[@id='lastName'] was found
18:34:56 INFO  manager.MyListener - Start search element by locator-->By.cssSelector: div input#email
18:34:56 INFO  manager.MyListener - Element with locator-->By.cssSelector: div input#email was found
18:34:56 INFO  manager.MyListener - Start search element by locator-->By.cssSelector: div input#password
18:34:56 INFO  manager.MyListener - Element with locator-->By.cssSelector: div input#password was found
18:34:56 INFO  tests.TestBase - Registration with Email = Dum@gmail.com, and password = Zz12345$
18:34:56 INFO  manager.MyListener - Start search element by locator-->By.cssSelector: div input[type='checkbox']
18:34:56 INFO  manager.MyListener - Element with locator-->By.cssSelector: div input[type='checkbox'] was found
18:34:56 INFO  manager.MyListener - Start search element by locator-->By.cssSelector: form button[type='submit']
18:34:56 INFO  manager.MyListener - Element with locator-->By.cssSelector: form button[type='submit'] was found
18:34:56 INFO  manager.MyListener - Start search element by locator-->By.xpath: //*[text()='Wrong email format']
18:34:56 INFO  manager.MyListener - Element with locator-->By.xpath: //*[text()='Wrong email format'] was found
18:34:56 INFO  tests.TestBase - Ends test---> registrationNegativeMail
18:34:56 INFO  tests.TestBase - Starts test---> registrationNegativeMail
18:34:56 INFO  manager.MyListener - Start search element by locator-->By.xpath: //*[text()=' Logout ']
18:35:01 INFO  manager.MyListener - Element with locator-->By.xpath: //*[text()=' Logout '] was found
18:35:01 INFO  manager.MyListener - Start search element by locator-->By.xpath: //*[text()=' Sign up ']
18:35:01 INFO  manager.MyListener - Element with locator-->By.xpath: //*[text()=' Sign up '] was found
18:35:01 INFO  manager.MyListener - Start search element by locator-->By.xpath: //*[@id='name']
18:35:01 INFO  manager.MyListener - Element with locator-->By.xpath: //*[@id='name'] was found
18:35:02 INFO  manager.MyListener - Start search element by locator-->By.xpath: //*[@id='lastName']
18:35:02 INFO  manager.MyListener - Element with locator-->By.xpath: //*[@id='lastName'] was found
18:35:02 INFO  manager.MyListener - Start search element by locator-->By.cssSelector: div input#email
18:35:02 INFO  manager.MyListener - Element with locator-->By.cssSelector: div input#email was found
18:35:02 INFO  manager.MyListener - Start search element by locator-->By.cssSelector: div input#password
18:35:02 INFO  manager.MyListener - Element with locator-->By.cssSelector: div input#password was found
18:35:02 INFO  tests.TestBase - Registration with Email = dum@gmailcom, and password = Zz12345$
18:35:02 INFO  manager.MyListener - Start search element by locator-->By.cssSelector: div input[type='checkbox']
18:35:02 INFO  manager.MyListener - Element with locator-->By.cssSelector: div input[type='checkbox'] was found
18:35:02 INFO  manager.MyListener - Start search element by locator-->By.cssSelector: form button[type='submit']
18:35:02 INFO  manager.MyListener - Element with locator-->By.cssSelector: form button[type='submit'] was found
18:35:02 INFO  manager.MyListener - Start search element by locator-->By.xpath: //*[text()='Wrong email format']
18:35:02 INFO  manager.MyListener - Element with locator-->By.xpath: //*[text()='Wrong email format'] was found
18:35:02 INFO  tests.TestBase - Ends test---> registrationNegativeMail
18:35:02 INFO  tests.TestBase - Starts test---> registrationNegativeMail
18:35:02 INFO  manager.MyListener - Start search element by locator-->By.xpath: //*[text()=' Logout ']
18:35:07 INFO  manager.MyListener - Element with locator-->By.xpath: //*[text()=' Logout '] was found
18:35:07 INFO  manager.MyListener - Start search element by locator-->By.xpath: //*[text()=' Sign up ']
18:35:07 INFO  manager.MyListener - Element with locator-->By.xpath: //*[text()=' Sign up '] was found
18:35:07 INFO  manager.MyListener - Start search element by locator-->By.xpath: //*[@id='name']
18:35:07 INFO  manager.MyListener - Element with locator-->By.xpath: //*[@id='name'] was found
18:35:07 INFO  manager.MyListener - Start search element by locator-->By.xpath: //*[@id='lastName']
18:35:07 INFO  manager.MyListener - Element with locator-->By.xpath: //*[@id='lastName'] was found
18:35:07 INFO  manager.MyListener - Start search element by locator-->By.cssSelector: div input#email
18:35:07 INFO  manager.MyListener - Element with locator-->By.cssSelector: div input#email was found
18:35:07 INFO  manager.MyListener - Start search element by locator-->By.cssSelector: div input#password
18:35:08 INFO  manager.MyListener - Element with locator-->By.cssSelector: div input#password was found
18:35:08 INFO  tests.TestBase - Registration with Email = dum@g., and password = Zz12345$
18:35:08 INFO  manager.MyListener - Start search element by locator-->By.cssSelector: div input[type='checkbox']
18:35:08 INFO  manager.MyListener - Element with locator-->By.cssSelector: div input[type='checkbox'] was found
18:35:08 INFO  manager.MyListener - Start search element by locator-->By.cssSelector: form button[type='submit']
18:35:08 INFO  manager.MyListener - Element with locator-->By.cssSelector: form button[type='submit'] was found
18:35:08 INFO  manager.MyListener - Start search element by locator-->By.xpath: //*[text()='Wrong email format']
18:35:08 INFO  manager.MyListener - Element with locator-->By.xpath: //*[text()='Wrong email format'] was found
18:35:08 INFO  tests.TestBase - Ends test---> registrationNegativeMail
18:35:08 INFO  tests.TestBase - Starts test---> registrationNegativeMail
18:35:08 INFO  manager.MyListener - Start search element by locator-->By.xpath: //*[text()=' Logout ']
18:35:13 INFO  manager.MyListener - Element with locator-->By.xpath: //*[text()=' Logout '] was found
18:35:13 INFO  manager.MyListener - Start search element by locator-->By.xpath: //*[text()=' Sign up ']
18:35:13 INFO  manager.MyListener - Element with locator-->By.xpath: //*[text()=' Sign up '] was found
18:35:13 INFO  manager.MyListener - Start search element by locator-->By.xpath: //*[@id='name']
18:35:13 INFO  manager.MyListener - Element with locator-->By.xpath: //*[@id='name'] was found
18:35:13 INFO  manager.MyListener - Start search element by locator-->By.xpath: //*[@id='lastName']
18:35:13 INFO  manager.MyListener - Element with locator-->By.xpath: //*[@id='lastName'] was found
18:35:13 INFO  manager.MyListener - Start search element by locator-->By.cssSelector: div input#email
18:35:13 INFO  manager.MyListener - Element with locator-->By.cssSelector: div input#email was found
18:35:13 INFO  manager.MyListener - Start search element by locator-->By.cssSelector: div input#password
18:35:13 INFO  manager.MyListener - Element with locator-->By.cssSelector: div input#password was found
18:35:13 INFO  tests.TestBase - Registration with Email =  @l.com, and password = Zz12345$
18:35:13 INFO  manager.MyListener - Start search element by locator-->By.cssSelector: div input[type='checkbox']
18:35:13 INFO  manager.MyListener - Element with locator-->By.cssSelector: div input[type='checkbox'] was found
18:35:13 INFO  manager.MyListener - Start search element by locator-->By.cssSelector: form button[type='submit']
18:35:13 INFO  manager.MyListener - Element with locator-->By.cssSelector: form button[type='submit'] was found
18:35:13 INFO  manager.MyListener - Start search element by locator-->By.xpath: //*[text()='Wrong email format']
18:35:13 INFO  manager.MyListener - Element with locator-->By.xpath: //*[text()='Wrong email format'] was found
18:35:13 INFO  tests.TestBase - Ends test---> registrationNegativeMail
18:35:13 INFO  tests.TestBase - Starts test---> registrationPositive
18:35:13 INFO  manager.MyListener - Start search element by locator-->By.xpath: //*[text()=' Logout ']
18:35:18 INFO  manager.MyListener - Element with locator-->By.xpath: //*[text()=' Logout '] was found
18:35:18 INFO  manager.MyListener - Start search element by locator-->By.xpath: //*[text()=' Sign up ']
18:35:18 INFO  manager.MyListener - Element with locator-->By.xpath: //*[text()=' Sign up '] was found
18:35:18 INFO  manager.MyListener - Start search element by locator-->By.xpath: //*[@id='name']
18:35:19 INFO  manager.MyListener - Element with locator-->By.xpath: //*[@id='name'] was found
18:35:19 INFO  manager.MyListener - Start search element by locator-->By.xpath: //*[@id='lastName']
18:35:19 INFO  manager.MyListener - Element with locator-->By.xpath: //*[@id='lastName'] was found
18:35:19 INFO  manager.MyListener - Start search element by locator-->By.cssSelector: div input#email
18:35:19 INFO  manager.MyListener - Element with locator-->By.cssSelector: div input#email was found
18:35:19 INFO  manager.MyListener - Start search element by locator-->By.cssSelector: div input#password
18:35:19 INFO  manager.MyListener - Element with locator-->By.cssSelector: div input#password was found
18:35:19 INFO  tests.TestBase - Registration with details = Tom, Brown, user2113@gmail.com, and password = Asd2113d#%
18:35:19 INFO  manager.MyListener - Start search element by locator-->By.cssSelector: div input[type='checkbox']
18:35:19 INFO  manager.MyListener - Element with locator-->By.cssSelector: div input[type='checkbox'] was found
18:35:19 INFO  manager.MyListener - Start search element by locator-->By.cssSelector: form button[type='submit']
18:35:19 INFO  manager.MyListener - Element with locator-->By.cssSelector: form button[type='submit'] was found
18:35:19 INFO  manager.MyListener - Start search element by locator-->By.xpath: //*[@class='cdk-overlay-pane']
18:35:20 INFO  manager.MyListener - Element with locator-->By.xpath: //*[@class='cdk-overlay-pane'] was found
18:35:20 INFO  manager.MyListener - Start search element by locator-->By.xpath: //*[@class='cdk-overlay-pane']
18:35:20 INFO  manager.MyListener - Element with locator-->By.xpath: //*[@class='cdk-overlay-pane'] was found
Registered
You are logged in success
Ok
18:35:20 INFO  manager.MyListener - Start search element by locator-->By.xpath: //*[@class='cdk-overlay-pane']
18:35:20 INFO  manager.MyListener - Element with locator-->By.xpath: //*[@class='cdk-overlay-pane'] was found
18:35:20 INFO  tests.TestBase - Test finished Success
18:35:20 INFO  manager.MyListener - Start search element by locator-->By.xpath: //button[text()='Ok']
18:35:20 INFO  manager.MyListener - Element with locator-->By.xpath: //button[text()='Ok'] was found
18:35:20 INFO  tests.TestBase - Ends test---> registrationPositive
18:35:20 INFO  tests.TestBase - Starts test---> registrationPositive
18:35:20 INFO  manager.MyListener - Start search element by locator-->By.xpath: //*[text()=' Logout ']
18:35:20 INFO  manager.MyListener - Element with locator-->By.xpath: //*[text()=' Logout '] was found
18:35:20 INFO  manager.MyListener - Start search element by locator-->By.xpath: //*[text()=' Logout ']
18:35:20 INFO  manager.MyListener - Element with locator-->By.xpath: //*[text()=' Logout '] was found
18:35:20 INFO  manager.MyListener - Start search element by locator-->By.xpath: //*[text()=' Sign up ']
18:35:20 INFO  manager.MyListener - Element with locator-->By.xpath: //*[text()=' Sign up '] was found
18:35:20 INFO  manager.MyListener - Start search element by locator-->By.xpath: //*[@id='name']
18:35:20 INFO  manager.MyListener - Element with locator-->By.xpath: //*[@id='name'] was found
18:35:20 INFO  manager.MyListener - Start search element by locator-->By.xpath: //*[@id='lastName']
18:35:20 INFO  manager.MyListener - Element with locator-->By.xpath: //*[@id='lastName'] was found
18:35:20 INFO  manager.MyListener - Start search element by locator-->By.cssSelector: div input#email
18:35:20 INFO  manager.MyListener - Element with locator-->By.cssSelector: div input#email was found
18:35:20 INFO  manager.MyListener - Start search element by locator-->By.cssSelector: div input#password
18:35:20 INFO  manager.MyListener - Element with locator-->By.cssSelector: div input#password was found
18:35:20 INFO  tests.TestBase - Registration with details = Tommy, Bro, user21131@gmail.com, and password = Asd21131d#%
18:35:20 INFO  manager.MyListener - Start search element by locator-->By.cssSelector: div input[type='checkbox']
18:35:20 INFO  manager.MyListener - Element with locator-->By.cssSelector: div input[type='checkbox'] was found
18:35:20 INFO  manager.MyListener - Start search element by locator-->By.xpath: //*[@class='checkbox-label terms-label']
18:35:20 INFO  manager.MyListener - Element with locator-->By.xpath: //*[@class='checkbox-label terms-label'] was found
18:35:21 INFO  manager.MyListener - Start search element by locator-->By.cssSelector: form button[type='submit']
18:35:21 INFO  manager.MyListener - Element with locator-->By.cssSelector: form button[type='submit'] was found
18:35:21 INFO  manager.MyListener - Start search element by locator-->By.xpath: //*[@class='cdk-overlay-pane']
18:35:21 INFO  manager.MyListener - Element with locator-->By.xpath: //*[@class='cdk-overlay-pane'] was found
18:35:21 INFO  manager.MyListener - Start search element by locator-->By.xpath: //*[@class='cdk-overlay-pane']
18:35:21 INFO  manager.MyListener - Element with locator-->By.xpath: //*[@class='cdk-overlay-pane'] was found
Registered
You are logged in success
Ok
18:35:21 INFO  manager.MyListener - Start search element by locator-->By.xpath: //*[@class='cdk-overlay-pane']
18:35:21 INFO  manager.MyListener - Element with locator-->By.xpath: //*[@class='cdk-overlay-pane'] was found
18:35:21 INFO  tests.TestBase - Test finished Success
18:35:21 INFO  manager.MyListener - Start search element by locator-->By.xpath: //button[text()='Ok']
18:35:21 INFO  manager.MyListener - Element with locator-->By.xpath: //button[text()='Ok'] was found
18:35:21 INFO  tests.TestBase - Ends test---> registrationPositive
18:35:21 INFO  tests.TestBase - Starts test---> registrationPositive
18:35:21 INFO  manager.MyListener - Start search element by locator-->By.xpath: //*[text()=' Logout ']
18:35:21 INFO  manager.MyListener - Element with locator-->By.xpath: //*[text()=' Logout '] was found
18:35:21 INFO  manager.MyListener - Start search element by locator-->By.xpath: //*[text()=' Logout ']
18:35:21 INFO  manager.MyListener - Element with locator-->By.xpath: //*[text()=' Logout '] was found
18:35:21 INFO  manager.MyListener - Start search element by locator-->By.xpath: //*[text()=' Sign up ']
18:35:21 INFO  manager.MyListener - Element with locator-->By.xpath: //*[text()=' Sign up '] was found
18:35:22 INFO  manager.MyListener - Start search element by locator-->By.xpath: //*[@id='name']
18:35:22 INFO  manager.MyListener - Element with locator-->By.xpath: //*[@id='name'] was found
18:35:22 INFO  manager.MyListener - Start search element by locator-->By.xpath: //*[@id='lastName']
18:35:22 INFO  manager.MyListener - Element with locator-->By.xpath: //*[@id='lastName'] was found
18:35:22 INFO  manager.MyListener - Start search element by locator-->By.cssSelector: div input#email
18:35:22 INFO  manager.MyListener - Element with locator-->By.cssSelector: div input#email was found
18:35:22 INFO  manager.MyListener - Start search element by locator-->By.cssSelector: div input#password
18:35:22 INFO  manager.MyListener - Element with locator-->By.cssSelector: div input#password was found
18:35:22 INFO  tests.TestBase - Registration with details = Toms, Bros, user21132@gmail.com, and password = Asd21132d#%
18:35:22 INFO  manager.MyListener - Start search element by locator-->By.cssSelector: div input[type='checkbox']
18:35:22 INFO  manager.MyListener - Element with locator-->By.cssSelector: div input[type='checkbox'] was found
18:35:22 INFO  manager.MyListener - Start search element by locator-->By.xpath: //*[@class='checkbox-label terms-label']
18:35:22 INFO  manager.MyListener - Element with locator-->By.xpath: //*[@class='checkbox-label terms-label'] was found
18:35:22 INFO  manager.MyListener - Start search element by locator-->By.cssSelector: form button[type='submit']
18:35:22 INFO  manager.MyListener - Element with locator-->By.cssSelector: form button[type='submit'] was found
18:35:23 INFO  manager.MyListener - Start search element by locator-->By.xpath: //*[@class='cdk-overlay-pane']
18:35:23 INFO  manager.MyListener - Element with locator-->By.xpath: //*[@class='cdk-overlay-pane'] was found
18:35:23 INFO  manager.MyListener - Start search element by locator-->By.xpath: //*[@class='cdk-overlay-pane']
18:35:23 INFO  manager.MyListener - Element with locator-->By.xpath: //*[@class='cdk-overlay-pane'] was found
Registered
You are logged in success
Ok
18:35:23 INFO  manager.MyListener - Start search element by locator-->By.xpath: //*[@class='cdk-overlay-pane']
18:35:23 INFO  manager.MyListener - Element with locator-->By.xpath: //*[@class='cdk-overlay-pane'] was found
18:35:23 INFO  tests.TestBase - Test finished Success
18:35:23 INFO  manager.MyListener - Start search element by locator-->By.xpath: //button[text()='Ok']
18:35:23 INFO  manager.MyListener - Element with locator-->By.xpath: //button[text()='Ok'] was found
18:35:23 INFO  tests.TestBase - Ends test---> registrationPositive
18:35:23 INFO  tests.TestBase - Starts test---> registrationPositive
18:35:23 INFO  manager.MyListener - Start search element by locator-->By.xpath: //*[text()=' Logout ']
18:35:23 INFO  manager.MyListener - Element with locator-->By.xpath: //*[text()=' Logout '] was found
18:35:23 INFO  manager.MyListener - Start search element by locator-->By.xpath: //*[text()=' Logout ']
18:35:23 INFO  manager.MyListener - Element with locator-->By.xpath: //*[text()=' Logout '] was found
18:35:23 INFO  manager.MyListener - Start search element by locator-->By.xpath: //*[text()=' Sign up ']
18:35:23 INFO  manager.MyListener - Element with locator-->By.xpath: //*[text()=' Sign up '] was found
18:35:23 INFO  manager.MyListener - Start search element by locator-->By.xpath: //*[@id='name']
18:35:23 INFO  manager.MyListener - Element with locator-->By.xpath: //*[@id='name'] was found
18:35:23 INFO  manager.MyListener - Start search element by locator-->By.xpath: //*[@id='lastName']
18:35:23 INFO  manager.MyListener - Element with locator-->By.xpath: //*[@id='lastName'] was found
18:35:23 INFO  manager.MyListener - Start search element by locator-->By.cssSelector: div input#email
18:35:23 INFO  manager.MyListener - Element with locator-->By.cssSelector: div input#email was found
18:35:24 INFO  manager.MyListener - Start search element by locator-->By.cssSelector: div input#password
18:35:24 INFO  manager.MyListener - Element with locator-->By.cssSelector: div input#password was found
18:35:24 INFO  tests.TestBase - Registration with details = Tomer, Broch, user21133@gmail.com, and password = Asd21134d#%
18:35:24 INFO  manager.MyListener - Start search element by locator-->By.cssSelector: div input[type='checkbox']
18:35:24 INFO  manager.MyListener - Element with locator-->By.cssSelector: div input[type='checkbox'] was found
18:35:24 INFO  manager.MyListener - Start search element by locator-->By.xpath: //*[@class='checkbox-label terms-label']
18:35:24 INFO  manager.MyListener - Element with locator-->By.xpath: //*[@class='checkbox-label terms-label'] was found
18:35:24 INFO  manager.MyListener - Start search element by locator-->By.cssSelector: form button[type='submit']
18:35:24 INFO  manager.MyListener - Element with locator-->By.cssSelector: form button[type='submit'] was found
18:35:24 INFO  manager.MyListener - Start search element by locator-->By.xpath: //*[@class='cdk-overlay-pane']
18:35:25 INFO  manager.MyListener - Element with locator-->By.xpath: //*[@class='cdk-overlay-pane'] was found
18:35:25 INFO  manager.MyListener - Start search element by locator-->By.xpath: //*[@class='cdk-overlay-pane']
18:35:25 INFO  manager.MyListener - Element with locator-->By.xpath: //*[@class='cdk-overlay-pane'] was found
Registered
You are logged in success
Ok
18:35:25 INFO  manager.MyListener - Start search element by locator-->By.xpath: //*[@class='cdk-overlay-pane']
18:35:25 INFO  manager.MyListener - Element with locator-->By.xpath: //*[@class='cdk-overlay-pane'] was found
18:35:25 INFO  tests.TestBase - Test finished Success
18:35:25 INFO  manager.MyListener - Start search element by locator-->By.xpath: //button[text()='Ok']
18:35:25 INFO  manager.MyListener - Element with locator-->By.xpath: //button[text()='Ok'] was found
18:35:25 INFO  tests.TestBase - Ends test---> registrationPositive
18:35:25 INFO  tests.TestBase - Starts test---> registrationPositive
18:35:25 INFO  manager.MyListener - Start search element by locator-->By.xpath: //*[text()=' Logout ']
18:35:25 INFO  manager.MyListener - Element with locator-->By.xpath: //*[text()=' Logout '] was found
18:35:25 INFO  manager.MyListener - Start search element by locator-->By.xpath: //*[text()=' Logout ']
18:35:25 INFO  manager.MyListener - Element with locator-->By.xpath: //*[text()=' Logout '] was found
18:35:25 INFO  manager.MyListener - Start search element by locator-->By.xpath: //*[text()=' Sign up ']
18:35:25 INFO  manager.MyListener - Element with locator-->By.xpath: //*[text()=' Sign up '] was found
18:35:25 INFO  manager.MyListener - Start search element by locator-->By.xpath: //*[@id='name']
18:35:25 INFO  manager.MyListener - Element with locator-->By.xpath: //*[@id='name'] was found
18:35:25 INFO  manager.MyListener - Start search element by locator-->By.xpath: //*[@id='lastName']
18:35:25 INFO  manager.MyListener - Element with locator-->By.xpath: //*[@id='lastName'] was found
18:35:25 INFO  manager.MyListener - Start search element by locator-->By.cssSelector: div input#email
18:35:25 INFO  manager.MyListener - Element with locator-->By.cssSelector: div input#email was found
18:35:25 INFO  manager.MyListener - Start search element by locator-->By.cssSelector: div input#password
18:35:25 INFO  manager.MyListener - Element with locator-->By.cssSelector: div input#password was found
18:35:25 INFO  tests.TestBase - Registration with details = Toma, Bred, user21134@gmail.com, and password = Asd21134d#%
18:35:25 INFO  manager.MyListener - Start search element by locator-->By.cssSelector: div input[type='checkbox']
18:35:25 INFO  manager.MyListener - Element with locator-->By.cssSelector: div input[type='checkbox'] was found
18:35:25 INFO  manager.MyListener - Start search element by locator-->By.xpath: //*[@class='checkbox-label terms-label']
18:35:25 INFO  manager.MyListener - Element with locator-->By.xpath: //*[@class='checkbox-label terms-label'] was found
18:35:26 INFO  manager.MyListener - Start search element by locator-->By.cssSelector: form button[type='submit']
18:35:26 INFO  manager.MyListener - Element with locator-->By.cssSelector: form button[type='submit'] was found
18:35:26 INFO  manager.MyListener - Start search element by locator-->By.xpath: //*[@class='cdk-overlay-pane']
18:35:26 INFO  manager.MyListener - Element with locator-->By.xpath: //*[@class='cdk-overlay-pane'] was found
18:35:26 INFO  manager.MyListener - Start search element by locator-->By.xpath: //*[@class='cdk-overlay-pane']
18:35:26 INFO  manager.MyListener - Element with locator-->By.xpath: //*[@class='cdk-overlay-pane'] was found
Registered
You are logged in success
Ok
18:35:26 INFO  manager.MyListener - Start search element by locator-->By.xpath: //*[@class='cdk-overlay-pane']
18:35:26 INFO  manager.MyListener - Element with locator-->By.xpath: //*[@class='cdk-overlay-pane'] was found
18:35:26 INFO  tests.TestBase - Test finished Success
18:35:26 INFO  manager.MyListener - Start search element by locator-->By.xpath: //button[text()='Ok']
18:35:26 INFO  manager.MyListener - Element with locator-->By.xpath: //button[text()='Ok'] was found
18:35:26 INFO  tests.TestBase - Ends test---> registrationPositive
]]></system-out>
  <system-err><![CDATA[]]></system-err>
</testsuite>
