<?xml version="1.0" encoding="UTF-8"?>
<testsuite name="tests.CarSearch" tests="2" skipped="0" failures="0" errors="0" timestamp="2022-06-17T15:35:26" hostname="ARTEMKA" time="7.811">
  <properties/>
  <testcase name="fillSearchFormFutureYears" classname="tests.CarSearch" time="2.834"/>
  <testcase name="searchPeriodInFuture" classname="tests.CarSearch" time="2.502"/>
  <system-out><![CDATA[18:35:26 INFO  tests.TestBase - Starts test---> fillSearchFormFutureYears
18:35:26 INFO  tests.TestBase - rent details:-->Paris, from 25 Nov 2022 till 05 March 2023
18:35:26 INFO  manager.MyListener - Start search element by locator-->By.id: city
18:35:26 INFO  manager.MyListener - Element with locator-->By.id: city was found
18:35:27 INFO  manager.MyListener - Start search element by locator-->By.cssSelector: div.pac-item
18:35:27 INFO  manager.MyListener - Element with locator-->By.cssSelector: div.pac-item was found
18:35:28 INFO  manager.MyListener - Start search element by locator-->By.id: dates
18:35:28 INFO  manager.MyListener - Element with locator-->By.id: dates was found
18:35:28 INFO  manager.MyListener - Start search element by locator-->By.id: dates
18:35:28 INFO  manager.MyListener - Element with locator-->By.id: dates was found
18:35:28 INFO  manager.MyListener - Start search element by locator-->By.xpath: //button[@aria-label='Next month']
18:35:28 INFO  manager.MyListener - Element with locator-->By.xpath: //button[@aria-label='Next month'] was found
18:35:28 INFO  manager.MyListener - Start search element by locator-->By.xpath: //button[@aria-label='Next month']
18:35:28 INFO  manager.MyListener - Element with locator-->By.xpath: //button[@aria-label='Next month'] was found
18:35:28 INFO  manager.MyListener - Start search element by locator-->By.xpath: //button[@aria-label='Next month']
18:35:28 INFO  manager.MyListener - Element with locator-->By.xpath: //button[@aria-label='Next month'] was found
18:35:29 INFO  manager.MyListener - Start search element by locator-->By.xpath: //button[@aria-label='Next month']
18:35:29 INFO  manager.MyListener - Element with locator-->By.xpath: //button[@aria-label='Next month'] was found
18:35:29 INFO  manager.MyListener - Start search element by locator-->By.xpath: //button[@aria-label='Next month']
18:35:29 INFO  manager.MyListener - Element with locator-->By.xpath: //button[@aria-label='Next month'] was found
18:35:29 INFO  manager.MyListener - Start search element by locator-->By.xpath: //div[text()=' 25 ']
18:35:29 INFO  manager.MyListener - Element with locator-->By.xpath: //div[text()=' 25 '] was found
18:35:29 INFO  manager.MyListener - Start search element by locator-->By.xpath: //button[@aria-label='Next month']
18:35:29 INFO  manager.MyListener - Element with locator-->By.xpath: //button[@aria-label='Next month'] was found
18:35:29 INFO  manager.MyListener - Start search element by locator-->By.xpath: //button[@aria-label='Next month']
18:35:29 INFO  manager.MyListener - Element with locator-->By.xpath: //button[@aria-label='Next month'] was found
18:35:29 INFO  manager.MyListener - Start search element by locator-->By.xpath: //button[@aria-label='Next month']
18:35:29 INFO  manager.MyListener - Element with locator-->By.xpath: //button[@aria-label='Next month'] was found
18:35:29 INFO  manager.MyListener - Start search element by locator-->By.xpath: //button[@aria-label='Next month']
18:35:29 INFO  manager.MyListener - Element with locator-->By.xpath: //button[@aria-label='Next month'] was found
18:35:29 INFO  manager.MyListener - Start search element by locator-->By.xpath: //div[text()=' 5 ']
18:35:29 INFO  manager.MyListener - Element with locator-->By.xpath: //div[text()=' 5 '] was found
18:35:29 INFO  manager.MyListener - Start search element by locator-->By.cssSelector: form button[type='submit']
18:35:29 INFO  manager.MyListener - Element with locator-->By.cssSelector: form button[type='submit'] was found
18:35:29 INFO  manager.MyListener - Start search element by locator-->By.cssSelector: div.search-results
18:35:29 INFO  manager.MyListener - Element with locator-->By.cssSelector: div.search-results was found
18:35:29 INFO  tests.TestBase - Test finished Success
18:35:29 INFO  manager.MyListener - Start search element by locator-->By.xpath: //*[@alt='logo']
18:35:29 INFO  manager.MyListener - Element with locator-->By.xpath: //*[@alt='logo'] was found
18:35:30 INFO  manager.MyListener - Start search element by locator-->By.id: dates
18:35:30 INFO  manager.MyListener - Element with locator-->By.id: dates was found
18:35:32 INFO  tests.TestBase - Ends test---> fillSearchFormFutureYears
18:35:32 INFO  tests.TestBase - Starts test---> searchPeriodInFuture
18:35:32 INFO  tests.TestBase - rent details:-->Moscow, from 25 Oct 2022 till 28 Nov 2022
18:35:32 INFO  manager.MyListener - Start search element by locator-->By.id: city
18:35:32 INFO  manager.MyListener - Element with locator-->By.id: city was found
18:35:32 INFO  manager.MyListener - Start search element by locator-->By.cssSelector: div.pac-item
18:35:32 INFO  manager.MyListener - Element with locator-->By.cssSelector: div.pac-item was found
18:35:33 INFO  manager.MyListener - Start search element by locator-->By.id: dates
18:35:33 INFO  manager.MyListener - Element with locator-->By.id: dates was found
18:35:33 INFO  manager.MyListener - Start search element by locator-->By.id: dates
18:35:33 INFO  manager.MyListener - Element with locator-->By.id: dates was found
18:35:33 INFO  manager.MyListener - Start search element by locator-->By.xpath: //button[@aria-label='Next month']
18:35:34 INFO  manager.MyListener - Element with locator-->By.xpath: //button[@aria-label='Next month'] was found
18:35:34 INFO  manager.MyListener - Start search element by locator-->By.xpath: //button[@aria-label='Next month']
18:35:34 INFO  manager.MyListener - Element with locator-->By.xpath: //button[@aria-label='Next month'] was found
18:35:34 INFO  manager.MyListener - Start search element by locator-->By.xpath: //button[@aria-label='Next month']
18:35:34 INFO  manager.MyListener - Element with locator-->By.xpath: //button[@aria-label='Next month'] was found
18:35:34 INFO  manager.MyListener - Start search element by locator-->By.xpath: //button[@aria-label='Next month']
18:35:34 INFO  manager.MyListener - Element with locator-->By.xpath: //button[@aria-label='Next month'] was found
18:35:34 INFO  manager.MyListener - Start search element by locator-->By.xpath: //div[text()=' 25 ']
18:35:34 INFO  manager.MyListener - Element with locator-->By.xpath: //div[text()=' 25 '] was found
18:35:34 INFO  manager.MyListener - Start search element by locator-->By.xpath: //button[@aria-label='Next month']
18:35:34 INFO  manager.MyListener - Element with locator-->By.xpath: //button[@aria-label='Next month'] was found
18:35:34 INFO  manager.MyListener - Start search element by locator-->By.xpath: //div[text()=' 28 ']
18:35:34 INFO  manager.MyListener - Element with locator-->By.xpath: //div[text()=' 28 '] was found
18:35:34 INFO  manager.MyListener - Start search element by locator-->By.cssSelector: form button[type='submit']
18:35:34 INFO  manager.MyListener - Element with locator-->By.cssSelector: form button[type='submit'] was found
18:35:34 INFO  manager.MyListener - Start search element by locator-->By.cssSelector: div.search-results
18:35:34 INFO  manager.MyListener - Element with locator-->By.cssSelector: div.search-results was found
18:35:34 INFO  tests.TestBase - Test finished Success
18:35:34 INFO  manager.MyListener - Start search element by locator-->By.xpath: //*[@alt='logo']
18:35:34 INFO  manager.MyListener - Element with locator-->By.xpath: //*[@alt='logo'] was found
18:35:34 INFO  manager.MyListener - Start search element by locator-->By.id: dates
18:35:34 INFO  manager.MyListener - Element with locator-->By.id: dates was found
18:35:36 INFO  tests.TestBase - Ends test---> searchPeriodInFuture
]]></system-out>
  <system-err><![CDATA[]]></system-err>
</testsuite>
