<?xml version="1.0" encoding="UTF-8"?>
<testsuite name="tests.CarSearch" tests="5" skipped="0" failures="2" errors="0" timestamp="2022-06-01T14:26:29" hostname="DESKTOP-KF54E9L" time="30.376">
  <properties/>
  <testcase name="fillSearchFormFutureYears" classname="tests.CarSearch" time="7.342"/>
  <testcase name="searchPeriodCurrentMonth" classname="tests.CarSearch" time="5.816"/>
  <testcase name="searchPeriodInFuture" classname="tests.CarSearch" time="5.066"/>
  <testcase name="searchPeriodInFutureLocalData" classname="tests.CarSearch" time="6.951">
    <failure message="org.openqa.selenium.ElementClickInterceptedException: element click intercepted: Element &lt;button _ngcontent-yet-c72=&quot;&quot; type=&quot;submit&quot;&gt;...&lt;/button&gt; is not clickable at point (229, 388). Other element would receive the click: &lt;button mat-button=&quot;&quot; type=&quot;button&quot; cdkarialive=&quot;polite&quot; class=&quot;mat-focus-indicator mat-calendar-period-button mat-button mat-button-base&quot; aria-label=&quot;Choose month and year&quot;&gt;...&lt;/button&gt;&#10;  (Session info: chrome=101.0.4951.67)&#10;Build info: version: '3.141.59', revision: 'e82be7d358', time: '2018-11-14T08:17:03'&#10;System info: host: 'DESKTOP-KF54E9L', ip: '192.168.42.124', os.name: 'Windows 10', os.arch: 'amd64', os.version: '10.0', java.version: '1.8.0_321'&#10;Driver info: org.openqa.selenium.chrome.ChromeDriver&#10;Capabilities {acceptInsecureCerts: false, browserName: chrome, browserVersion: 101.0.4951.67, chrome: {chromedriverVersion: 101.0.4951.41 (93c720db8323..., userDataDir: C:\Users\Olga\AppData\Local...}, goog:chromeOptions: {debuggerAddress: localhost:64514}, javascriptEnabled: true, networkConnectionEnabled: false, pageLoadStrategy: normal, platform: WINDOWS, platformName: WINDOWS, proxy: Proxy(), setWindowRect: true, strictFileInteractability: false, timeouts: {implicit: 0, pageLoad: 300000, script: 30000}, unhandledPromptBehavior: dismiss and notify, webauthn:extension:credBlob: true, webauthn:extension:largeBlob: true, webauthn:virtualAuthenticators: true}&#10;Session ID: b30ed99bd683b1ec073e7a0219c5a2e8" type="org.openqa.selenium.ElementClickInterceptedException">org.openqa.selenium.ElementClickInterceptedException: element click intercepted: Element &lt;button _ngcontent-yet-c72=&quot;&quot; type=&quot;submit&quot;&gt;...&lt;/button&gt; is not clickable at point (229, 388). Other element would receive the click: &lt;button mat-button=&quot;&quot; type=&quot;button&quot; cdkarialive=&quot;polite&quot; class=&quot;mat-focus-indicator mat-calendar-period-button mat-button mat-button-base&quot; aria-label=&quot;Choose month and year&quot;&gt;...&lt;/button&gt;
  (Session info: chrome=101.0.4951.67)
Build info: version: '3.141.59', revision: 'e82be7d358', time: '2018-11-14T08:17:03'
System info: host: 'DESKTOP-KF54E9L', ip: '192.168.42.124', os.name: 'Windows 10', os.arch: 'amd64', os.version: '10.0', java.version: '1.8.0_321'
Driver info: org.openqa.selenium.chrome.ChromeDriver
Capabilities {acceptInsecureCerts: false, browserName: chrome, browserVersion: 101.0.4951.67, chrome: {chromedriverVersion: 101.0.4951.41 (93c720db8323..., userDataDir: C:\Users\Olga\AppData\Local...}, goog:chromeOptions: {debuggerAddress: localhost:64514}, javascriptEnabled: true, networkConnectionEnabled: false, pageLoadStrategy: normal, platform: WINDOWS, platformName: WINDOWS, proxy: Proxy(), setWindowRect: true, strictFileInteractability: false, timeouts: {implicit: 0, pageLoad: 300000, script: 30000}, unhandledPromptBehavior: dismiss and notify, webauthn:extension:credBlob: true, webauthn:extension:largeBlob: true, webauthn:virtualAuthenticators: true}
Session ID: b30ed99bd683b1ec073e7a0219c5a2e8
	at manager.MyListener.onException(MyListener.java:39)
	at sun.reflect.NativeMethodAccessorImpl.invoke0(Native Method)
	at sun.reflect.NativeMethodAccessorImpl.invoke(NativeMethodAccessorImpl.java:62)
	at sun.reflect.DelegatingMethodAccessorImpl.invoke(DelegatingMethodAccessorImpl.java:43)
	at java.lang.reflect.Method.invoke(Method.java:498)
	at org.openqa.selenium.support.events.EventFiringWebDriver.lambda$new$0(EventFiringWebDriver.java:84)
	at com.sun.proxy.$Proxy10.onException(Unknown Source)
	at org.openqa.selenium.support.events.EventFiringWebDriver$EventFiringWebElement.lambda$new$0(EventFiringWebDriver.java:406)
	at com.sun.proxy.$Proxy12.click(Unknown Source)
	at org.openqa.selenium.support.events.EventFiringWebDriver$EventFiringWebElement.click(EventFiringWebDriver.java:417)
	at manager.HelperBase.click(HelperBase.java:20)
	at manager.HelperBase.submitYalla(HelperBase.java:36)
	at tests.CarSearch.searchPeriodInFutureLocalData(CarSearch.java:34)
	at sun.reflect.NativeMethodAccessorImpl.invoke0(Native Method)
	at sun.reflect.NativeMethodAccessorImpl.invoke(NativeMethodAccessorImpl.java:62)
	at sun.reflect.DelegatingMethodAccessorImpl.invoke(DelegatingMethodAccessorImpl.java:43)
	at java.lang.reflect.Method.invoke(Method.java:498)
	at org.testng.internal.MethodInvocationHelper.invokeMethod(MethodInvocationHelper.java:133)
	at org.testng.internal.TestInvoker.invokeMethod(TestInvoker.java:598)
	at org.testng.internal.TestInvoker.invokeTestMethod(TestInvoker.java:173)
	at org.testng.internal.MethodRunner.runInSequence(MethodRunner.java:46)
	at org.testng.internal.TestInvoker$MethodInvocationAgent.invoke(TestInvoker.java:824)
	at org.testng.internal.TestInvoker.invokeTestMethods(TestInvoker.java:146)
	at org.testng.internal.TestMethodWorker.invokeTestMethods(TestMethodWorker.java:146)
	at org.testng.internal.TestMethodWorker.run(TestMethodWorker.java:128)
	at java.util.ArrayList.forEach(ArrayList.java:1259)
	at org.testng.TestRunner.privateRun(TestRunner.java:794)
	at org.testng.TestRunner.run(TestRunner.java:596)
	at org.testng.SuiteRunner.runTest(SuiteRunner.java:377)
	at org.testng.SuiteRunner.runSequentially(SuiteRunner.java:371)
	at org.testng.SuiteRunner.privateRun(SuiteRunner.java:332)
	at org.testng.SuiteRunner.run(SuiteRunner.java:276)
	at org.testng.SuiteRunnerWorker.runSuite(SuiteRunnerWorker.java:53)
	at org.testng.SuiteRunnerWorker.run(SuiteRunnerWorker.java:96)
	at org.testng.TestNG.runSuitesSequentially(TestNG.java:1212)
	at org.testng.TestNG.runSuitesLocally(TestNG.java:1134)
	at org.testng.TestNG.runSuites(TestNG.java:1063)
	at org.testng.TestNG.run(TestNG.java:1031)
	at org.gradle.api.internal.tasks.testing.testng.TestNGTestClassProcessor.runTests(TestNGTestClassProcessor.java:141)
	at org.gradle.api.internal.tasks.testing.testng.TestNGTestClassProcessor.stop(TestNGTestClassProcessor.java:90)
	at org.gradle.api.internal.tasks.testing.SuiteTestClassProcessor.stop(SuiteTestClassProcessor.java:61)
	at sun.reflect.NativeMethodAccessorImpl.invoke0(Native Method)
	at sun.reflect.NativeMethodAccessorImpl.invoke(NativeMethodAccessorImpl.java:62)
	at sun.reflect.DelegatingMethodAccessorImpl.invoke(DelegatingMethodAccessorImpl.java:43)
	at java.lang.reflect.Method.invoke(Method.java:498)
	at org.gradle.internal.dispatch.ReflectionDispatch.dispatch(ReflectionDispatch.java:36)
	at org.gradle.internal.dispatch.ReflectionDispatch.dispatch(ReflectionDispatch.java:24)
	at org.gradle.internal.dispatch.ContextClassLoaderDispatch.dispatch(ContextClassLoaderDispatch.java:33)
	at org.gradle.internal.dispatch.ProxyDispatchAdapter$DispatchingInvocationHandler.invoke(ProxyDispatchAdapter.java:94)
	at com.sun.proxy.$Proxy2.stop(Unknown Source)
	at org.gradle.api.internal.tasks.testing.worker.TestWorker$3.run(TestWorker.java:193)
	at org.gradle.api.internal.tasks.testing.worker.TestWorker.executeAndMaintainThreadName(TestWorker.java:129)
	at org.gradle.api.internal.tasks.testing.worker.TestWorker.execute(TestWorker.java:100)
	at org.gradle.api.internal.tasks.testing.worker.TestWorker.execute(TestWorker.java:60)
	at org.gradle.process.internal.worker.child.ActionExecutionWorker.execute(ActionExecutionWorker.java:56)
	at org.gradle.process.internal.worker.child.SystemApplicationClassLoaderWorker.call(SystemApplicationClassLoaderWorker.java:133)
	at org.gradle.process.internal.worker.child.SystemApplicationClassLoaderWorker.call(SystemApplicationClassLoaderWorker.java:71)
	at worker.org.gradle.process.internal.worker.GradleWorkerMain.run(GradleWorkerMain.java:69)
	at worker.org.gradle.process.internal.worker.GradleWorkerMain.main(GradleWorkerMain.java:74)
</failure>
  </testcase>
  <testcase name="returnToMainPage" classname="tests.CarSearch" time="2.035">
    <failure message="org.openqa.selenium.ElementClickInterceptedException: element click intercepted: Element &lt;img _ngcontent-yet-c25=&quot;&quot; alt=&quot;logo&quot; src=&quot;../../../assets/images/navigator/logo.svg&quot;&gt; is not clickable at point (252, 32). Other element would receive the click: &lt;td role=&quot;gridcell&quot; class=&quot;mat-calendar-body-cell mat-calendar-body-disabled ng-star-inserted&quot; tabindex=&quot;-1&quot; aria-label=&quot;June 27, 2023&quot; aria-disabled=&quot;true&quot; aria-selected=&quot;false&quot; style=&quot;width: 14.2857%; padding-top: 7.14286%; padding-bottom: 7.14286%;&quot;&gt;...&lt;/td&gt;&#10;  (Session info: chrome=101.0.4951.67)&#10;Build info: version: '3.141.59', revision: 'e82be7d358', time: '2018-11-14T08:17:03'&#10;System info: host: 'DESKTOP-KF54E9L', ip: '192.168.42.124', os.name: 'Windows 10', os.arch: 'amd64', os.version: '10.0', java.version: '1.8.0_321'&#10;Driver info: org.openqa.selenium.chrome.ChromeDriver&#10;Capabilities {acceptInsecureCerts: false, browserName: chrome, browserVersion: 101.0.4951.67, chrome: {chromedriverVersion: 101.0.4951.41 (93c720db8323..., userDataDir: C:\Users\Olga\AppData\Local...}, goog:chromeOptions: {debuggerAddress: localhost:64514}, javascriptEnabled: true, networkConnectionEnabled: false, pageLoadStrategy: normal, platform: WINDOWS, platformName: WINDOWS, proxy: Proxy(), setWindowRect: true, strictFileInteractability: false, timeouts: {implicit: 0, pageLoad: 300000, script: 30000}, unhandledPromptBehavior: dismiss and notify, webauthn:extension:credBlob: true, webauthn:extension:largeBlob: true, webauthn:virtualAuthenticators: true}&#10;Session ID: b30ed99bd683b1ec073e7a0219c5a2e8" type="org.openqa.selenium.ElementClickInterceptedException">org.openqa.selenium.ElementClickInterceptedException: element click intercepted: Element &lt;img _ngcontent-yet-c25=&quot;&quot; alt=&quot;logo&quot; src=&quot;../../../assets/images/navigator/logo.svg&quot;&gt; is not clickable at point (252, 32). Other element would receive the click: &lt;td role=&quot;gridcell&quot; class=&quot;mat-calendar-body-cell mat-calendar-body-disabled ng-star-inserted&quot; tabindex=&quot;-1&quot; aria-label=&quot;June 27, 2023&quot; aria-disabled=&quot;true&quot; aria-selected=&quot;false&quot; style=&quot;width: 14.2857%; padding-top: 7.14286%; padding-bottom: 7.14286%;&quot;&gt;...&lt;/td&gt;
  (Session info: chrome=101.0.4951.67)
Build info: version: '3.141.59', revision: 'e82be7d358', time: '2018-11-14T08:17:03'
System info: host: 'DESKTOP-KF54E9L', ip: '192.168.42.124', os.name: 'Windows 10', os.arch: 'amd64', os.version: '10.0', java.version: '1.8.0_321'
Driver info: org.openqa.selenium.chrome.ChromeDriver
Capabilities {acceptInsecureCerts: false, browserName: chrome, browserVersion: 101.0.4951.67, chrome: {chromedriverVersion: 101.0.4951.41 (93c720db8323..., userDataDir: C:\Users\Olga\AppData\Local...}, goog:chromeOptions: {debuggerAddress: localhost:64514}, javascriptEnabled: true, networkConnectionEnabled: false, pageLoadStrategy: normal, platform: WINDOWS, platformName: WINDOWS, proxy: Proxy(), setWindowRect: true, strictFileInteractability: false, timeouts: {implicit: 0, pageLoad: 300000, script: 30000}, unhandledPromptBehavior: dismiss and notify, webauthn:extension:credBlob: true, webauthn:extension:largeBlob: true, webauthn:virtualAuthenticators: true}
Session ID: b30ed99bd683b1ec073e7a0219c5a2e8
	at manager.MyListener.onException(MyListener.java:39)
	at sun.reflect.NativeMethodAccessorImpl.invoke0(Native Method)
	at sun.reflect.NativeMethodAccessorImpl.invoke(NativeMethodAccessorImpl.java:62)
	at sun.reflect.DelegatingMethodAccessorImpl.invoke(DelegatingMethodAccessorImpl.java:43)
	at java.lang.reflect.Method.invoke(Method.java:498)
	at org.openqa.selenium.support.events.EventFiringWebDriver.lambda$new$0(EventFiringWebDriver.java:84)
	at com.sun.proxy.$Proxy10.onException(Unknown Source)
	at org.openqa.selenium.support.events.EventFiringWebDriver$EventFiringWebElement.lambda$new$0(EventFiringWebDriver.java:406)
	at com.sun.proxy.$Proxy12.click(Unknown Source)
	at org.openqa.selenium.support.events.EventFiringWebDriver$EventFiringWebElement.click(EventFiringWebDriver.java:417)
	at manager.HelperBase.click(HelperBase.java:20)
	at manager.HelperBase.returnMainPage(HelperBase.java:73)
	at tests.CarSearch.returnToMainPage(CarSearch.java:54)
	at sun.reflect.NativeMethodAccessorImpl.invoke0(Native Method)
	at sun.reflect.NativeMethodAccessorImpl.invoke(NativeMethodAccessorImpl.java:62)
	at sun.reflect.DelegatingMethodAccessorImpl.invoke(DelegatingMethodAccessorImpl.java:43)
	at java.lang.reflect.Method.invoke(Method.java:498)
	at org.testng.internal.MethodInvocationHelper.invokeMethod(MethodInvocationHelper.java:133)
	at org.testng.internal.MethodInvocationHelper.invokeMethodConsideringTimeout(MethodInvocationHelper.java:62)
	at org.testng.internal.ConfigInvoker.invokeConfigurationMethod(ConfigInvoker.java:385)
	at org.testng.internal.ConfigInvoker.invokeConfigurations(ConfigInvoker.java:321)
	at org.testng.internal.TestInvoker.runConfigMethods(TestInvoker.java:700)
	at org.testng.internal.TestInvoker.runAfterGroupsConfigurations(TestInvoker.java:676)
	at org.testng.internal.TestInvoker.invokeMethod(TestInvoker.java:660)
	at org.testng.internal.TestInvoker.invokeTestMethod(TestInvoker.java:173)
	at org.testng.internal.MethodRunner.runInSequence(MethodRunner.java:46)
	at org.testng.internal.TestInvoker$MethodInvocationAgent.invoke(TestInvoker.java:824)
	at org.testng.internal.TestInvoker.invokeTestMethods(TestInvoker.java:146)
	at org.testng.internal.TestMethodWorker.invokeTestMethods(TestMethodWorker.java:146)
	at org.testng.internal.TestMethodWorker.run(TestMethodWorker.java:128)
	at java.util.ArrayList.forEach(ArrayList.java:1259)
	at org.testng.TestRunner.privateRun(TestRunner.java:794)
	at org.testng.TestRunner.run(TestRunner.java:596)
	at org.testng.SuiteRunner.runTest(SuiteRunner.java:377)
	at org.testng.SuiteRunner.runSequentially(SuiteRunner.java:371)
	at org.testng.SuiteRunner.privateRun(SuiteRunner.java:332)
	at org.testng.SuiteRunner.run(SuiteRunner.java:276)
	at org.testng.SuiteRunnerWorker.runSuite(SuiteRunnerWorker.java:53)
	at org.testng.SuiteRunnerWorker.run(SuiteRunnerWorker.java:96)
	at org.testng.TestNG.runSuitesSequentially(TestNG.java:1212)
	at org.testng.TestNG.runSuitesLocally(TestNG.java:1134)
	at org.testng.TestNG.runSuites(TestNG.java:1063)
	at org.testng.TestNG.run(TestNG.java:1031)
	at org.gradle.api.internal.tasks.testing.testng.TestNGTestClassProcessor.runTests(TestNGTestClassProcessor.java:141)
	at org.gradle.api.internal.tasks.testing.testng.TestNGTestClassProcessor.stop(TestNGTestClassProcessor.java:90)
	at org.gradle.api.internal.tasks.testing.SuiteTestClassProcessor.stop(SuiteTestClassProcessor.java:61)
	at sun.reflect.NativeMethodAccessorImpl.invoke0(Native Method)
	at sun.reflect.NativeMethodAccessorImpl.invoke(NativeMethodAccessorImpl.java:62)
	at sun.reflect.DelegatingMethodAccessorImpl.invoke(DelegatingMethodAccessorImpl.java:43)
	at java.lang.reflect.Method.invoke(Method.java:498)
	at org.gradle.internal.dispatch.ReflectionDispatch.dispatch(ReflectionDispatch.java:36)
	at org.gradle.internal.dispatch.ReflectionDispatch.dispatch(ReflectionDispatch.java:24)
	at org.gradle.internal.dispatch.ContextClassLoaderDispatch.dispatch(ContextClassLoaderDispatch.java:33)
	at org.gradle.internal.dispatch.ProxyDispatchAdapter$DispatchingInvocationHandler.invoke(ProxyDispatchAdapter.java:94)
	at com.sun.proxy.$Proxy2.stop(Unknown Source)
	at org.gradle.api.internal.tasks.testing.worker.TestWorker$3.run(TestWorker.java:193)
	at org.gradle.api.internal.tasks.testing.worker.TestWorker.executeAndMaintainThreadName(TestWorker.java:129)
	at org.gradle.api.internal.tasks.testing.worker.TestWorker.execute(TestWorker.java:100)
	at org.gradle.api.internal.tasks.testing.worker.TestWorker.execute(TestWorker.java:60)
	at org.gradle.process.internal.worker.child.ActionExecutionWorker.execute(ActionExecutionWorker.java:56)
	at org.gradle.process.internal.worker.child.SystemApplicationClassLoaderWorker.call(SystemApplicationClassLoaderWorker.java:133)
	at org.gradle.process.internal.worker.child.SystemApplicationClassLoaderWorker.call(SystemApplicationClassLoaderWorker.java:71)
	at worker.org.gradle.process.internal.worker.GradleWorkerMain.run(GradleWorkerMain.java:69)
	at worker.org.gradle.process.internal.worker.GradleWorkerMain.main(GradleWorkerMain.java:74)
</failure>
  </testcase>
  <system-out><![CDATA[17:26:29 INFO  tests.TestBase - Starts test---> fillSearchFormFutureYears
17:26:29 INFO  manager.MyListener - Start search element by locator-->By.id: city
17:26:29 INFO  manager.MyListener - Element with locator-->By.id: city was found
17:26:30 INFO  manager.MyListener - Start search element by locator-->By.cssSelector: div.pac-item
17:26:30 INFO  manager.MyListener - Element with locator-->By.cssSelector: div.pac-item was found
17:26:31 INFO  manager.MyListener - Start search element by locator-->By.id: dates
17:26:31 INFO  manager.MyListener - Element with locator-->By.id: dates was found
17:26:32 INFO  manager.MyListener - Start search element by locator-->By.id: dates
17:26:32 INFO  manager.MyListener - Element with locator-->By.id: dates was found
17:26:33 INFO  manager.MyListener - Start search element by locator-->By.xpath: //button[@aria-label='Next month']
17:26:33 INFO  manager.MyListener - Element with locator-->By.xpath: //button[@aria-label='Next month'] was found
17:26:33 INFO  manager.MyListener - Start search element by locator-->By.xpath: //button[@aria-label='Next month']
17:26:33 INFO  manager.MyListener - Element with locator-->By.xpath: //button[@aria-label='Next month'] was found
17:26:33 INFO  manager.MyListener - Start search element by locator-->By.xpath: //button[@aria-label='Next month']
17:26:33 INFO  manager.MyListener - Element with locator-->By.xpath: //button[@aria-label='Next month'] was found
17:26:34 INFO  manager.MyListener - Start search element by locator-->By.xpath: //button[@aria-label='Next month']
17:26:34 INFO  manager.MyListener - Element with locator-->By.xpath: //button[@aria-label='Next month'] was found
17:26:34 INFO  manager.MyListener - Start search element by locator-->By.xpath: //button[@aria-label='Next month']
17:26:34 INFO  manager.MyListener - Element with locator-->By.xpath: //button[@aria-label='Next month'] was found
17:26:34 INFO  manager.MyListener - Start search element by locator-->By.xpath: //div[text()=' 25 ']
17:26:34 INFO  manager.MyListener - Element with locator-->By.xpath: //div[text()=' 25 '] was found
17:26:34 INFO  manager.MyListener - Start search element by locator-->By.xpath: //button[@aria-label='Next month']
17:26:34 INFO  manager.MyListener - Element with locator-->By.xpath: //button[@aria-label='Next month'] was found
17:26:34 INFO  manager.MyListener - Start search element by locator-->By.xpath: //button[@aria-label='Next month']
17:26:34 INFO  manager.MyListener - Element with locator-->By.xpath: //button[@aria-label='Next month'] was found
17:26:34 INFO  manager.MyListener - Start search element by locator-->By.xpath: //button[@aria-label='Next month']
17:26:35 INFO  manager.MyListener - Element with locator-->By.xpath: //button[@aria-label='Next month'] was found
17:26:35 INFO  manager.MyListener - Start search element by locator-->By.xpath: //button[@aria-label='Next month']
17:26:35 INFO  manager.MyListener - Element with locator-->By.xpath: //button[@aria-label='Next month'] was found
17:26:35 INFO  manager.MyListener - Start search element by locator-->By.xpath: //div[text()=' 5 ']
17:26:35 INFO  manager.MyListener - Element with locator-->By.xpath: //div[text()=' 5 '] was found
17:26:35 INFO  tests.TestBase - rent details:-->Paris, from 25 Nov 2022 till 05 March 2023
17:26:35 INFO  manager.MyListener - Start search element by locator-->By.cssSelector: form button[type='submit']
17:26:35 INFO  manager.MyListener - Element with locator-->By.cssSelector: form button[type='submit'] was found
17:26:36 INFO  manager.MyListener - Start search element by locator-->By.cssSelector: div.search-results
17:26:36 INFO  manager.MyListener - Element with locator-->By.cssSelector: div.search-results was found
17:26:36 INFO  tests.TestBase - Test finished Success
17:26:36 INFO  manager.MyListener - Start search element by locator-->By.xpath: //*[@alt='logo']
17:26:36 INFO  manager.MyListener - Element with locator-->By.xpath: //*[@alt='logo'] was found
17:26:37 INFO  tests.TestBase - Ends test---> fillSearchFormFutureYears
17:26:38 INFO  tests.TestBase - Starts test---> searchPeriodCurrentMonth
17:26:38 INFO  manager.MyListener - Start search element by locator-->By.id: city
17:26:38 INFO  manager.MyListener - Element with locator-->By.id: city was found
17:26:39 INFO  manager.MyListener - Start search element by locator-->By.cssSelector: div.pac-item
17:26:41 INFO  manager.MyListener - Element with locator-->By.cssSelector: div.pac-item was found
17:26:42 INFO  manager.MyListener - Start search element by locator-->By.id: dates
17:26:42 INFO  manager.MyListener - Element with locator-->By.id: dates was found
17:26:42 INFO  manager.MyListener - Start search element by locator-->By.id: dates
17:26:42 INFO  manager.MyListener - Element with locator-->By.id: dates was found
17:26:42 INFO  manager.MyListener - Start search element by locator-->By.xpath: //div[text()=' 19 ']
17:26:42 INFO  manager.MyListener - Element with locator-->By.xpath: //div[text()=' 19 '] was found
17:26:43 INFO  manager.MyListener - Start search element by locator-->By.xpath: //div[text()=' 30 ']
17:26:43 INFO  manager.MyListener - Element with locator-->By.xpath: //div[text()=' 30 '] was found
17:26:43 INFO  tests.TestBase - rent details:-->Tel Aviv, from 19 June 2022 till 30 June 2022
17:26:43 INFO  manager.MyListener - Start search element by locator-->By.cssSelector: form button[type='submit']
17:26:43 INFO  manager.MyListener - Element with locator-->By.cssSelector: form button[type='submit'] was found
17:26:43 INFO  manager.MyListener - Start search element by locator-->By.cssSelector: div.search-results
17:26:43 INFO  manager.MyListener - Element with locator-->By.cssSelector: div.search-results was found
17:26:43 INFO  tests.TestBase - Test finished Success
17:26:43 INFO  manager.MyListener - Start search element by locator-->By.xpath: //*[@alt='logo']
17:26:43 INFO  manager.MyListener - Element with locator-->By.xpath: //*[@alt='logo'] was found
17:26:44 INFO  tests.TestBase - Ends test---> searchPeriodCurrentMonth
17:26:44 INFO  tests.TestBase - Starts test---> searchPeriodInFuture
17:26:44 INFO  manager.MyListener - Start search element by locator-->By.id: city
17:26:44 INFO  manager.MyListener - Element with locator-->By.id: city was found
17:26:45 INFO  manager.MyListener - Start search element by locator-->By.cssSelector: div.pac-item
17:26:45 INFO  manager.MyListener - Element with locator-->By.cssSelector: div.pac-item was found
17:26:46 INFO  manager.MyListener - Start search element by locator-->By.id: dates
17:26:46 INFO  manager.MyListener - Element with locator-->By.id: dates was found
17:26:47 INFO  manager.MyListener - Start search element by locator-->By.id: dates
17:26:47 INFO  manager.MyListener - Element with locator-->By.id: dates was found
17:26:47 INFO  manager.MyListener - Start search element by locator-->By.xpath: //button[@aria-label='Next month']
17:26:47 INFO  manager.MyListener - Element with locator-->By.xpath: //button[@aria-label='Next month'] was found
17:26:47 INFO  manager.MyListener - Start search element by locator-->By.xpath: //button[@aria-label='Next month']
17:26:47 INFO  manager.MyListener - Element with locator-->By.xpath: //button[@aria-label='Next month'] was found
17:26:47 INFO  manager.MyListener - Start search element by locator-->By.xpath: //button[@aria-label='Next month']
17:26:47 INFO  manager.MyListener - Element with locator-->By.xpath: //button[@aria-label='Next month'] was found
17:26:48 INFO  manager.MyListener - Start search element by locator-->By.xpath: //button[@aria-label='Next month']
17:26:48 INFO  manager.MyListener - Element with locator-->By.xpath: //button[@aria-label='Next month'] was found
17:26:48 INFO  manager.MyListener - Start search element by locator-->By.xpath: //div[text()=' 25 ']
17:26:48 INFO  manager.MyListener - Element with locator-->By.xpath: //div[text()=' 25 '] was found
17:26:48 INFO  manager.MyListener - Start search element by locator-->By.xpath: //button[@aria-label='Next month']
17:26:48 INFO  manager.MyListener - Element with locator-->By.xpath: //button[@aria-label='Next month'] was found
17:26:48 INFO  manager.MyListener - Start search element by locator-->By.xpath: //div[text()=' 28 ']
17:26:48 INFO  manager.MyListener - Element with locator-->By.xpath: //div[text()=' 28 '] was found
17:26:49 INFO  tests.TestBase - rent details:-->Moscow, from 25 Oct 2022 till 28 Nov 2022
17:26:49 INFO  manager.MyListener - Start search element by locator-->By.cssSelector: form button[type='submit']
17:26:49 INFO  manager.MyListener - Element with locator-->By.cssSelector: form button[type='submit'] was found
17:26:49 INFO  manager.MyListener - Start search element by locator-->By.cssSelector: div.search-results
17:26:49 INFO  manager.MyListener - Element with locator-->By.cssSelector: div.search-results was found
17:26:49 INFO  tests.TestBase - Test finished Success
17:26:49 INFO  manager.MyListener - Start search element by locator-->By.xpath: //*[@alt='logo']
17:26:49 INFO  manager.MyListener - Element with locator-->By.xpath: //*[@alt='logo'] was found
17:26:50 INFO  tests.TestBase - Ends test---> searchPeriodInFuture
17:26:50 INFO  tests.TestBase - Starts test---> searchPeriodInFutureLocalData
17:26:50 INFO  manager.MyListener - Start search element by locator-->By.id: city
17:26:50 INFO  manager.MyListener - Element with locator-->By.id: city was found
17:26:52 INFO  manager.MyListener - Start search element by locator-->By.cssSelector: div.pac-item
17:26:52 INFO  manager.MyListener - Element with locator-->By.cssSelector: div.pac-item was found
17:26:53 INFO  manager.MyListener - Start search element by locator-->By.id: dates
17:26:53 INFO  manager.MyListener - Element with locator-->By.id: dates was found
17:26:53 INFO  manager.MyListener - Start search element by locator-->By.id: dates
17:26:53 INFO  manager.MyListener - Element with locator-->By.id: dates was found
17:26:53 INFO  manager.MyListener - Start search element by locator-->By.xpath: //button[@aria-label='Next month']
17:26:53 INFO  manager.MyListener - Element with locator-->By.xpath: //button[@aria-label='Next month'] was found
17:26:54 INFO  manager.MyListener - Start search element by locator-->By.xpath: //button[@aria-label='Next month']
17:26:54 INFO  manager.MyListener - Element with locator-->By.xpath: //button[@aria-label='Next month'] was found
17:26:54 INFO  manager.MyListener - Start search element by locator-->By.xpath: //button[@aria-label='Next month']
17:26:54 INFO  manager.MyListener - Element with locator-->By.xpath: //button[@aria-label='Next month'] was found
17:26:54 INFO  manager.MyListener - Start search element by locator-->By.xpath: //button[@aria-label='Next month']
17:26:54 INFO  manager.MyListener - Element with locator-->By.xpath: //button[@aria-label='Next month'] was found
17:26:54 INFO  manager.MyListener - Start search element by locator-->By.xpath: //button[@aria-label='Next month']
17:26:54 INFO  manager.MyListener - Element with locator-->By.xpath: //button[@aria-label='Next month'] was found
17:26:54 INFO  manager.MyListener - Start search element by locator-->By.xpath: //button[@aria-label='Next month']
17:26:54 INFO  manager.MyListener - Element with locator-->By.xpath: //button[@aria-label='Next month'] was found
17:26:54 INFO  manager.MyListener - Start search element by locator-->By.xpath: //button[@aria-label='Next month']
17:26:54 INFO  manager.MyListener - Element with locator-->By.xpath: //button[@aria-label='Next month'] was found
17:26:54 INFO  manager.MyListener - Start search element by locator-->By.xpath: //div[text()=' 25 ']
17:26:54 INFO  manager.MyListener - Element with locator-->By.xpath: //div[text()=' 25 '] was found
17:26:55 INFO  manager.MyListener - Start search element by locator-->By.xpath: //button[@aria-label='Next month']
17:26:55 INFO  manager.MyListener - Element with locator-->By.xpath: //button[@aria-label='Next month'] was found
17:26:55 INFO  manager.MyListener - Start search element by locator-->By.xpath: //button[@aria-label='Next month']
17:26:55 INFO  manager.MyListener - Element with locator-->By.xpath: //button[@aria-label='Next month'] was found
17:26:55 INFO  manager.MyListener - Start search element by locator-->By.xpath: //button[@aria-label='Next month']
17:26:55 INFO  manager.MyListener - Element with locator-->By.xpath: //button[@aria-label='Next month'] was found
17:26:55 INFO  manager.MyListener - Start search element by locator-->By.xpath: //button[@aria-label='Next month']
17:26:55 INFO  manager.MyListener - Element with locator-->By.xpath: //button[@aria-label='Next month'] was found
17:26:55 INFO  manager.MyListener - Start search element by locator-->By.xpath: //div[text()=' 28 ']
17:26:55 INFO  manager.MyListener - Element with locator-->By.xpath: //div[text()=' 28 '] was found
17:26:55 INFO  tests.TestBase - rent details:-->Tokio, from 25 Jan 2023 till 28 May 2023
17:26:55 INFO  manager.MyListener - Start search element by locator-->By.cssSelector: form button[type='submit']
17:26:55 INFO  manager.MyListener - Element with locator-->By.cssSelector: form button[type='submit'] was found
17:26:56 INFO  manager.MyListener - Something went wrong: https://ilcarro-1578153671498.web.app/search
17:26:56 INFO  manager.MyListener - element click intercepted: Element <button _ngcontent-yet-c72="" type="submit">...</button> is not clickable at point (229, 388). Other element would receive the click: <button mat-button="" type="button" cdkarialive="polite" class="mat-focus-indicator mat-calendar-period-button mat-button mat-button-base" aria-label="Choose month and year">...</button>
  (Session info: chrome=101.0.4951.67)
Build info: version: '3.141.59', revision: 'e82be7d358', time: '2018-11-14T08:17:03'
System info: host: 'DESKTOP-KF54E9L', ip: '192.168.42.124', os.name: 'Windows 10', os.arch: 'amd64', os.version: '10.0', java.version: '1.8.0_321'
Driver info: org.openqa.selenium.chrome.ChromeDriver
Capabilities {acceptInsecureCerts: false, browserName: chrome, browserVersion: 101.0.4951.67, chrome: {chromedriverVersion: 101.0.4951.41 (93c720db8323..., userDataDir: C:\Users\Olga\AppData\Local...}, goog:chromeOptions: {debuggerAddress: localhost:64514}, javascriptEnabled: true, networkConnectionEnabled: false, pageLoadStrategy: normal, platform: WINDOWS, platformName: WINDOWS, proxy: Proxy(), setWindowRect: true, strictFileInteractability: false, timeouts: {implicit: 0, pageLoad: 300000, script: 30000}, unhandledPromptBehavior: dismiss and notify, webauthn:extension:credBlob: true, webauthn:extension:largeBlob: true, webauthn:virtualAuthenticators: true}
Session ID: b30ed99bd683b1ec073e7a0219c5a2e8
17:26:56 INFO  manager.MyListener - org.openqa.selenium.ElementClickInterceptedException: element click intercepted: Element <button _ngcontent-yet-c72="" type="submit">...</button> is not clickable at point (229, 388). Other element would receive the click: <button mat-button="" type="button" cdkarialive="polite" class="mat-focus-indicator mat-calendar-period-button mat-button mat-button-base" aria-label="Choose month and year">...</button>
  (Session info: chrome=101.0.4951.67)
Build info: version: '3.141.59', revision: 'e82be7d358', time: '2018-11-14T08:17:03'
System info: host: 'DESKTOP-KF54E9L', ip: '192.168.42.124', os.name: 'Windows 10', os.arch: 'amd64', os.version: '10.0', java.version: '1.8.0_321'
Driver info: org.openqa.selenium.chrome.ChromeDriver
Capabilities {acceptInsecureCerts: false, browserName: chrome, browserVersion: 101.0.4951.67, chrome: {chromedriverVersion: 101.0.4951.41 (93c720db8323..., userDataDir: C:\Users\Olga\AppData\Local...}, goog:chromeOptions: {debuggerAddress: localhost:64514}, javascriptEnabled: true, networkConnectionEnabled: false, pageLoadStrategy: normal, platform: WINDOWS, platformName: WINDOWS, proxy: Proxy(), setWindowRect: true, strictFileInteractability: false, timeouts: {implicit: 0, pageLoad: 300000, script: 30000}, unhandledPromptBehavior: dismiss and notify, webauthn:extension:credBlob: true, webauthn:extension:largeBlob: true, webauthn:virtualAuthenticators: true}
Session ID: b30ed99bd683b1ec073e7a0219c5a2e8
17:26:57 INFO  manager.MyListener - Start search element by locator-->By.xpath: //*[@alt='logo']
17:26:57 INFO  manager.MyListener - Element with locator-->By.xpath: //*[@alt='logo'] was found
17:26:59 INFO  manager.MyListener - Something went wrong: https://ilcarro-1578153671498.web.app/search
17:26:59 INFO  manager.MyListener - element click intercepted: Element <img _ngcontent-yet-c25="" alt="logo" src="../../../assets/images/navigator/logo.svg"> is not clickable at point (252, 32). Other element would receive the click: <td role="gridcell" class="mat-calendar-body-cell mat-calendar-body-disabled ng-star-inserted" tabindex="-1" aria-label="June 27, 2023" aria-disabled="true" aria-selected="false" style="width: 14.2857%; padding-top: 7.14286%; padding-bottom: 7.14286%;">...</td>
  (Session info: chrome=101.0.4951.67)
Build info: version: '3.141.59', revision: 'e82be7d358', time: '2018-11-14T08:17:03'
System info: host: 'DESKTOP-KF54E9L', ip: '192.168.42.124', os.name: 'Windows 10', os.arch: 'amd64', os.version: '10.0', java.version: '1.8.0_321'
Driver info: org.openqa.selenium.chrome.ChromeDriver
Capabilities {acceptInsecureCerts: false, browserName: chrome, browserVersion: 101.0.4951.67, chrome: {chromedriverVersion: 101.0.4951.41 (93c720db8323..., userDataDir: C:\Users\Olga\AppData\Local...}, goog:chromeOptions: {debuggerAddress: localhost:64514}, javascriptEnabled: true, networkConnectionEnabled: false, pageLoadStrategy: normal, platform: WINDOWS, platformName: WINDOWS, proxy: Proxy(), setWindowRect: true, strictFileInteractability: false, timeouts: {implicit: 0, pageLoad: 300000, script: 30000}, unhandledPromptBehavior: dismiss and notify, webauthn:extension:credBlob: true, webauthn:extension:largeBlob: true, webauthn:virtualAuthenticators: true}
Session ID: b30ed99bd683b1ec073e7a0219c5a2e8
17:26:59 INFO  manager.MyListener - org.openqa.selenium.ElementClickInterceptedException: element click intercepted: Element <img _ngcontent-yet-c25="" alt="logo" src="../../../assets/images/navigator/logo.svg"> is not clickable at point (252, 32). Other element would receive the click: <td role="gridcell" class="mat-calendar-body-cell mat-calendar-body-disabled ng-star-inserted" tabindex="-1" aria-label="June 27, 2023" aria-disabled="true" aria-selected="false" style="width: 14.2857%; padding-top: 7.14286%; padding-bottom: 7.14286%;">...</td>
  (Session info: chrome=101.0.4951.67)
Build info: version: '3.141.59', revision: 'e82be7d358', time: '2018-11-14T08:17:03'
System info: host: 'DESKTOP-KF54E9L', ip: '192.168.42.124', os.name: 'Windows 10', os.arch: 'amd64', os.version: '10.0', java.version: '1.8.0_321'
Driver info: org.openqa.selenium.chrome.ChromeDriver
Capabilities {acceptInsecureCerts: false, browserName: chrome, browserVersion: 101.0.4951.67, chrome: {chromedriverVersion: 101.0.4951.41 (93c720db8323..., userDataDir: C:\Users\Olga\AppData\Local...}, goog:chromeOptions: {debuggerAddress: localhost:64514}, javascriptEnabled: true, networkConnectionEnabled: false, pageLoadStrategy: normal, platform: WINDOWS, platformName: WINDOWS, proxy: Proxy(), setWindowRect: true, strictFileInteractability: false, timeouts: {implicit: 0, pageLoad: 300000, script: 30000}, unhandledPromptBehavior: dismiss and notify, webauthn:extension:credBlob: true, webauthn:extension:largeBlob: true, webauthn:virtualAuthenticators: true}
Session ID: b30ed99bd683b1ec073e7a0219c5a2e8
]]></system-out>
  <system-err><![CDATA[]]></system-err>
</testsuite>
