<?xml version="1.0" encoding="UTF-8"?>
<testsuite name="tests.CarSearch" tests="1" skipped="0" failures="0" errors="0" timestamp="2022-04-27T08:32:29" hostname="DESKTOP-KF54E9L" time="2.069">
  <properties/>
  <testcase name="letTheCarWork" classname="tests.CarSearch" time="2.069"/>
  <system-out><![CDATA[]]></system-out>
  <system-err><![CDATA[]]></system-err>
</testsuite>
