<?xml version="1.0" encoding="UTF-8"?>
<testsuite name="tests.Registration" tests="1" skipped="0" failures="0" errors="0" timestamp="2022-04-30T18:14:12" hostname="ARTEMKA" time="1.599">
  <properties/>
  <testcase name="registrationPositive" classname="tests.Registration" time="1.599"/>
  <system-out><![CDATA[Email = user826@gmail.com, and password = Asd826d#%
Email = user826@gmail.compassword = Asd826d#%
Registered
You are logged in success
Ok
]]></system-out>
  <system-err><![CDATA[]]></system-err>
</testsuite>
