<?xml version="1.0" encoding="UTF-8"?>
<testsuite name="tests.LetTheCarWork" tests="1" skipped="0" failures="0" errors="0" timestamp="2022-05-29T06:21:36" hostname="ARTEMKA" time="7.093">
  <properties/>
  <testcase name="carSearchSuccess" classname="tests.LetTheCarWork" time="7.093"/>
  <system-out><![CDATA[09:21:31 INFO  tests.TestBase - Starts test---> carSearchSuccess
09:21:36 INFO  tests.TestBase - Test starts with car details:--->BMW, Germany
09:21:43 INFO  tests.TestBase - Test finished, added car-->Car(location=Haifa, make=Germany, model=BMW, year=2010, engine=1.6, fuel=Gas, gear=AT, wD=AWD, doors=4, seats=5, clasS=A, fuelConsumption=10, registrationNum=1234561678, price=50, distance=500, features=Upgraded, about=Comfortable and reliable car)
09:21:43 INFO  tests.TestBase - Ends test---> carSearchSuccess
]]></system-out>
  <system-err><![CDATA[]]></system-err>
</testsuite>
