<?xml version="1.0" encoding="UTF-8"?>
<testsuite name="tests.Login" tests="3" skipped="0" failures="1" errors="0" timestamp="2022-06-17T13:00:14" hostname="ARTEMKA" time="11.942">
  <properties/>
  <testcase name="loginNegativeEmail" classname="tests.Login" time="3.526"/>
  <testcase name="loginPositive" classname="tests.Login" time="1.461">
    <failure message="java.lang.AssertionError: expected [true] but found [false]" type="java.lang.AssertionError">java.lang.AssertionError: expected [true] but found [false]
	at org.testng.Assert.fail(Assert.java:99)
	at org.testng.Assert.failNotEquals(Assert.java:1037)
	at org.testng.Assert.assertTrue(Assert.java:45)
	at org.testng.Assert.assertTrue(Assert.java:55)
	at tests.Login.loginPositive(Login.java:29)
	at sun.reflect.NativeMethodAccessorImpl.invoke0(Native Method)
	at sun.reflect.NativeMethodAccessorImpl.invoke(NativeMethodAccessorImpl.java:62)
	at sun.reflect.DelegatingMethodAccessorImpl.invoke(DelegatingMethodAccessorImpl.java:43)
	at java.lang.reflect.Method.invoke(Method.java:498)
	at org.testng.internal.MethodInvocationHelper.invokeMethod(MethodInvocationHelper.java:133)
	at org.testng.internal.TestInvoker.invokeMethod(TestInvoker.java:598)
	at org.testng.internal.TestInvoker.invokeTestMethod(TestInvoker.java:173)
	at org.testng.internal.MethodRunner.runInSequence(MethodRunner.java:46)
	at org.testng.internal.TestInvoker$MethodInvocationAgent.invoke(TestInvoker.java:824)
	at org.testng.internal.TestInvoker.invokeTestMethods(TestInvoker.java:146)
	at org.testng.internal.TestMethodWorker.invokeTestMethods(TestMethodWorker.java:146)
	at org.testng.internal.TestMethodWorker.run(TestMethodWorker.java:128)
	at java.util.ArrayList.forEach(ArrayList.java:1259)
	at org.testng.TestRunner.privateRun(TestRunner.java:794)
	at org.testng.TestRunner.run(TestRunner.java:596)
	at org.testng.SuiteRunner.runTest(SuiteRunner.java:377)
	at org.testng.SuiteRunner.runSequentially(SuiteRunner.java:371)
	at org.testng.SuiteRunner.privateRun(SuiteRunner.java:332)
	at org.testng.SuiteRunner.run(SuiteRunner.java:276)
	at org.testng.SuiteRunnerWorker.runSuite(SuiteRunnerWorker.java:53)
	at org.testng.SuiteRunnerWorker.run(SuiteRunnerWorker.java:96)
	at org.testng.TestNG.runSuitesSequentially(TestNG.java:1212)
	at org.testng.TestNG.runSuitesLocally(TestNG.java:1134)
	at org.testng.TestNG.runSuites(TestNG.java:1063)
	at org.testng.TestNG.run(TestNG.java:1031)
	at org.gradle.api.internal.tasks.testing.testng.TestNGTestClassProcessor.runTests(TestNGTestClassProcessor.java:141)
	at org.gradle.api.internal.tasks.testing.testng.TestNGTestClassProcessor.stop(TestNGTestClassProcessor.java:90)
	at org.gradle.api.internal.tasks.testing.SuiteTestClassProcessor.stop(SuiteTestClassProcessor.java:61)
	at sun.reflect.NativeMethodAccessorImpl.invoke0(Native Method)
	at sun.reflect.NativeMethodAccessorImpl.invoke(NativeMethodAccessorImpl.java:62)
	at sun.reflect.DelegatingMethodAccessorImpl.invoke(DelegatingMethodAccessorImpl.java:43)
	at java.lang.reflect.Method.invoke(Method.java:498)
	at org.gradle.internal.dispatch.ReflectionDispatch.dispatch(ReflectionDispatch.java:36)
	at org.gradle.internal.dispatch.ReflectionDispatch.dispatch(ReflectionDispatch.java:24)
	at org.gradle.internal.dispatch.ContextClassLoaderDispatch.dispatch(ContextClassLoaderDispatch.java:33)
	at org.gradle.internal.dispatch.ProxyDispatchAdapter$DispatchingInvocationHandler.invoke(ProxyDispatchAdapter.java:94)
	at com.sun.proxy.$Proxy2.stop(Unknown Source)
	at org.gradle.api.internal.tasks.testing.worker.TestWorker$3.run(TestWorker.java:193)
	at org.gradle.api.internal.tasks.testing.worker.TestWorker.executeAndMaintainThreadName(TestWorker.java:129)
	at org.gradle.api.internal.tasks.testing.worker.TestWorker.execute(TestWorker.java:100)
	at org.gradle.api.internal.tasks.testing.worker.TestWorker.execute(TestWorker.java:60)
	at org.gradle.process.internal.worker.child.ActionExecutionWorker.execute(ActionExecutionWorker.java:56)
	at org.gradle.process.internal.worker.child.SystemApplicationClassLoaderWorker.call(SystemApplicationClassLoaderWorker.java:133)
	at org.gradle.process.internal.worker.child.SystemApplicationClassLoaderWorker.call(SystemApplicationClassLoaderWorker.java:71)
	at worker.org.gradle.process.internal.worker.GradleWorkerMain.run(GradleWorkerMain.java:69)
	at worker.org.gradle.process.internal.worker.GradleWorkerMain.main(GradleWorkerMain.java:74)
</failure>
  </testcase>
  <testcase name="loginPositive2" classname="tests.Login" time="1.715"/>
  <system-out><![CDATA[16:00:14 INFO  tests.TestBase - Starts test---> loginNegativeEmail
16:00:14 INFO  manager.MyListener - Start search element by locator-->By.xpath: //*[text()=' Logout ']
16:00:14 INFO  manager.MyListener - Element with locator-->By.xpath: //*[text()=' Logout '] was found
16:00:14 INFO  manager.MyListener - Start search element by locator-->By.xpath: //*[text()=' Logout ']
16:00:14 INFO  manager.MyListener - Element with locator-->By.xpath: //*[text()=' Logout '] was found
16:00:14 INFO  manager.MyListener - Start search element by locator-->By.xpath: //*[text()=' Log in ']
16:00:14 INFO  manager.MyListener - Element with locator-->By.xpath: //*[text()=' Log in '] was found
16:00:14 INFO  manager.MyListener - Start search element by locator-->By.cssSelector: div input#email
16:00:14 INFO  manager.MyListener - Element with locator-->By.cssSelector: div input#email was found
16:00:14 INFO  manager.MyListener - Start search element by locator-->By.cssSelector: div input#password
16:00:14 INFO  manager.MyListener - Element with locator-->By.cssSelector: div input#password was found
16:00:14 INFO  tests.TestBase - Login with email:---> user2900@gmailcom and password:---> As2900d#%
16:00:14 INFO  manager.MyListener - Start search element by locator-->By.cssSelector: form button[type='submit']
16:00:14 INFO  manager.MyListener - Element with locator-->By.cssSelector: form button[type='submit'] was found
16:00:17 INFO  manager.MyListener - Start search element by locator-->By.xpath: //*[@class='dialog-container']
16:00:18 INFO  manager.MyListener - Element with locator-->By.xpath: //*[@class='dialog-container'] was found
Authorization error
Wrong email or password
Ok
16:00:18 INFO  manager.MyListener - Start search element by locator-->By.xpath: //*[@class='dialog-container']
16:00:18 INFO  manager.MyListener - Element with locator-->By.xpath: //*[@class='dialog-container'] was found
16:00:18 INFO  manager.MyListener - Start search element by locator-->By.xpath: //button[text()='Ok']
16:00:18 INFO  manager.MyListener - Element with locator-->By.xpath: //button[text()='Ok'] was found
16:00:18 INFO  tests.TestBase - Ends test---> loginNegativeEmail
16:00:18 INFO  tests.TestBase - Starts test---> loginPositive
16:00:18 INFO  manager.MyListener - Start search element by locator-->By.xpath: //*[text()=' Logout ']
16:00:23 INFO  manager.MyListener - Element with locator-->By.xpath: //*[text()=' Logout '] was found
16:00:23 INFO  manager.MyListener - Start search element by locator-->By.xpath: //*[text()=' Log in ']
16:00:23 INFO  manager.MyListener - Element with locator-->By.xpath: //*[text()=' Log in '] was found
16:00:23 INFO  manager.MyListener - Start search element by locator-->By.cssSelector: div input#email
16:00:23 INFO  manager.MyListener - Element with locator-->By.cssSelector: div input#email was found
16:00:23 INFO  manager.MyListener - Start search element by locator-->By.cssSelector: div input#password
16:00:23 INFO  manager.MyListener - Element with locator-->By.cssSelector: div input#password was found
16:00:23 INFO  tests.TestBase - Login with email:---> user2900@gmail.com and password:---> As2900d#%
16:00:23 INFO  manager.MyListener - Start search element by locator-->By.cssSelector: form button[type='submit']
16:00:23 INFO  manager.MyListener - Element with locator-->By.cssSelector: form button[type='submit'] was found
16:00:24 INFO  manager.MyListener - Start search element by locator-->By.cssSelector: h2.message
16:00:24 INFO  manager.MyListener - Element with locator-->By.cssSelector: h2.message was found
16:00:24 INFO  manager.HelperBase - Logged in with message---> 
16:00:24 INFO  manager.MyListener - Start search element by locator-->By.xpath: //button[text()='Ok']
16:00:24 INFO  manager.MyListener - Element with locator-->By.xpath: //button[text()='Ok'] was found
16:00:24 INFO  tests.TestBase - Ends test---> loginPositive
16:00:24 INFO  tests.TestBase - Starts test---> loginPositive2
16:00:24 INFO  manager.MyListener - Start search element by locator-->By.xpath: //*[text()=' Logout ']
16:00:24 INFO  manager.MyListener - Element with locator-->By.xpath: //*[text()=' Logout '] was found
16:00:24 INFO  manager.MyListener - Start search element by locator-->By.xpath: //*[text()=' Logout ']
16:00:24 INFO  manager.MyListener - Element with locator-->By.xpath: //*[text()=' Logout '] was found
16:00:24 INFO  manager.MyListener - Start search element by locator-->By.xpath: //*[text()=' Log in ']
16:00:24 INFO  manager.MyListener - Element with locator-->By.xpath: //*[text()=' Log in '] was found
16:00:24 INFO  manager.MyListener - Start search element by locator-->By.cssSelector: div input#email
16:00:24 INFO  manager.MyListener - Element with locator-->By.cssSelector: div input#email was found
16:00:24 INFO  manager.MyListener - Start search element by locator-->By.cssSelector: div input#password
16:00:25 INFO  manager.MyListener - Element with locator-->By.cssSelector: div input#password was found
16:00:25 INFO  tests.TestBase - Login with email:---> user2900@gmail.com and password:---> As2900d#%
16:00:25 INFO  manager.MyListener - Start search element by locator-->By.cssSelector: form button[type='submit']
16:00:25 INFO  manager.MyListener - Element with locator-->By.cssSelector: form button[type='submit'] was found
16:00:25 INFO  manager.MyListener - Start search element by locator-->By.xpath: //*[@class='dialog-container']
16:00:26 INFO  manager.MyListener - Element with locator-->By.xpath: //*[@class='dialog-container'] was found
16:00:26 INFO  manager.MyListener - Start search element by locator-->By.cssSelector: h2.message
16:00:26 INFO  manager.MyListener - Element with locator-->By.cssSelector: h2.message was found
16:00:26 INFO  manager.HelperBase - Logged in with message---> Logged in success
16:00:26 INFO  manager.MyListener - Start search element by locator-->By.xpath: //button[text()='Ok']
16:00:26 INFO  manager.MyListener - Element with locator-->By.xpath: //button[text()='Ok'] was found
16:00:26 INFO  tests.TestBase - Ends test---> loginPositive2
]]></system-out>
  <system-err><![CDATA[]]></system-err>
</testsuite>
