<?xml version="1.0" encoding="UTF-8"?>
<testsuite name="tests.Login" tests="3" skipped="0" failures="0" errors="0" timestamp="2022-05-18T08:09:22" hostname="DESKTOP-KF54E9L" time="14.117">
  <properties/>
  <testcase name="loginNegativeEmail" classname="tests.Login" time="4.93"/>
  <testcase name="loginPositive" classname="tests.Login" time="1.547"/>
  <testcase name="loginPositive2" classname="tests.Login" time="1.834"/>
  <system-out><![CDATA[Authorization error
Wrong email or password
Ok
Logged in
Logged in success
Ok
Logged in
Logged in success
Ok
]]></system-out>
  <system-err><![CDATA[]]></system-err>
</testsuite>
