<?xml version="1.0" encoding="UTF-8"?>
<testsuite name="tests.LetTheCarWork" tests="4" skipped="0" failures="4" errors="0" timestamp="2022-06-16T12:39:59" hostname="ARTEMKA" time="48.331">
  <properties/>
  <testcase name="carSearchSuccess[0](Car(location=London, make=UK, model=Porsh, year=2018, engine=2.8, fuel=Petrol, gear=SMT, wD=FWD, doors=3, seats=2, clasS=Sx, fuelConsumption=12, registrationNum=10-100-3332399, price=80, distance=150, features=Red fast car, about=Super car))" classname="tests.LetTheCarWork" time="17.445">
    <failure message="org.openqa.selenium.TimeoutException: Expected condition failed: waiting for element to be clickable: [[ChromeDriver: chrome on WINDOWS (c6e176e19308c02b4928deafc68e6501)] -&gt; xpath: //*[text()='Submit']] (tried for 10 second(s) with 500 milliseconds interval)&#10;Build info: version: '3.141.59', revision: 'e82be7d358', time: '2018-11-14T08:17:03'&#10;System info: host: 'ARTEMKA', ip: '192.168.0.103', os.name: 'Windows 10', os.arch: 'amd64', os.version: '10.0', java.version: '1.8.0_333'&#10;Driver info: org.openqa.selenium.support.events.EventFiringWebDriver&#10;Capabilities {acceptInsecureCerts: false, browserName: chrome, browserVersion: 102.0.5005.115, chrome: {chromedriverVersion: 101.0.4951.41 (93c720db8323..., userDataDir: C:\Users\ompre\AppData\Loca...}, goog:chromeOptions: {debuggerAddress: localhost:61361}, javascriptEnabled: true, networkConnectionEnabled: false, pageLoadStrategy: normal, platform: WINDOWS, platformName: WINDOWS, proxy: Proxy(), setWindowRect: true, strictFileInteractability: false, timeouts: {implicit: 0, pageLoad: 300000, script: 30000}, unhandledPromptBehavior: dismiss and notify, webauthn:extension:credBlob: true, webauthn:extension:largeBlob: true, webauthn:virtualAuthenticators: true}&#10;Session ID: c6e176e19308c02b4928deafc68e6501" type="org.openqa.selenium.TimeoutException">org.openqa.selenium.TimeoutException: Expected condition failed: waiting for element to be clickable: [[ChromeDriver: chrome on WINDOWS (c6e176e19308c02b4928deafc68e6501)] -&gt; xpath: //*[text()='Submit']] (tried for 10 second(s) with 500 milliseconds interval)
Build info: version: '3.141.59', revision: 'e82be7d358', time: '2018-11-14T08:17:03'
System info: host: 'ARTEMKA', ip: '192.168.0.103', os.name: 'Windows 10', os.arch: 'amd64', os.version: '10.0', java.version: '1.8.0_333'
Driver info: org.openqa.selenium.support.events.EventFiringWebDriver
Capabilities {acceptInsecureCerts: false, browserName: chrome, browserVersion: 102.0.5005.115, chrome: {chromedriverVersion: 101.0.4951.41 (93c720db8323..., userDataDir: C:\Users\ompre\AppData\Loca...}, goog:chromeOptions: {debuggerAddress: localhost:61361}, javascriptEnabled: true, networkConnectionEnabled: false, pageLoadStrategy: normal, platform: WINDOWS, platformName: WINDOWS, proxy: Proxy(), setWindowRect: true, strictFileInteractability: false, timeouts: {implicit: 0, pageLoad: 300000, script: 30000}, unhandledPromptBehavior: dismiss and notify, webauthn:extension:credBlob: true, webauthn:extension:largeBlob: true, webauthn:virtualAuthenticators: true}
Session ID: c6e176e19308c02b4928deafc68e6501
	at org.openqa.selenium.support.ui.WebDriverWait.timeoutException(WebDriverWait.java:95)
	at org.openqa.selenium.support.ui.FluentWait.until(FluentWait.java:272)
	at manager.HelperCar.submitCar(HelperCar.java:57)
	at tests.LetTheCarWork.carSearchSuccess(LetTheCarWork.java:32)
	at sun.reflect.NativeMethodAccessorImpl.invoke0(Native Method)
	at sun.reflect.NativeMethodAccessorImpl.invoke(NativeMethodAccessorImpl.java:62)
	at sun.reflect.DelegatingMethodAccessorImpl.invoke(DelegatingMethodAccessorImpl.java:43)
	at java.lang.reflect.Method.invoke(Method.java:498)
	at org.testng.internal.MethodInvocationHelper.invokeMethod(MethodInvocationHelper.java:133)
	at org.testng.internal.TestInvoker.invokeMethod(TestInvoker.java:598)
	at org.testng.internal.TestInvoker.invokeTestMethod(TestInvoker.java:173)
	at org.testng.internal.MethodRunner.runInSequence(MethodRunner.java:46)
	at org.testng.internal.TestInvoker$MethodInvocationAgent.invoke(TestInvoker.java:824)
	at org.testng.internal.TestInvoker.invokeTestMethods(TestInvoker.java:146)
	at org.testng.internal.TestMethodWorker.invokeTestMethods(TestMethodWorker.java:146)
	at org.testng.internal.TestMethodWorker.run(TestMethodWorker.java:128)
	at java.util.ArrayList.forEach(ArrayList.java:1259)
	at org.testng.TestRunner.privateRun(TestRunner.java:794)
	at org.testng.TestRunner.run(TestRunner.java:596)
	at org.testng.SuiteRunner.runTest(SuiteRunner.java:377)
	at org.testng.SuiteRunner.runSequentially(SuiteRunner.java:371)
	at org.testng.SuiteRunner.privateRun(SuiteRunner.java:332)
	at org.testng.SuiteRunner.run(SuiteRunner.java:276)
	at org.testng.SuiteRunnerWorker.runSuite(SuiteRunnerWorker.java:53)
	at org.testng.SuiteRunnerWorker.run(SuiteRunnerWorker.java:96)
	at org.testng.TestNG.runSuitesSequentially(TestNG.java:1212)
	at org.testng.TestNG.runSuitesLocally(TestNG.java:1134)
	at org.testng.TestNG.runSuites(TestNG.java:1063)
	at org.testng.TestNG.run(TestNG.java:1031)
	at org.gradle.api.internal.tasks.testing.testng.TestNGTestClassProcessor.runTests(TestNGTestClassProcessor.java:141)
	at org.gradle.api.internal.tasks.testing.testng.TestNGTestClassProcessor.stop(TestNGTestClassProcessor.java:90)
	at org.gradle.api.internal.tasks.testing.SuiteTestClassProcessor.stop(SuiteTestClassProcessor.java:61)
	at sun.reflect.NativeMethodAccessorImpl.invoke0(Native Method)
	at sun.reflect.NativeMethodAccessorImpl.invoke(NativeMethodAccessorImpl.java:62)
	at sun.reflect.DelegatingMethodAccessorImpl.invoke(DelegatingMethodAccessorImpl.java:43)
	at java.lang.reflect.Method.invoke(Method.java:498)
	at org.gradle.internal.dispatch.ReflectionDispatch.dispatch(ReflectionDispatch.java:36)
	at org.gradle.internal.dispatch.ReflectionDispatch.dispatch(ReflectionDispatch.java:24)
	at org.gradle.internal.dispatch.ContextClassLoaderDispatch.dispatch(ContextClassLoaderDispatch.java:33)
	at org.gradle.internal.dispatch.ProxyDispatchAdapter$DispatchingInvocationHandler.invoke(ProxyDispatchAdapter.java:94)
	at com.sun.proxy.$Proxy2.stop(Unknown Source)
	at org.gradle.api.internal.tasks.testing.worker.TestWorker$3.run(TestWorker.java:193)
	at org.gradle.api.internal.tasks.testing.worker.TestWorker.executeAndMaintainThreadName(TestWorker.java:129)
	at org.gradle.api.internal.tasks.testing.worker.TestWorker.execute(TestWorker.java:100)
	at org.gradle.api.internal.tasks.testing.worker.TestWorker.execute(TestWorker.java:60)
	at org.gradle.process.internal.worker.child.ActionExecutionWorker.execute(ActionExecutionWorker.java:56)
	at org.gradle.process.internal.worker.child.SystemApplicationClassLoaderWorker.call(SystemApplicationClassLoaderWorker.java:133)
	at org.gradle.process.internal.worker.child.SystemApplicationClassLoaderWorker.call(SystemApplicationClassLoaderWorker.java:71)
	at worker.org.gradle.process.internal.worker.GradleWorkerMain.run(GradleWorkerMain.java:69)
	at worker.org.gradle.process.internal.worker.GradleWorkerMain.main(GradleWorkerMain.java:74)
</failure>
  </testcase>
  <testcase name="carSearchSuccess[1](Car(location=Berlin, make=UK, model=Porsh, year=2018, engine=2.8, fuel=Petrol, gear=SMT, wD=FWD, doors=3, seats=2, clasS=Sx, fuelConsumption=12, registrationNum=10-100-33323991, price=80, distance=150, features=Red fast car, about=Super car))" classname="tests.LetTheCarWork" time="6.852">
    <failure message="org.openqa.selenium.StaleElementReferenceException: stale element reference: element is not attached to the page document&#10;  (Session info: chrome=102.0.5005.115)&#10;For documentation on this error, please visit: https://www.seleniumhq.org/exceptions/stale_element_reference.html&#10;Build info: version: '3.141.59', revision: 'e82be7d358', time: '2018-11-14T08:17:03'&#10;System info: host: 'ARTEMKA', ip: '192.168.0.103', os.name: 'Windows 10', os.arch: 'amd64', os.version: '10.0', java.version: '1.8.0_333'&#10;Driver info: org.openqa.selenium.chrome.ChromeDriver&#10;Capabilities {acceptInsecureCerts: false, browserName: chrome, browserVersion: 102.0.5005.115, chrome: {chromedriverVersion: 101.0.4951.41 (93c720db8323..., userDataDir: C:\Users\ompre\AppData\Loca...}, goog:chromeOptions: {debuggerAddress: localhost:61361}, javascriptEnabled: true, networkConnectionEnabled: false, pageLoadStrategy: normal, platform: WINDOWS, platformName: WINDOWS, proxy: Proxy(), setWindowRect: true, strictFileInteractability: false, timeouts: {implicit: 0, pageLoad: 300000, script: 30000}, unhandledPromptBehavior: dismiss and notify, webauthn:extension:credBlob: true, webauthn:extension:largeBlob: true, webauthn:virtualAuthenticators: true}&#10;Session ID: c6e176e19308c02b4928deafc68e6501" type="org.openqa.selenium.StaleElementReferenceException">org.openqa.selenium.StaleElementReferenceException: stale element reference: element is not attached to the page document
  (Session info: chrome=102.0.5005.115)
For documentation on this error, please visit: https://www.seleniumhq.org/exceptions/stale_element_reference.html
Build info: version: '3.141.59', revision: 'e82be7d358', time: '2018-11-14T08:17:03'
System info: host: 'ARTEMKA', ip: '192.168.0.103', os.name: 'Windows 10', os.arch: 'amd64', os.version: '10.0', java.version: '1.8.0_333'
Driver info: org.openqa.selenium.chrome.ChromeDriver
Capabilities {acceptInsecureCerts: false, browserName: chrome, browserVersion: 102.0.5005.115, chrome: {chromedriverVersion: 101.0.4951.41 (93c720db8323..., userDataDir: C:\Users\ompre\AppData\Loca...}, goog:chromeOptions: {debuggerAddress: localhost:61361}, javascriptEnabled: true, networkConnectionEnabled: false, pageLoadStrategy: normal, platform: WINDOWS, platformName: WINDOWS, proxy: Proxy(), setWindowRect: true, strictFileInteractability: false, timeouts: {implicit: 0, pageLoad: 300000, script: 30000}, unhandledPromptBehavior: dismiss and notify, webauthn:extension:credBlob: true, webauthn:extension:largeBlob: true, webauthn:virtualAuthenticators: true}
Session ID: c6e176e19308c02b4928deafc68e6501
	at manager.MyListener.onException(MyListener.java:39)
	at sun.reflect.NativeMethodAccessorImpl.invoke0(Native Method)
	at sun.reflect.NativeMethodAccessorImpl.invoke(NativeMethodAccessorImpl.java:62)
	at sun.reflect.DelegatingMethodAccessorImpl.invoke(DelegatingMethodAccessorImpl.java:43)
	at java.lang.reflect.Method.invoke(Method.java:498)
	at org.openqa.selenium.support.events.EventFiringWebDriver.lambda$new$0(EventFiringWebDriver.java:84)
	at com.sun.proxy.$Proxy11.onException(Unknown Source)
	at org.openqa.selenium.support.events.EventFiringWebDriver$EventFiringWebElement.lambda$new$0(EventFiringWebDriver.java:406)
	at com.sun.proxy.$Proxy13.sendKeys(Unknown Source)
	at org.openqa.selenium.support.events.EventFiringWebDriver$EventFiringWebElement.sendKeys(EventFiringWebDriver.java:429)
	at manager.HelperBase.type(HelperBase.java:30)
	at manager.HelperCar.fillForm(HelperCar.java:39)
	at tests.LetTheCarWork.carSearchSuccess(LetTheCarWork.java:29)
	at sun.reflect.NativeMethodAccessorImpl.invoke0(Native Method)
	at sun.reflect.NativeMethodAccessorImpl.invoke(NativeMethodAccessorImpl.java:62)
	at sun.reflect.DelegatingMethodAccessorImpl.invoke(DelegatingMethodAccessorImpl.java:43)
	at java.lang.reflect.Method.invoke(Method.java:498)
	at org.testng.internal.MethodInvocationHelper.invokeMethod(MethodInvocationHelper.java:133)
	at org.testng.internal.TestInvoker.invokeMethod(TestInvoker.java:598)
	at org.testng.internal.TestInvoker.invokeTestMethod(TestInvoker.java:173)
	at org.testng.internal.MethodRunner.runInSequence(MethodRunner.java:46)
	at org.testng.internal.TestInvoker$MethodInvocationAgent.invoke(TestInvoker.java:824)
	at org.testng.internal.TestInvoker.invokeTestMethods(TestInvoker.java:146)
	at org.testng.internal.TestMethodWorker.invokeTestMethods(TestMethodWorker.java:146)
	at org.testng.internal.TestMethodWorker.run(TestMethodWorker.java:128)
	at java.util.ArrayList.forEach(ArrayList.java:1259)
	at org.testng.TestRunner.privateRun(TestRunner.java:794)
	at org.testng.TestRunner.run(TestRunner.java:596)
	at org.testng.SuiteRunner.runTest(SuiteRunner.java:377)
	at org.testng.SuiteRunner.runSequentially(SuiteRunner.java:371)
	at org.testng.SuiteRunner.privateRun(SuiteRunner.java:332)
	at org.testng.SuiteRunner.run(SuiteRunner.java:276)
	at org.testng.SuiteRunnerWorker.runSuite(SuiteRunnerWorker.java:53)
	at org.testng.SuiteRunnerWorker.run(SuiteRunnerWorker.java:96)
	at org.testng.TestNG.runSuitesSequentially(TestNG.java:1212)
	at org.testng.TestNG.runSuitesLocally(TestNG.java:1134)
	at org.testng.TestNG.runSuites(TestNG.java:1063)
	at org.testng.TestNG.run(TestNG.java:1031)
	at org.gradle.api.internal.tasks.testing.testng.TestNGTestClassProcessor.runTests(TestNGTestClassProcessor.java:141)
	at org.gradle.api.internal.tasks.testing.testng.TestNGTestClassProcessor.stop(TestNGTestClassProcessor.java:90)
	at org.gradle.api.internal.tasks.testing.SuiteTestClassProcessor.stop(SuiteTestClassProcessor.java:61)
	at sun.reflect.NativeMethodAccessorImpl.invoke0(Native Method)
	at sun.reflect.NativeMethodAccessorImpl.invoke(NativeMethodAccessorImpl.java:62)
	at sun.reflect.DelegatingMethodAccessorImpl.invoke(DelegatingMethodAccessorImpl.java:43)
	at java.lang.reflect.Method.invoke(Method.java:498)
	at org.gradle.internal.dispatch.ReflectionDispatch.dispatch(ReflectionDispatch.java:36)
	at org.gradle.internal.dispatch.ReflectionDispatch.dispatch(ReflectionDispatch.java:24)
	at org.gradle.internal.dispatch.ContextClassLoaderDispatch.dispatch(ContextClassLoaderDispatch.java:33)
	at org.gradle.internal.dispatch.ProxyDispatchAdapter$DispatchingInvocationHandler.invoke(ProxyDispatchAdapter.java:94)
	at com.sun.proxy.$Proxy2.stop(Unknown Source)
	at org.gradle.api.internal.tasks.testing.worker.TestWorker$3.run(TestWorker.java:193)
	at org.gradle.api.internal.tasks.testing.worker.TestWorker.executeAndMaintainThreadName(TestWorker.java:129)
	at org.gradle.api.internal.tasks.testing.worker.TestWorker.execute(TestWorker.java:100)
	at org.gradle.api.internal.tasks.testing.worker.TestWorker.execute(TestWorker.java:60)
	at org.gradle.process.internal.worker.child.ActionExecutionWorker.execute(ActionExecutionWorker.java:56)
	at org.gradle.process.internal.worker.child.SystemApplicationClassLoaderWorker.call(SystemApplicationClassLoaderWorker.java:133)
	at org.gradle.process.internal.worker.child.SystemApplicationClassLoaderWorker.call(SystemApplicationClassLoaderWorker.java:71)
	at worker.org.gradle.process.internal.worker.GradleWorkerMain.run(GradleWorkerMain.java:69)
	at worker.org.gradle.process.internal.worker.GradleWorkerMain.main(GradleWorkerMain.java:74)
</failure>
  </testcase>
  <testcase name="carSearchSuccess[2](Car(location=Paris, make=UK, model=Porsh, year=2018, engine=2.8, fuel=Petrol, gear=SMT, wD=FWD, doors=3, seats=2, clasS=Sx, fuelConsumption=12, registrationNum=10-100-33323992, price=80, distance=150, features=Red fast car, about=Super car))" classname="tests.LetTheCarWork" time="17.062">
    <failure message="org.openqa.selenium.TimeoutException: Expected condition failed: waiting for element to be clickable: [[ChromeDriver: chrome on WINDOWS (c6e176e19308c02b4928deafc68e6501)] -&gt; xpath: //*[text()='Submit']] (tried for 10 second(s) with 500 milliseconds interval)&#10;Build info: version: '3.141.59', revision: 'e82be7d358', time: '2018-11-14T08:17:03'&#10;System info: host: 'ARTEMKA', ip: '192.168.0.103', os.name: 'Windows 10', os.arch: 'amd64', os.version: '10.0', java.version: '1.8.0_333'&#10;Driver info: org.openqa.selenium.support.events.EventFiringWebDriver&#10;Capabilities {acceptInsecureCerts: false, browserName: chrome, browserVersion: 102.0.5005.115, chrome: {chromedriverVersion: 101.0.4951.41 (93c720db8323..., userDataDir: C:\Users\ompre\AppData\Loca...}, goog:chromeOptions: {debuggerAddress: localhost:61361}, javascriptEnabled: true, networkConnectionEnabled: false, pageLoadStrategy: normal, platform: WINDOWS, platformName: WINDOWS, proxy: Proxy(), setWindowRect: true, strictFileInteractability: false, timeouts: {implicit: 0, pageLoad: 300000, script: 30000}, unhandledPromptBehavior: dismiss and notify, webauthn:extension:credBlob: true, webauthn:extension:largeBlob: true, webauthn:virtualAuthenticators: true}&#10;Session ID: c6e176e19308c02b4928deafc68e6501" type="org.openqa.selenium.TimeoutException">org.openqa.selenium.TimeoutException: Expected condition failed: waiting for element to be clickable: [[ChromeDriver: chrome on WINDOWS (c6e176e19308c02b4928deafc68e6501)] -&gt; xpath: //*[text()='Submit']] (tried for 10 second(s) with 500 milliseconds interval)
Build info: version: '3.141.59', revision: 'e82be7d358', time: '2018-11-14T08:17:03'
System info: host: 'ARTEMKA', ip: '192.168.0.103', os.name: 'Windows 10', os.arch: 'amd64', os.version: '10.0', java.version: '1.8.0_333'
Driver info: org.openqa.selenium.support.events.EventFiringWebDriver
Capabilities {acceptInsecureCerts: false, browserName: chrome, browserVersion: 102.0.5005.115, chrome: {chromedriverVersion: 101.0.4951.41 (93c720db8323..., userDataDir: C:\Users\ompre\AppData\Loca...}, goog:chromeOptions: {debuggerAddress: localhost:61361}, javascriptEnabled: true, networkConnectionEnabled: false, pageLoadStrategy: normal, platform: WINDOWS, platformName: WINDOWS, proxy: Proxy(), setWindowRect: true, strictFileInteractability: false, timeouts: {implicit: 0, pageLoad: 300000, script: 30000}, unhandledPromptBehavior: dismiss and notify, webauthn:extension:credBlob: true, webauthn:extension:largeBlob: true, webauthn:virtualAuthenticators: true}
Session ID: c6e176e19308c02b4928deafc68e6501
	at org.openqa.selenium.support.ui.WebDriverWait.timeoutException(WebDriverWait.java:95)
	at org.openqa.selenium.support.ui.FluentWait.until(FluentWait.java:272)
	at manager.HelperCar.submitCar(HelperCar.java:57)
	at tests.LetTheCarWork.carSearchSuccess(LetTheCarWork.java:32)
	at sun.reflect.NativeMethodAccessorImpl.invoke0(Native Method)
	at sun.reflect.NativeMethodAccessorImpl.invoke(NativeMethodAccessorImpl.java:62)
	at sun.reflect.DelegatingMethodAccessorImpl.invoke(DelegatingMethodAccessorImpl.java:43)
	at java.lang.reflect.Method.invoke(Method.java:498)
	at org.testng.internal.MethodInvocationHelper.invokeMethod(MethodInvocationHelper.java:133)
	at org.testng.internal.TestInvoker.invokeMethod(TestInvoker.java:598)
	at org.testng.internal.TestInvoker.invokeTestMethod(TestInvoker.java:173)
	at org.testng.internal.MethodRunner.runInSequence(MethodRunner.java:46)
	at org.testng.internal.TestInvoker$MethodInvocationAgent.invoke(TestInvoker.java:824)
	at org.testng.internal.TestInvoker.invokeTestMethods(TestInvoker.java:146)
	at org.testng.internal.TestMethodWorker.invokeTestMethods(TestMethodWorker.java:146)
	at org.testng.internal.TestMethodWorker.run(TestMethodWorker.java:128)
	at java.util.ArrayList.forEach(ArrayList.java:1259)
	at org.testng.TestRunner.privateRun(TestRunner.java:794)
	at org.testng.TestRunner.run(TestRunner.java:596)
	at org.testng.SuiteRunner.runTest(SuiteRunner.java:377)
	at org.testng.SuiteRunner.runSequentially(SuiteRunner.java:371)
	at org.testng.SuiteRunner.privateRun(SuiteRunner.java:332)
	at org.testng.SuiteRunner.run(SuiteRunner.java:276)
	at org.testng.SuiteRunnerWorker.runSuite(SuiteRunnerWorker.java:53)
	at org.testng.SuiteRunnerWorker.run(SuiteRunnerWorker.java:96)
	at org.testng.TestNG.runSuitesSequentially(TestNG.java:1212)
	at org.testng.TestNG.runSuitesLocally(TestNG.java:1134)
	at org.testng.TestNG.runSuites(TestNG.java:1063)
	at org.testng.TestNG.run(TestNG.java:1031)
	at org.gradle.api.internal.tasks.testing.testng.TestNGTestClassProcessor.runTests(TestNGTestClassProcessor.java:141)
	at org.gradle.api.internal.tasks.testing.testng.TestNGTestClassProcessor.stop(TestNGTestClassProcessor.java:90)
	at org.gradle.api.internal.tasks.testing.SuiteTestClassProcessor.stop(SuiteTestClassProcessor.java:61)
	at sun.reflect.NativeMethodAccessorImpl.invoke0(Native Method)
	at sun.reflect.NativeMethodAccessorImpl.invoke(NativeMethodAccessorImpl.java:62)
	at sun.reflect.DelegatingMethodAccessorImpl.invoke(DelegatingMethodAccessorImpl.java:43)
	at java.lang.reflect.Method.invoke(Method.java:498)
	at org.gradle.internal.dispatch.ReflectionDispatch.dispatch(ReflectionDispatch.java:36)
	at org.gradle.internal.dispatch.ReflectionDispatch.dispatch(ReflectionDispatch.java:24)
	at org.gradle.internal.dispatch.ContextClassLoaderDispatch.dispatch(ContextClassLoaderDispatch.java:33)
	at org.gradle.internal.dispatch.ProxyDispatchAdapter$DispatchingInvocationHandler.invoke(ProxyDispatchAdapter.java:94)
	at com.sun.proxy.$Proxy2.stop(Unknown Source)
	at org.gradle.api.internal.tasks.testing.worker.TestWorker$3.run(TestWorker.java:193)
	at org.gradle.api.internal.tasks.testing.worker.TestWorker.executeAndMaintainThreadName(TestWorker.java:129)
	at org.gradle.api.internal.tasks.testing.worker.TestWorker.execute(TestWorker.java:100)
	at org.gradle.api.internal.tasks.testing.worker.TestWorker.execute(TestWorker.java:60)
	at org.gradle.process.internal.worker.child.ActionExecutionWorker.execute(ActionExecutionWorker.java:56)
	at org.gradle.process.internal.worker.child.SystemApplicationClassLoaderWorker.call(SystemApplicationClassLoaderWorker.java:133)
	at org.gradle.process.internal.worker.child.SystemApplicationClassLoaderWorker.call(SystemApplicationClassLoaderWorker.java:71)
	at worker.org.gradle.process.internal.worker.GradleWorkerMain.run(GradleWorkerMain.java:69)
	at worker.org.gradle.process.internal.worker.GradleWorkerMain.main(GradleWorkerMain.java:74)
</failure>
  </testcase>
  <testcase name="carSearchSuccess[3](Car(location=Madrid, make=UK, model=Porsh, year=2018, engine=2.8, fuel=Petrol, gear=SMT, wD=FWD, doors=3, seats=2, clasS=Sx, fuelConsumption=12, registrationNum=10-100-33323993, price=80, distance=150, features=Red fast car, about=Super car))" classname="tests.LetTheCarWork" time="6.968">
    <failure message="org.openqa.selenium.StaleElementReferenceException: stale element reference: element is not attached to the page document&#10;  (Session info: chrome=102.0.5005.115)&#10;For documentation on this error, please visit: https://www.seleniumhq.org/exceptions/stale_element_reference.html&#10;Build info: version: '3.141.59', revision: 'e82be7d358', time: '2018-11-14T08:17:03'&#10;System info: host: 'ARTEMKA', ip: '192.168.0.103', os.name: 'Windows 10', os.arch: 'amd64', os.version: '10.0', java.version: '1.8.0_333'&#10;Driver info: org.openqa.selenium.chrome.ChromeDriver&#10;Capabilities {acceptInsecureCerts: false, browserName: chrome, browserVersion: 102.0.5005.115, chrome: {chromedriverVersion: 101.0.4951.41 (93c720db8323..., userDataDir: C:\Users\ompre\AppData\Loca...}, goog:chromeOptions: {debuggerAddress: localhost:61361}, javascriptEnabled: true, networkConnectionEnabled: false, pageLoadStrategy: normal, platform: WINDOWS, platformName: WINDOWS, proxy: Proxy(), setWindowRect: true, strictFileInteractability: false, timeouts: {implicit: 0, pageLoad: 300000, script: 30000}, unhandledPromptBehavior: dismiss and notify, webauthn:extension:credBlob: true, webauthn:extension:largeBlob: true, webauthn:virtualAuthenticators: true}&#10;Session ID: c6e176e19308c02b4928deafc68e6501" type="org.openqa.selenium.StaleElementReferenceException">org.openqa.selenium.StaleElementReferenceException: stale element reference: element is not attached to the page document
  (Session info: chrome=102.0.5005.115)
For documentation on this error, please visit: https://www.seleniumhq.org/exceptions/stale_element_reference.html
Build info: version: '3.141.59', revision: 'e82be7d358', time: '2018-11-14T08:17:03'
System info: host: 'ARTEMKA', ip: '192.168.0.103', os.name: 'Windows 10', os.arch: 'amd64', os.version: '10.0', java.version: '1.8.0_333'
Driver info: org.openqa.selenium.chrome.ChromeDriver
Capabilities {acceptInsecureCerts: false, browserName: chrome, browserVersion: 102.0.5005.115, chrome: {chromedriverVersion: 101.0.4951.41 (93c720db8323..., userDataDir: C:\Users\ompre\AppData\Loca...}, goog:chromeOptions: {debuggerAddress: localhost:61361}, javascriptEnabled: true, networkConnectionEnabled: false, pageLoadStrategy: normal, platform: WINDOWS, platformName: WINDOWS, proxy: Proxy(), setWindowRect: true, strictFileInteractability: false, timeouts: {implicit: 0, pageLoad: 300000, script: 30000}, unhandledPromptBehavior: dismiss and notify, webauthn:extension:credBlob: true, webauthn:extension:largeBlob: true, webauthn:virtualAuthenticators: true}
Session ID: c6e176e19308c02b4928deafc68e6501
	at manager.MyListener.onException(MyListener.java:39)
	at sun.reflect.NativeMethodAccessorImpl.invoke0(Native Method)
	at sun.reflect.NativeMethodAccessorImpl.invoke(NativeMethodAccessorImpl.java:62)
	at sun.reflect.DelegatingMethodAccessorImpl.invoke(DelegatingMethodAccessorImpl.java:43)
	at java.lang.reflect.Method.invoke(Method.java:498)
	at org.openqa.selenium.support.events.EventFiringWebDriver.lambda$new$0(EventFiringWebDriver.java:84)
	at com.sun.proxy.$Proxy11.onException(Unknown Source)
	at org.openqa.selenium.support.events.EventFiringWebDriver$EventFiringWebElement.lambda$new$0(EventFiringWebDriver.java:406)
	at com.sun.proxy.$Proxy13.sendKeys(Unknown Source)
	at org.openqa.selenium.support.events.EventFiringWebDriver$EventFiringWebElement.sendKeys(EventFiringWebDriver.java:429)
	at manager.HelperBase.type(HelperBase.java:30)
	at manager.HelperCar.fillForm(HelperCar.java:39)
	at tests.LetTheCarWork.carSearchSuccess(LetTheCarWork.java:29)
	at sun.reflect.NativeMethodAccessorImpl.invoke0(Native Method)
	at sun.reflect.NativeMethodAccessorImpl.invoke(NativeMethodAccessorImpl.java:62)
	at sun.reflect.DelegatingMethodAccessorImpl.invoke(DelegatingMethodAccessorImpl.java:43)
	at java.lang.reflect.Method.invoke(Method.java:498)
	at org.testng.internal.MethodInvocationHelper.invokeMethod(MethodInvocationHelper.java:133)
	at org.testng.internal.TestInvoker.invokeMethod(TestInvoker.java:598)
	at org.testng.internal.TestInvoker.invokeTestMethod(TestInvoker.java:173)
	at org.testng.internal.MethodRunner.runInSequence(MethodRunner.java:46)
	at org.testng.internal.TestInvoker$MethodInvocationAgent.invoke(TestInvoker.java:824)
	at org.testng.internal.TestInvoker.invokeTestMethods(TestInvoker.java:146)
	at org.testng.internal.TestMethodWorker.invokeTestMethods(TestMethodWorker.java:146)
	at org.testng.internal.TestMethodWorker.run(TestMethodWorker.java:128)
	at java.util.ArrayList.forEach(ArrayList.java:1259)
	at org.testng.TestRunner.privateRun(TestRunner.java:794)
	at org.testng.TestRunner.run(TestRunner.java:596)
	at org.testng.SuiteRunner.runTest(SuiteRunner.java:377)
	at org.testng.SuiteRunner.runSequentially(SuiteRunner.java:371)
	at org.testng.SuiteRunner.privateRun(SuiteRunner.java:332)
	at org.testng.SuiteRunner.run(SuiteRunner.java:276)
	at org.testng.SuiteRunnerWorker.runSuite(SuiteRunnerWorker.java:53)
	at org.testng.SuiteRunnerWorker.run(SuiteRunnerWorker.java:96)
	at org.testng.TestNG.runSuitesSequentially(TestNG.java:1212)
	at org.testng.TestNG.runSuitesLocally(TestNG.java:1134)
	at org.testng.TestNG.runSuites(TestNG.java:1063)
	at org.testng.TestNG.run(TestNG.java:1031)
	at org.gradle.api.internal.tasks.testing.testng.TestNGTestClassProcessor.runTests(TestNGTestClassProcessor.java:141)
	at org.gradle.api.internal.tasks.testing.testng.TestNGTestClassProcessor.stop(TestNGTestClassProcessor.java:90)
	at org.gradle.api.internal.tasks.testing.SuiteTestClassProcessor.stop(SuiteTestClassProcessor.java:61)
	at sun.reflect.NativeMethodAccessorImpl.invoke0(Native Method)
	at sun.reflect.NativeMethodAccessorImpl.invoke(NativeMethodAccessorImpl.java:62)
	at sun.reflect.DelegatingMethodAccessorImpl.invoke(DelegatingMethodAccessorImpl.java:43)
	at java.lang.reflect.Method.invoke(Method.java:498)
	at org.gradle.internal.dispatch.ReflectionDispatch.dispatch(ReflectionDispatch.java:36)
	at org.gradle.internal.dispatch.ReflectionDispatch.dispatch(ReflectionDispatch.java:24)
	at org.gradle.internal.dispatch.ContextClassLoaderDispatch.dispatch(ContextClassLoaderDispatch.java:33)
	at org.gradle.internal.dispatch.ProxyDispatchAdapter$DispatchingInvocationHandler.invoke(ProxyDispatchAdapter.java:94)
	at com.sun.proxy.$Proxy2.stop(Unknown Source)
	at org.gradle.api.internal.tasks.testing.worker.TestWorker$3.run(TestWorker.java:193)
	at org.gradle.api.internal.tasks.testing.worker.TestWorker.executeAndMaintainThreadName(TestWorker.java:129)
	at org.gradle.api.internal.tasks.testing.worker.TestWorker.execute(TestWorker.java:100)
	at org.gradle.api.internal.tasks.testing.worker.TestWorker.execute(TestWorker.java:60)
	at org.gradle.process.internal.worker.child.ActionExecutionWorker.execute(ActionExecutionWorker.java:56)
	at org.gradle.process.internal.worker.child.SystemApplicationClassLoaderWorker.call(SystemApplicationClassLoaderWorker.java:133)
	at org.gradle.process.internal.worker.child.SystemApplicationClassLoaderWorker.call(SystemApplicationClassLoaderWorker.java:71)
	at worker.org.gradle.process.internal.worker.GradleWorkerMain.run(GradleWorkerMain.java:69)
	at worker.org.gradle.process.internal.worker.GradleWorkerMain.main(GradleWorkerMain.java:74)
</failure>
  </testcase>
  <system-out><![CDATA[15:39:54 INFO  manager.MyListener - Start search element by locator-->By.xpath: //*[text()=' Logout ']
15:39:59 INFO  manager.MyListener - Element with locator-->By.xpath: //*[text()=' Logout '] was found
15:39:59 INFO  manager.MyListener - Start search element by locator-->By.xpath: //*[text()=' Log in ']
15:39:59 INFO  manager.MyListener - Element with locator-->By.xpath: //*[text()=' Log in '] was found
15:39:59 INFO  manager.MyListener - Start search element by locator-->By.cssSelector: div input#email
15:39:59 INFO  manager.MyListener - Element with locator-->By.cssSelector: div input#email was found
15:39:59 INFO  manager.MyListener - Start search element by locator-->By.cssSelector: div input#password
15:39:59 INFO  manager.MyListener - Element with locator-->By.cssSelector: div input#password was found
15:39:59 INFO  manager.MyListener - Start search element by locator-->By.cssSelector: form button[type='submit']
15:39:59 INFO  manager.MyListener - Element with locator-->By.cssSelector: form button[type='submit'] was found
15:39:59 INFO  tests.TestBase - Starts test---> carSearchSuccess
15:39:59 INFO  tests.TestBase - Test starts with car details:--->London, Porsh, UK
15:39:59 INFO  manager.MyListener - Start search element by locator-->By.cssSelector: a[href='/let-car-work']
15:39:59 INFO  manager.MyListener - Element with locator-->By.cssSelector: a[href='/let-car-work'] was found
15:39:59 INFO  manager.MyListener - Start search element by locator-->By.id: pickUpPlace
15:39:59 INFO  manager.MyListener - Element with locator-->By.id: pickUpPlace was found
15:40:00 INFO  manager.MyListener - Start search element by locator-->By.cssSelector: div.pac-item
15:40:00 INFO  manager.MyListener - Element with locator-->By.cssSelector: div.pac-item was found
15:40:01 INFO  manager.MyListener - Start search element by locator-->By.cssSelector: input[id='make']
15:40:01 INFO  manager.MyListener - Element with locator-->By.cssSelector: input[id='make'] was found
15:40:01 INFO  manager.MyListener - Start search element by locator-->By.id: model
15:40:01 INFO  manager.MyListener - Element with locator-->By.id: model was found
15:40:01 INFO  manager.MyListener - Start search element by locator-->By.id: year
15:40:01 INFO  manager.MyListener - Element with locator-->By.id: year was found
15:40:01 INFO  manager.MyListener - Start search element by locator-->By.id: engine
15:40:01 INFO  manager.MyListener - Element with locator-->By.id: engine was found
15:40:01 INFO  manager.MyListener - Start search element by locator-->By.id: fuel
15:40:01 INFO  manager.MyListener - Element with locator-->By.id: fuel was found
15:40:01 INFO  manager.MyListener - Start search element by locator-->By.xpath: .//option[@value = "Petrol"]
15:40:02 INFO  manager.MyListener - Element with locator-->By.xpath: .//option[@value = "Petrol"] was found
15:40:02 INFO  manager.MyListener - Start search element by locator-->By.id: gear
15:40:02 INFO  manager.MyListener - Element with locator-->By.id: gear was found
15:40:02 INFO  manager.MyListener - Start search element by locator-->By.xpath: .//option[@value = "SMT"]
15:40:02 INFO  manager.MyListener - Element with locator-->By.xpath: .//option[@value = "SMT"] was found
15:40:02 INFO  manager.MyListener - Start search element by locator-->By.id: wheelsDrive
15:40:02 INFO  manager.MyListener - Element with locator-->By.id: wheelsDrive was found
15:40:02 INFO  manager.MyListener - Start search element by locator-->By.xpath: .//option[@value = "FWD"]
15:40:02 INFO  manager.MyListener - Element with locator-->By.xpath: .//option[@value = "FWD"] was found
15:40:02 INFO  manager.MyListener - Start search element by locator-->By.id: doors
15:40:02 INFO  manager.MyListener - Element with locator-->By.id: doors was found
15:40:02 INFO  manager.MyListener - Start search element by locator-->By.id: seats
15:40:02 INFO  manager.MyListener - Element with locator-->By.id: seats was found
15:40:02 INFO  manager.MyListener - Start search element by locator-->By.id: class
15:40:02 INFO  manager.MyListener - Element with locator-->By.id: class was found
15:40:02 INFO  manager.MyListener - Start search element by locator-->By.id: fuelConsumption
15:40:02 INFO  manager.MyListener - Element with locator-->By.id: fuelConsumption was found
15:40:02 INFO  manager.MyListener - Start search element by locator-->By.id: serialNumber
15:40:02 INFO  manager.MyListener - Element with locator-->By.id: serialNumber was found
15:40:03 INFO  manager.MyListener - Start search element by locator-->By.id: price
15:40:03 INFO  manager.MyListener - Element with locator-->By.id: price was found
15:40:03 INFO  manager.MyListener - Start search element by locator-->By.id: distance
15:40:03 INFO  manager.MyListener - Element with locator-->By.id: distance was found
15:40:06 INFO  manager.MyListener - Start search element by locator-->By.cssSelector: input.feature-input
15:40:06 INFO  manager.MyListener - Element with locator-->By.cssSelector: input.feature-input was found
15:40:06 INFO  manager.MyListener - Start search element by locator-->By.id: about
15:40:06 INFO  manager.MyListener - Element with locator-->By.id: about was found
15:40:06 INFO  manager.MyListener - Start search element by locator-->By.id: photos
15:40:06 INFO  manager.MyListener - Element with locator-->By.id: photos was found
15:40:06 INFO  manager.MyListener - Start search element by locator-->By.xpath: //*[text()='Submit']
15:40:06 INFO  manager.MyListener - Element with locator-->By.xpath: //*[text()='Submit'] was found
15:40:17 INFO  tests.TestBase - Ends test---> carSearchSuccess
15:40:17 INFO  tests.TestBase - Starts test---> carSearchSuccess
15:40:17 INFO  tests.TestBase - Test starts with car details:--->Berlin, Porsh, UK
15:40:17 INFO  manager.MyListener - Start search element by locator-->By.cssSelector: a[href='/let-car-work']
15:40:17 INFO  manager.MyListener - Element with locator-->By.cssSelector: a[href='/let-car-work'] was found
15:40:17 INFO  manager.MyListener - Start search element by locator-->By.id: pickUpPlace
15:40:17 INFO  manager.MyListener - Element with locator-->By.id: pickUpPlace was found
15:40:17 INFO  manager.MyListener - Start search element by locator-->By.cssSelector: div.pac-item
15:40:17 INFO  manager.MyListener - Element with locator-->By.cssSelector: div.pac-item was found
15:40:18 INFO  manager.MyListener - Start search element by locator-->By.cssSelector: input[id='make']
15:40:18 INFO  manager.MyListener - Element with locator-->By.cssSelector: input[id='make'] was found
15:40:18 INFO  manager.MyListener - Start search element by locator-->By.id: model
15:40:18 INFO  manager.MyListener - Element with locator-->By.id: model was found
15:40:19 INFO  manager.MyListener - Start search element by locator-->By.id: year
15:40:19 INFO  manager.MyListener - Element with locator-->By.id: year was found
15:40:19 INFO  manager.MyListener - Start search element by locator-->By.id: engine
15:40:19 INFO  manager.MyListener - Element with locator-->By.id: engine was found
15:40:19 INFO  manager.MyListener - Start search element by locator-->By.id: fuel
15:40:19 INFO  manager.MyListener - Element with locator-->By.id: fuel was found
15:40:19 INFO  manager.MyListener - Start search element by locator-->By.xpath: .//option[@value = "Petrol"]
15:40:19 INFO  manager.MyListener - Element with locator-->By.xpath: .//option[@value = "Petrol"] was found
15:40:19 INFO  manager.MyListener - Start search element by locator-->By.id: gear
15:40:19 INFO  manager.MyListener - Element with locator-->By.id: gear was found
15:40:19 INFO  manager.MyListener - Start search element by locator-->By.xpath: .//option[@value = "SMT"]
15:40:19 INFO  manager.MyListener - Element with locator-->By.xpath: .//option[@value = "SMT"] was found
15:40:19 INFO  manager.MyListener - Start search element by locator-->By.id: wheelsDrive
15:40:19 INFO  manager.MyListener - Element with locator-->By.id: wheelsDrive was found
15:40:19 INFO  manager.MyListener - Start search element by locator-->By.xpath: .//option[@value = "FWD"]
15:40:19 INFO  manager.MyListener - Element with locator-->By.xpath: .//option[@value = "FWD"] was found
15:40:19 INFO  manager.MyListener - Start search element by locator-->By.id: doors
15:40:19 INFO  manager.MyListener - Element with locator-->By.id: doors was found
15:40:19 INFO  manager.MyListener - Start search element by locator-->By.id: seats
15:40:19 INFO  manager.MyListener - Element with locator-->By.id: seats was found
15:40:19 INFO  manager.MyListener - Start search element by locator-->By.id: class
15:40:19 INFO  manager.MyListener - Element with locator-->By.id: class was found
15:40:20 INFO  manager.MyListener - Start search element by locator-->By.id: fuelConsumption
15:40:20 INFO  manager.MyListener - Element with locator-->By.id: fuelConsumption was found
15:40:20 INFO  manager.MyListener - Start search element by locator-->By.id: serialNumber
15:40:20 INFO  manager.MyListener - Element with locator-->By.id: serialNumber was found
15:40:20 INFO  manager.MyListener - Start search element by locator-->By.id: price
15:40:20 INFO  manager.MyListener - Element with locator-->By.id: price was found
15:40:20 INFO  manager.MyListener - Start search element by locator-->By.id: distance
15:40:20 INFO  manager.MyListener - Element with locator-->By.id: distance was found
15:40:23 INFO  manager.MyListener - Start search element by locator-->By.cssSelector: input.feature-input
15:40:23 INFO  manager.MyListener - Element with locator-->By.cssSelector: input.feature-input was found
15:40:23 INFO  manager.MyListener - Something went wrong: https://ilcarro-1578153671498.web.app/let-car-work
15:40:23 INFO  manager.MyListener - stale element reference: element is not attached to the page document
  (Session info: chrome=102.0.5005.115)
For documentation on this error, please visit: https://www.seleniumhq.org/exceptions/stale_element_reference.html
Build info: version: '3.141.59', revision: 'e82be7d358', time: '2018-11-14T08:17:03'
System info: host: 'ARTEMKA', ip: '192.168.0.103', os.name: 'Windows 10', os.arch: 'amd64', os.version: '10.0', java.version: '1.8.0_333'
Driver info: org.openqa.selenium.chrome.ChromeDriver
Capabilities {acceptInsecureCerts: false, browserName: chrome, browserVersion: 102.0.5005.115, chrome: {chromedriverVersion: 101.0.4951.41 (93c720db8323..., userDataDir: C:\Users\ompre\AppData\Loca...}, goog:chromeOptions: {debuggerAddress: localhost:61361}, javascriptEnabled: true, networkConnectionEnabled: false, pageLoadStrategy: normal, platform: WINDOWS, platformName: WINDOWS, proxy: Proxy(), setWindowRect: true, strictFileInteractability: false, timeouts: {implicit: 0, pageLoad: 300000, script: 30000}, unhandledPromptBehavior: dismiss and notify, webauthn:extension:credBlob: true, webauthn:extension:largeBlob: true, webauthn:virtualAuthenticators: true}
Session ID: c6e176e19308c02b4928deafc68e6501
15:40:23 INFO  manager.MyListener - org.openqa.selenium.StaleElementReferenceException: stale element reference: element is not attached to the page document
  (Session info: chrome=102.0.5005.115)
For documentation on this error, please visit: https://www.seleniumhq.org/exceptions/stale_element_reference.html
Build info: version: '3.141.59', revision: 'e82be7d358', time: '2018-11-14T08:17:03'
System info: host: 'ARTEMKA', ip: '192.168.0.103', os.name: 'Windows 10', os.arch: 'amd64', os.version: '10.0', java.version: '1.8.0_333'
Driver info: org.openqa.selenium.chrome.ChromeDriver
Capabilities {acceptInsecureCerts: false, browserName: chrome, browserVersion: 102.0.5005.115, chrome: {chromedriverVersion: 101.0.4951.41 (93c720db8323..., userDataDir: C:\Users\ompre\AppData\Loca...}, goog:chromeOptions: {debuggerAddress: localhost:61361}, javascriptEnabled: true, networkConnectionEnabled: false, pageLoadStrategy: normal, platform: WINDOWS, platformName: WINDOWS, proxy: Proxy(), setWindowRect: true, strictFileInteractability: false, timeouts: {implicit: 0, pageLoad: 300000, script: 30000}, unhandledPromptBehavior: dismiss and notify, webauthn:extension:credBlob: true, webauthn:extension:largeBlob: true, webauthn:virtualAuthenticators: true}
Session ID: c6e176e19308c02b4928deafc68e6501
15:40:23 INFO  tests.TestBase - Ends test---> carSearchSuccess
15:40:23 INFO  tests.TestBase - Starts test---> carSearchSuccess
15:40:23 INFO  tests.TestBase - Test starts with car details:--->Paris, Porsh, UK
15:40:23 INFO  manager.MyListener - Start search element by locator-->By.cssSelector: a[href='/let-car-work']
15:40:23 INFO  manager.MyListener - Element with locator-->By.cssSelector: a[href='/let-car-work'] was found
15:40:23 INFO  manager.MyListener - Start search element by locator-->By.id: pickUpPlace
15:40:23 INFO  manager.MyListener - Element with locator-->By.id: pickUpPlace was found
15:40:24 INFO  manager.MyListener - Start search element by locator-->By.cssSelector: div.pac-item
15:40:24 INFO  manager.MyListener - Element with locator-->By.cssSelector: div.pac-item was found
15:40:25 INFO  manager.MyListener - Start search element by locator-->By.cssSelector: input[id='make']
15:40:25 INFO  manager.MyListener - Element with locator-->By.cssSelector: input[id='make'] was found
15:40:25 INFO  manager.MyListener - Start search element by locator-->By.id: model
15:40:25 INFO  manager.MyListener - Element with locator-->By.id: model was found
15:40:25 INFO  manager.MyListener - Start search element by locator-->By.id: year
15:40:25 INFO  manager.MyListener - Element with locator-->By.id: year was found
15:40:26 INFO  manager.MyListener - Start search element by locator-->By.id: engine
15:40:26 INFO  manager.MyListener - Element with locator-->By.id: engine was found
15:40:26 INFO  manager.MyListener - Start search element by locator-->By.id: fuel
15:40:26 INFO  manager.MyListener - Element with locator-->By.id: fuel was found
15:40:26 INFO  manager.MyListener - Start search element by locator-->By.xpath: .//option[@value = "Petrol"]
15:40:26 INFO  manager.MyListener - Element with locator-->By.xpath: .//option[@value = "Petrol"] was found
15:40:26 INFO  manager.MyListener - Start search element by locator-->By.id: gear
15:40:26 INFO  manager.MyListener - Element with locator-->By.id: gear was found
15:40:26 INFO  manager.MyListener - Start search element by locator-->By.xpath: .//option[@value = "SMT"]
15:40:26 INFO  manager.MyListener - Element with locator-->By.xpath: .//option[@value = "SMT"] was found
15:40:26 INFO  manager.MyListener - Start search element by locator-->By.id: wheelsDrive
15:40:26 INFO  manager.MyListener - Element with locator-->By.id: wheelsDrive was found
15:40:26 INFO  manager.MyListener - Start search element by locator-->By.xpath: .//option[@value = "FWD"]
15:40:26 INFO  manager.MyListener - Element with locator-->By.xpath: .//option[@value = "FWD"] was found
15:40:26 INFO  manager.MyListener - Start search element by locator-->By.id: doors
15:40:26 INFO  manager.MyListener - Element with locator-->By.id: doors was found
15:40:26 INFO  manager.MyListener - Start search element by locator-->By.id: seats
15:40:26 INFO  manager.MyListener - Element with locator-->By.id: seats was found
15:40:26 INFO  manager.MyListener - Start search element by locator-->By.id: class
15:40:26 INFO  manager.MyListener - Element with locator-->By.id: class was found
15:40:26 INFO  manager.MyListener - Start search element by locator-->By.id: fuelConsumption
15:40:26 INFO  manager.MyListener - Element with locator-->By.id: fuelConsumption was found
15:40:26 INFO  manager.MyListener - Start search element by locator-->By.id: serialNumber
15:40:26 INFO  manager.MyListener - Element with locator-->By.id: serialNumber was found
15:40:27 INFO  manager.MyListener - Start search element by locator-->By.id: price
15:40:27 INFO  manager.MyListener - Element with locator-->By.id: price was found
15:40:27 INFO  manager.MyListener - Start search element by locator-->By.id: distance
15:40:27 INFO  manager.MyListener - Element with locator-->By.id: distance was found
15:40:30 INFO  manager.MyListener - Start search element by locator-->By.cssSelector: input.feature-input
15:40:30 INFO  manager.MyListener - Element with locator-->By.cssSelector: input.feature-input was found
15:40:30 INFO  manager.MyListener - Start search element by locator-->By.id: about
15:40:30 INFO  manager.MyListener - Element with locator-->By.id: about was found
15:40:30 INFO  manager.MyListener - Start search element by locator-->By.id: photos
15:40:30 INFO  manager.MyListener - Element with locator-->By.id: photos was found
15:40:30 INFO  manager.MyListener - Start search element by locator-->By.xpath: //*[text()='Submit']
15:40:30 INFO  manager.MyListener - Element with locator-->By.xpath: //*[text()='Submit'] was found
15:40:40 INFO  tests.TestBase - Ends test---> carSearchSuccess
15:40:40 INFO  tests.TestBase - Starts test---> carSearchSuccess
15:40:40 INFO  tests.TestBase - Test starts with car details:--->Madrid, Porsh, UK
15:40:40 INFO  manager.MyListener - Start search element by locator-->By.cssSelector: a[href='/let-car-work']
15:40:40 INFO  manager.MyListener - Element with locator-->By.cssSelector: a[href='/let-car-work'] was found
15:40:41 INFO  manager.MyListener - Start search element by locator-->By.id: pickUpPlace
15:40:41 INFO  manager.MyListener - Element with locator-->By.id: pickUpPlace was found
15:40:41 INFO  manager.MyListener - Start search element by locator-->By.cssSelector: div.pac-item
15:40:41 INFO  manager.MyListener - Element with locator-->By.cssSelector: div.pac-item was found
15:40:42 INFO  manager.MyListener - Start search element by locator-->By.cssSelector: input[id='make']
15:40:42 INFO  manager.MyListener - Element with locator-->By.cssSelector: input[id='make'] was found
15:40:42 INFO  manager.MyListener - Start search element by locator-->By.id: model
15:40:42 INFO  manager.MyListener - Element with locator-->By.id: model was found
15:40:43 INFO  manager.MyListener - Start search element by locator-->By.id: year
15:40:43 INFO  manager.MyListener - Element with locator-->By.id: year was found
15:40:43 INFO  manager.MyListener - Start search element by locator-->By.id: engine
15:40:43 INFO  manager.MyListener - Element with locator-->By.id: engine was found
15:40:43 INFO  manager.MyListener - Start search element by locator-->By.id: fuel
15:40:43 INFO  manager.MyListener - Element with locator-->By.id: fuel was found
15:40:43 INFO  manager.MyListener - Start search element by locator-->By.xpath: .//option[@value = "Petrol"]
15:40:43 INFO  manager.MyListener - Element with locator-->By.xpath: .//option[@value = "Petrol"] was found
15:40:43 INFO  manager.MyListener - Start search element by locator-->By.id: gear
15:40:43 INFO  manager.MyListener - Element with locator-->By.id: gear was found
15:40:43 INFO  manager.MyListener - Start search element by locator-->By.xpath: .//option[@value = "SMT"]
15:40:43 INFO  manager.MyListener - Element with locator-->By.xpath: .//option[@value = "SMT"] was found
15:40:43 INFO  manager.MyListener - Start search element by locator-->By.id: wheelsDrive
15:40:43 INFO  manager.MyListener - Element with locator-->By.id: wheelsDrive was found
15:40:43 INFO  manager.MyListener - Start search element by locator-->By.xpath: .//option[@value = "FWD"]
15:40:43 INFO  manager.MyListener - Element with locator-->By.xpath: .//option[@value = "FWD"] was found
15:40:43 INFO  manager.MyListener - Start search element by locator-->By.id: doors
15:40:43 INFO  manager.MyListener - Element with locator-->By.id: doors was found
15:40:43 INFO  manager.MyListener - Start search element by locator-->By.id: seats
15:40:43 INFO  manager.MyListener - Element with locator-->By.id: seats was found
15:40:43 INFO  manager.MyListener - Start search element by locator-->By.id: class
15:40:43 INFO  manager.MyListener - Element with locator-->By.id: class was found
15:40:44 INFO  manager.MyListener - Start search element by locator-->By.id: fuelConsumption
15:40:44 INFO  manager.MyListener - Element with locator-->By.id: fuelConsumption was found
15:40:44 INFO  manager.MyListener - Start search element by locator-->By.id: serialNumber
15:40:44 INFO  manager.MyListener - Element with locator-->By.id: serialNumber was found
15:40:44 INFO  manager.MyListener - Start search element by locator-->By.id: price
15:40:44 INFO  manager.MyListener - Element with locator-->By.id: price was found
15:40:44 INFO  manager.MyListener - Start search element by locator-->By.id: distance
15:40:44 INFO  manager.MyListener - Element with locator-->By.id: distance was found
15:40:47 INFO  manager.MyListener - Start search element by locator-->By.cssSelector: input.feature-input
15:40:47 INFO  manager.MyListener - Element with locator-->By.cssSelector: input.feature-input was found
15:40:47 INFO  manager.MyListener - Something went wrong: https://ilcarro-1578153671498.web.app/let-car-work
15:40:47 INFO  manager.MyListener - stale element reference: element is not attached to the page document
  (Session info: chrome=102.0.5005.115)
For documentation on this error, please visit: https://www.seleniumhq.org/exceptions/stale_element_reference.html
Build info: version: '3.141.59', revision: 'e82be7d358', time: '2018-11-14T08:17:03'
System info: host: 'ARTEMKA', ip: '192.168.0.103', os.name: 'Windows 10', os.arch: 'amd64', os.version: '10.0', java.version: '1.8.0_333'
Driver info: org.openqa.selenium.chrome.ChromeDriver
Capabilities {acceptInsecureCerts: false, browserName: chrome, browserVersion: 102.0.5005.115, chrome: {chromedriverVersion: 101.0.4951.41 (93c720db8323..., userDataDir: C:\Users\ompre\AppData\Loca...}, goog:chromeOptions: {debuggerAddress: localhost:61361}, javascriptEnabled: true, networkConnectionEnabled: false, pageLoadStrategy: normal, platform: WINDOWS, platformName: WINDOWS, proxy: Proxy(), setWindowRect: true, strictFileInteractability: false, timeouts: {implicit: 0, pageLoad: 300000, script: 30000}, unhandledPromptBehavior: dismiss and notify, webauthn:extension:credBlob: true, webauthn:extension:largeBlob: true, webauthn:virtualAuthenticators: true}
Session ID: c6e176e19308c02b4928deafc68e6501
15:40:47 INFO  manager.MyListener - org.openqa.selenium.StaleElementReferenceException: stale element reference: element is not attached to the page document
  (Session info: chrome=102.0.5005.115)
For documentation on this error, please visit: https://www.seleniumhq.org/exceptions/stale_element_reference.html
Build info: version: '3.141.59', revision: 'e82be7d358', time: '2018-11-14T08:17:03'
System info: host: 'ARTEMKA', ip: '192.168.0.103', os.name: 'Windows 10', os.arch: 'amd64', os.version: '10.0', java.version: '1.8.0_333'
Driver info: org.openqa.selenium.chrome.ChromeDriver
Capabilities {acceptInsecureCerts: false, browserName: chrome, browserVersion: 102.0.5005.115, chrome: {chromedriverVersion: 101.0.4951.41 (93c720db8323..., userDataDir: C:\Users\ompre\AppData\Loca...}, goog:chromeOptions: {debuggerAddress: localhost:61361}, javascriptEnabled: true, networkConnectionEnabled: false, pageLoadStrategy: normal, platform: WINDOWS, platformName: WINDOWS, proxy: Proxy(), setWindowRect: true, strictFileInteractability: false, timeouts: {implicit: 0, pageLoad: 300000, script: 30000}, unhandledPromptBehavior: dismiss and notify, webauthn:extension:credBlob: true, webauthn:extension:largeBlob: true, webauthn:virtualAuthenticators: true}
Session ID: c6e176e19308c02b4928deafc68e6501
15:40:47 INFO  tests.TestBase - Ends test---> carSearchSuccess
]]></system-out>
  <system-err><![CDATA[]]></system-err>
</testsuite>
