<?xml version="1.0" encoding="UTF-8"?>
<testsuite name="tests.LetTheCarWork" tests="12" skipped="0" failures="4" errors="0" timestamp="2022-06-05T17:34:23" hostname="ARTEMKA" time="57.419">
  <properties/>
  <testcase name="carSearchFail[0](Car(location=Tel Aviv, make=Japan, model=Honda, year=2001, engine=1,3, fuel=Petrol, gear=MT, wD=AWD, doors=4, seats=5, clasS=M, fuelConsumption=9,5, registrationNum=10-15-13333, price=-25, distance=120, features=New resin, about=Used but in good conditions))" classname="tests.LetTheCarWork" time="4.451"/>
  <testcase name="carSearchFail[1](Car(location=Moscow, make=Japan, model=Honda, year=2001, engine=1,3, fuel=Petrol, gear=MT, wD=AWD, doors=4, seats=5, clasS=M, fuelConsumption=9,5, registrationNum=10-15-13334, price=-25, distance=120, features=New resin, about=Used but in good conditions))" classname="tests.LetTheCarWork" time="4.445"/>
  <testcase name="carSearchFail[2](Car(location=Tokio, make=Japan, model=Honda, year=2001, engine=1,3, fuel=Petrol, gear=MT, wD=AWD, doors=4, seats=5, clasS=M, fuelConsumption=9,5, registrationNum=10-15-13335, price=-25, distance=120, features=New resin, about=Used but in good conditions))" classname="tests.LetTheCarWork" time="4.416"/>
  <testcase name="carSearchFail[3](Car(location=Singapore, make=Japan, model=Honda, year=2001, engine=1,3, fuel=Petrol, gear=MT, wD=AWD, doors=4, seats=5, clasS=M, fuelConsumption=9,5, registrationNum=10-15-13336, price=-25, distance=120, features=New resin, about=Used but in good conditions))" classname="tests.LetTheCarWork" time="4.359"/>
  <testcase name="carSearchFail[4](Car(location=London, make=Japan, model=Honda, year=2001, engine=1,3, fuel=Petrol, gear=MT, wD=AWD, doors=4, seats=5, clasS=M, fuelConsumption=9,5, registrationNum=10-15-13337, price=-25, distance=120, features=New resin, about=Used but in good conditions))" classname="tests.LetTheCarWork" time="4.348"/>
  <testcase name="carSearchFail[5](Car(location=New York, make=Japan, model=Honda, year=2001, engine=1,3, fuel=Petrol, gear=MT, wD=AWD, doors=4, seats=5, clasS=M, fuelConsumption=9,5, registrationNum=10-15-13338, price=-25, distance=120, features=New resin, about=Used but in good conditions))" classname="tests.LetTheCarWork" time="4.397"/>
  <testcase name="carSearchFail[6](Car(location=Samara, make=Japan, model=Honda, year=2001, engine=1,3, fuel=Petrol, gear=MT, wD=AWD, doors=4, seats=5, clasS=M, fuelConsumption=9,5, registrationNum=10-15-13339, price=-25, distance=120, features=New resin, about=Used but in good conditions))" classname="tests.LetTheCarWork" time="4.397"/>
  <testcase name="carSearchFail[7](Car(location=Miami, make=Japan, model=Honda, year=2001, engine=1,3, fuel=Petrol, gear=MT, wD=AWD, doors=4, seats=5, clasS=M, fuelConsumption=9,5, registrationNum=10-15-13340, price=-25, distance=120, features=New resin, about=Used but in good conditions))" classname="tests.LetTheCarWork" time="4.328"/>
  <testcase name="carSearchSuccess[0](Car(location=London, make=UK, model=Porsh, year=2018, engine=2.8, fuel=Petrol, gear=SMT, wD=FWD, doors=3, seats=2, clasS=Sx, fuelConsumption=12, registrationNum=10-100-3332098, price=80, distance=150, features=Red fast car, about=Super car))" classname="tests.LetTheCarWork" time="6.656">
    <failure message="java.lang.AssertionError: expected [true] but found [false]" type="java.lang.AssertionError">java.lang.AssertionError: expected [true] but found [false]
	at org.testng.Assert.fail(Assert.java:99)
	at org.testng.Assert.failNotEquals(Assert.java:1037)
	at org.testng.Assert.assertTrue(Assert.java:45)
	at org.testng.Assert.assertTrue(Assert.java:55)
	at tests.LetTheCarWork.carSearchSuccess(LetTheCarWork.java:40)
	at sun.reflect.NativeMethodAccessorImpl.invoke0(Native Method)
	at sun.reflect.NativeMethodAccessorImpl.invoke(NativeMethodAccessorImpl.java:62)
	at sun.reflect.DelegatingMethodAccessorImpl.invoke(DelegatingMethodAccessorImpl.java:43)
	at java.lang.reflect.Method.invoke(Method.java:498)
	at org.testng.internal.MethodInvocationHelper.invokeMethod(MethodInvocationHelper.java:133)
	at org.testng.internal.TestInvoker.invokeMethod(TestInvoker.java:598)
	at org.testng.internal.TestInvoker.invokeTestMethod(TestInvoker.java:173)
	at org.testng.internal.MethodRunner.runInSequence(MethodRunner.java:46)
	at org.testng.internal.TestInvoker$MethodInvocationAgent.invoke(TestInvoker.java:824)
	at org.testng.internal.TestInvoker.invokeTestMethods(TestInvoker.java:146)
	at org.testng.internal.TestMethodWorker.invokeTestMethods(TestMethodWorker.java:146)
	at org.testng.internal.TestMethodWorker.run(TestMethodWorker.java:128)
	at java.util.ArrayList.forEach(ArrayList.java:1259)
	at org.testng.TestRunner.privateRun(TestRunner.java:794)
	at org.testng.TestRunner.run(TestRunner.java:596)
	at org.testng.SuiteRunner.runTest(SuiteRunner.java:377)
	at org.testng.SuiteRunner.runSequentially(SuiteRunner.java:371)
	at org.testng.SuiteRunner.privateRun(SuiteRunner.java:332)
	at org.testng.SuiteRunner.run(SuiteRunner.java:276)
	at org.testng.SuiteRunnerWorker.runSuite(SuiteRunnerWorker.java:53)
	at org.testng.SuiteRunnerWorker.run(SuiteRunnerWorker.java:96)
	at org.testng.TestNG.runSuitesSequentially(TestNG.java:1212)
	at org.testng.TestNG.runSuitesLocally(TestNG.java:1134)
	at org.testng.TestNG.runSuites(TestNG.java:1063)
	at org.testng.TestNG.run(TestNG.java:1031)
	at org.gradle.api.internal.tasks.testing.testng.TestNGTestClassProcessor.runTests(TestNGTestClassProcessor.java:141)
	at org.gradle.api.internal.tasks.testing.testng.TestNGTestClassProcessor.stop(TestNGTestClassProcessor.java:90)
	at org.gradle.api.internal.tasks.testing.SuiteTestClassProcessor.stop(SuiteTestClassProcessor.java:61)
	at sun.reflect.NativeMethodAccessorImpl.invoke0(Native Method)
	at sun.reflect.NativeMethodAccessorImpl.invoke(NativeMethodAccessorImpl.java:62)
	at sun.reflect.DelegatingMethodAccessorImpl.invoke(DelegatingMethodAccessorImpl.java:43)
	at java.lang.reflect.Method.invoke(Method.java:498)
	at org.gradle.internal.dispatch.ReflectionDispatch.dispatch(ReflectionDispatch.java:36)
	at org.gradle.internal.dispatch.ReflectionDispatch.dispatch(ReflectionDispatch.java:24)
	at org.gradle.internal.dispatch.ContextClassLoaderDispatch.dispatch(ContextClassLoaderDispatch.java:33)
	at org.gradle.internal.dispatch.ProxyDispatchAdapter$DispatchingInvocationHandler.invoke(ProxyDispatchAdapter.java:94)
	at com.sun.proxy.$Proxy2.stop(Unknown Source)
	at org.gradle.api.internal.tasks.testing.worker.TestWorker$3.run(TestWorker.java:193)
	at org.gradle.api.internal.tasks.testing.worker.TestWorker.executeAndMaintainThreadName(TestWorker.java:129)
	at org.gradle.api.internal.tasks.testing.worker.TestWorker.execute(TestWorker.java:100)
	at org.gradle.api.internal.tasks.testing.worker.TestWorker.execute(TestWorker.java:60)
	at org.gradle.process.internal.worker.child.ActionExecutionWorker.execute(ActionExecutionWorker.java:56)
	at org.gradle.process.internal.worker.child.SystemApplicationClassLoaderWorker.call(SystemApplicationClassLoaderWorker.java:133)
	at org.gradle.process.internal.worker.child.SystemApplicationClassLoaderWorker.call(SystemApplicationClassLoaderWorker.java:71)
	at worker.org.gradle.process.internal.worker.GradleWorkerMain.run(GradleWorkerMain.java:69)
	at worker.org.gradle.process.internal.worker.GradleWorkerMain.main(GradleWorkerMain.java:74)
</failure>
  </testcase>
  <testcase name="carSearchSuccess[1](Car(location=Berlin, make=UK, model=Porsh, year=2018, engine=2.8, fuel=Petrol, gear=SMT, wD=FWD, doors=3, seats=2, clasS=Sx, fuelConsumption=12, registrationNum=10-100-33320981, price=80, distance=150, features=Red fast car, about=Super car))" classname="tests.LetTheCarWork" time="5.199">
    <failure message="org.openqa.selenium.ElementNotInteractableException: element not interactable&#10;  (Session info: chrome=102.0.5005.63)&#10;Build info: version: '3.141.59', revision: 'e82be7d358', time: '2018-11-14T08:17:03'&#10;System info: host: 'ARTEMKA', ip: '192.168.0.103', os.name: 'Windows 10', os.arch: 'amd64', os.version: '10.0', java.version: '1.8.0_331'&#10;Driver info: org.openqa.selenium.chrome.ChromeDriver&#10;Capabilities {acceptInsecureCerts: false, browserName: chrome, browserVersion: 102.0.5005.63, chrome: {chromedriverVersion: 101.0.4951.41 (93c720db8323..., userDataDir: C:\Users\ompre\AppData\Loca...}, goog:chromeOptions: {debuggerAddress: localhost:56611}, javascriptEnabled: true, networkConnectionEnabled: false, pageLoadStrategy: normal, platform: WINDOWS, platformName: WINDOWS, proxy: Proxy(), setWindowRect: true, strictFileInteractability: false, timeouts: {implicit: 0, pageLoad: 300000, script: 30000}, unhandledPromptBehavior: dismiss and notify, webauthn:extension:credBlob: true, webauthn:extension:largeBlob: true, webauthn:virtualAuthenticators: true}&#10;Session ID: 7b393f4fb4882ec7a0822a4ab36fe649" type="org.openqa.selenium.ElementNotInteractableException">org.openqa.selenium.ElementNotInteractableException: element not interactable
  (Session info: chrome=102.0.5005.63)
Build info: version: '3.141.59', revision: 'e82be7d358', time: '2018-11-14T08:17:03'
System info: host: 'ARTEMKA', ip: '192.168.0.103', os.name: 'Windows 10', os.arch: 'amd64', os.version: '10.0', java.version: '1.8.0_331'
Driver info: org.openqa.selenium.chrome.ChromeDriver
Capabilities {acceptInsecureCerts: false, browserName: chrome, browserVersion: 102.0.5005.63, chrome: {chromedriverVersion: 101.0.4951.41 (93c720db8323..., userDataDir: C:\Users\ompre\AppData\Loca...}, goog:chromeOptions: {debuggerAddress: localhost:56611}, javascriptEnabled: true, networkConnectionEnabled: false, pageLoadStrategy: normal, platform: WINDOWS, platformName: WINDOWS, proxy: Proxy(), setWindowRect: true, strictFileInteractability: false, timeouts: {implicit: 0, pageLoad: 300000, script: 30000}, unhandledPromptBehavior: dismiss and notify, webauthn:extension:credBlob: true, webauthn:extension:largeBlob: true, webauthn:virtualAuthenticators: true}
Session ID: 7b393f4fb4882ec7a0822a4ab36fe649
	at manager.MyListener.onException(MyListener.java:39)
	at sun.reflect.NativeMethodAccessorImpl.invoke0(Native Method)
	at sun.reflect.NativeMethodAccessorImpl.invoke(NativeMethodAccessorImpl.java:62)
	at sun.reflect.DelegatingMethodAccessorImpl.invoke(DelegatingMethodAccessorImpl.java:43)
	at java.lang.reflect.Method.invoke(Method.java:498)
	at org.openqa.selenium.support.events.EventFiringWebDriver.lambda$new$0(EventFiringWebDriver.java:84)
	at com.sun.proxy.$Proxy11.onException(Unknown Source)
	at org.openqa.selenium.support.events.EventFiringWebDriver$EventFiringWebElement.lambda$new$0(EventFiringWebDriver.java:406)
	at com.sun.proxy.$Proxy13.click(Unknown Source)
	at org.openqa.selenium.support.events.EventFiringWebDriver$EventFiringWebElement.click(EventFiringWebDriver.java:417)
	at manager.HelperBase.click(HelperBase.java:22)
	at manager.HelperCar.clickLetTheCarWork(HelperCar.java:18)
	at tests.LetTheCarWork.carSearchSuccess(LetTheCarWork.java:34)
	at sun.reflect.NativeMethodAccessorImpl.invoke0(Native Method)
	at sun.reflect.NativeMethodAccessorImpl.invoke(NativeMethodAccessorImpl.java:62)
	at sun.reflect.DelegatingMethodAccessorImpl.invoke(DelegatingMethodAccessorImpl.java:43)
	at java.lang.reflect.Method.invoke(Method.java:498)
	at org.testng.internal.MethodInvocationHelper.invokeMethod(MethodInvocationHelper.java:133)
	at org.testng.internal.TestInvoker.invokeMethod(TestInvoker.java:598)
	at org.testng.internal.TestInvoker.invokeTestMethod(TestInvoker.java:173)
	at org.testng.internal.MethodRunner.runInSequence(MethodRunner.java:46)
	at org.testng.internal.TestInvoker$MethodInvocationAgent.invoke(TestInvoker.java:824)
	at org.testng.internal.TestInvoker.invokeTestMethods(TestInvoker.java:146)
	at org.testng.internal.TestMethodWorker.invokeTestMethods(TestMethodWorker.java:146)
	at org.testng.internal.TestMethodWorker.run(TestMethodWorker.java:128)
	at java.util.ArrayList.forEach(ArrayList.java:1259)
	at org.testng.TestRunner.privateRun(TestRunner.java:794)
	at org.testng.TestRunner.run(TestRunner.java:596)
	at org.testng.SuiteRunner.runTest(SuiteRunner.java:377)
	at org.testng.SuiteRunner.runSequentially(SuiteRunner.java:371)
	at org.testng.SuiteRunner.privateRun(SuiteRunner.java:332)
	at org.testng.SuiteRunner.run(SuiteRunner.java:276)
	at org.testng.SuiteRunnerWorker.runSuite(SuiteRunnerWorker.java:53)
	at org.testng.SuiteRunnerWorker.run(SuiteRunnerWorker.java:96)
	at org.testng.TestNG.runSuitesSequentially(TestNG.java:1212)
	at org.testng.TestNG.runSuitesLocally(TestNG.java:1134)
	at org.testng.TestNG.runSuites(TestNG.java:1063)
	at org.testng.TestNG.run(TestNG.java:1031)
	at org.gradle.api.internal.tasks.testing.testng.TestNGTestClassProcessor.runTests(TestNGTestClassProcessor.java:141)
	at org.gradle.api.internal.tasks.testing.testng.TestNGTestClassProcessor.stop(TestNGTestClassProcessor.java:90)
	at org.gradle.api.internal.tasks.testing.SuiteTestClassProcessor.stop(SuiteTestClassProcessor.java:61)
	at sun.reflect.NativeMethodAccessorImpl.invoke0(Native Method)
	at sun.reflect.NativeMethodAccessorImpl.invoke(NativeMethodAccessorImpl.java:62)
	at sun.reflect.DelegatingMethodAccessorImpl.invoke(DelegatingMethodAccessorImpl.java:43)
	at java.lang.reflect.Method.invoke(Method.java:498)
	at org.gradle.internal.dispatch.ReflectionDispatch.dispatch(ReflectionDispatch.java:36)
	at org.gradle.internal.dispatch.ReflectionDispatch.dispatch(ReflectionDispatch.java:24)
	at org.gradle.internal.dispatch.ContextClassLoaderDispatch.dispatch(ContextClassLoaderDispatch.java:33)
	at org.gradle.internal.dispatch.ProxyDispatchAdapter$DispatchingInvocationHandler.invoke(ProxyDispatchAdapter.java:94)
	at com.sun.proxy.$Proxy2.stop(Unknown Source)
	at org.gradle.api.internal.tasks.testing.worker.TestWorker$3.run(TestWorker.java:193)
	at org.gradle.api.internal.tasks.testing.worker.TestWorker.executeAndMaintainThreadName(TestWorker.java:129)
	at org.gradle.api.internal.tasks.testing.worker.TestWorker.execute(TestWorker.java:100)
	at org.gradle.api.internal.tasks.testing.worker.TestWorker.execute(TestWorker.java:60)
	at org.gradle.process.internal.worker.child.ActionExecutionWorker.execute(ActionExecutionWorker.java:56)
	at org.gradle.process.internal.worker.child.SystemApplicationClassLoaderWorker.call(SystemApplicationClassLoaderWorker.java:133)
	at org.gradle.process.internal.worker.child.SystemApplicationClassLoaderWorker.call(SystemApplicationClassLoaderWorker.java:71)
	at worker.org.gradle.process.internal.worker.GradleWorkerMain.run(GradleWorkerMain.java:69)
	at worker.org.gradle.process.internal.worker.GradleWorkerMain.main(GradleWorkerMain.java:74)
</failure>
  </testcase>
  <testcase name="carSearchSuccess[2](Car(location=Paris, make=UK, model=Porsh, year=2018, engine=2.8, fuel=Petrol, gear=SMT, wD=FWD, doors=3, seats=2, clasS=Sx, fuelConsumption=12, registrationNum=10-100-33320982, price=80, distance=150, features=Red fast car, about=Super car))" classname="tests.LetTheCarWork" time="5.208">
    <failure message="org.openqa.selenium.ElementNotInteractableException: element not interactable&#10;  (Session info: chrome=102.0.5005.63)&#10;Build info: version: '3.141.59', revision: 'e82be7d358', time: '2018-11-14T08:17:03'&#10;System info: host: 'ARTEMKA', ip: '192.168.0.103', os.name: 'Windows 10', os.arch: 'amd64', os.version: '10.0', java.version: '1.8.0_331'&#10;Driver info: org.openqa.selenium.chrome.ChromeDriver&#10;Capabilities {acceptInsecureCerts: false, browserName: chrome, browserVersion: 102.0.5005.63, chrome: {chromedriverVersion: 101.0.4951.41 (93c720db8323..., userDataDir: C:\Users\ompre\AppData\Loca...}, goog:chromeOptions: {debuggerAddress: localhost:56611}, javascriptEnabled: true, networkConnectionEnabled: false, pageLoadStrategy: normal, platform: WINDOWS, platformName: WINDOWS, proxy: Proxy(), setWindowRect: true, strictFileInteractability: false, timeouts: {implicit: 0, pageLoad: 300000, script: 30000}, unhandledPromptBehavior: dismiss and notify, webauthn:extension:credBlob: true, webauthn:extension:largeBlob: true, webauthn:virtualAuthenticators: true}&#10;Session ID: 7b393f4fb4882ec7a0822a4ab36fe649" type="org.openqa.selenium.ElementNotInteractableException">org.openqa.selenium.ElementNotInteractableException: element not interactable
  (Session info: chrome=102.0.5005.63)
Build info: version: '3.141.59', revision: 'e82be7d358', time: '2018-11-14T08:17:03'
System info: host: 'ARTEMKA', ip: '192.168.0.103', os.name: 'Windows 10', os.arch: 'amd64', os.version: '10.0', java.version: '1.8.0_331'
Driver info: org.openqa.selenium.chrome.ChromeDriver
Capabilities {acceptInsecureCerts: false, browserName: chrome, browserVersion: 102.0.5005.63, chrome: {chromedriverVersion: 101.0.4951.41 (93c720db8323..., userDataDir: C:\Users\ompre\AppData\Loca...}, goog:chromeOptions: {debuggerAddress: localhost:56611}, javascriptEnabled: true, networkConnectionEnabled: false, pageLoadStrategy: normal, platform: WINDOWS, platformName: WINDOWS, proxy: Proxy(), setWindowRect: true, strictFileInteractability: false, timeouts: {implicit: 0, pageLoad: 300000, script: 30000}, unhandledPromptBehavior: dismiss and notify, webauthn:extension:credBlob: true, webauthn:extension:largeBlob: true, webauthn:virtualAuthenticators: true}
Session ID: 7b393f4fb4882ec7a0822a4ab36fe649
	at manager.MyListener.onException(MyListener.java:39)
	at sun.reflect.NativeMethodAccessorImpl.invoke0(Native Method)
	at sun.reflect.NativeMethodAccessorImpl.invoke(NativeMethodAccessorImpl.java:62)
	at sun.reflect.DelegatingMethodAccessorImpl.invoke(DelegatingMethodAccessorImpl.java:43)
	at java.lang.reflect.Method.invoke(Method.java:498)
	at org.openqa.selenium.support.events.EventFiringWebDriver.lambda$new$0(EventFiringWebDriver.java:84)
	at com.sun.proxy.$Proxy11.onException(Unknown Source)
	at org.openqa.selenium.support.events.EventFiringWebDriver$EventFiringWebElement.lambda$new$0(EventFiringWebDriver.java:406)
	at com.sun.proxy.$Proxy13.click(Unknown Source)
	at org.openqa.selenium.support.events.EventFiringWebDriver$EventFiringWebElement.click(EventFiringWebDriver.java:417)
	at manager.HelperBase.click(HelperBase.java:22)
	at manager.HelperCar.clickLetTheCarWork(HelperCar.java:18)
	at tests.LetTheCarWork.carSearchSuccess(LetTheCarWork.java:34)
	at sun.reflect.NativeMethodAccessorImpl.invoke0(Native Method)
	at sun.reflect.NativeMethodAccessorImpl.invoke(NativeMethodAccessorImpl.java:62)
	at sun.reflect.DelegatingMethodAccessorImpl.invoke(DelegatingMethodAccessorImpl.java:43)
	at java.lang.reflect.Method.invoke(Method.java:498)
	at org.testng.internal.MethodInvocationHelper.invokeMethod(MethodInvocationHelper.java:133)
	at org.testng.internal.TestInvoker.invokeMethod(TestInvoker.java:598)
	at org.testng.internal.TestInvoker.invokeTestMethod(TestInvoker.java:173)
	at org.testng.internal.MethodRunner.runInSequence(MethodRunner.java:46)
	at org.testng.internal.TestInvoker$MethodInvocationAgent.invoke(TestInvoker.java:824)
	at org.testng.internal.TestInvoker.invokeTestMethods(TestInvoker.java:146)
	at org.testng.internal.TestMethodWorker.invokeTestMethods(TestMethodWorker.java:146)
	at org.testng.internal.TestMethodWorker.run(TestMethodWorker.java:128)
	at java.util.ArrayList.forEach(ArrayList.java:1259)
	at org.testng.TestRunner.privateRun(TestRunner.java:794)
	at org.testng.TestRunner.run(TestRunner.java:596)
	at org.testng.SuiteRunner.runTest(SuiteRunner.java:377)
	at org.testng.SuiteRunner.runSequentially(SuiteRunner.java:371)
	at org.testng.SuiteRunner.privateRun(SuiteRunner.java:332)
	at org.testng.SuiteRunner.run(SuiteRunner.java:276)
	at org.testng.SuiteRunnerWorker.runSuite(SuiteRunnerWorker.java:53)
	at org.testng.SuiteRunnerWorker.run(SuiteRunnerWorker.java:96)
	at org.testng.TestNG.runSuitesSequentially(TestNG.java:1212)
	at org.testng.TestNG.runSuitesLocally(TestNG.java:1134)
	at org.testng.TestNG.runSuites(TestNG.java:1063)
	at org.testng.TestNG.run(TestNG.java:1031)
	at org.gradle.api.internal.tasks.testing.testng.TestNGTestClassProcessor.runTests(TestNGTestClassProcessor.java:141)
	at org.gradle.api.internal.tasks.testing.testng.TestNGTestClassProcessor.stop(TestNGTestClassProcessor.java:90)
	at org.gradle.api.internal.tasks.testing.SuiteTestClassProcessor.stop(SuiteTestClassProcessor.java:61)
	at sun.reflect.NativeMethodAccessorImpl.invoke0(Native Method)
	at sun.reflect.NativeMethodAccessorImpl.invoke(NativeMethodAccessorImpl.java:62)
	at sun.reflect.DelegatingMethodAccessorImpl.invoke(DelegatingMethodAccessorImpl.java:43)
	at java.lang.reflect.Method.invoke(Method.java:498)
	at org.gradle.internal.dispatch.ReflectionDispatch.dispatch(ReflectionDispatch.java:36)
	at org.gradle.internal.dispatch.ReflectionDispatch.dispatch(ReflectionDispatch.java:24)
	at org.gradle.internal.dispatch.ContextClassLoaderDispatch.dispatch(ContextClassLoaderDispatch.java:33)
	at org.gradle.internal.dispatch.ProxyDispatchAdapter$DispatchingInvocationHandler.invoke(ProxyDispatchAdapter.java:94)
	at com.sun.proxy.$Proxy2.stop(Unknown Source)
	at org.gradle.api.internal.tasks.testing.worker.TestWorker$3.run(TestWorker.java:193)
	at org.gradle.api.internal.tasks.testing.worker.TestWorker.executeAndMaintainThreadName(TestWorker.java:129)
	at org.gradle.api.internal.tasks.testing.worker.TestWorker.execute(TestWorker.java:100)
	at org.gradle.api.internal.tasks.testing.worker.TestWorker.execute(TestWorker.java:60)
	at org.gradle.process.internal.worker.child.ActionExecutionWorker.execute(ActionExecutionWorker.java:56)
	at org.gradle.process.internal.worker.child.SystemApplicationClassLoaderWorker.call(SystemApplicationClassLoaderWorker.java:133)
	at org.gradle.process.internal.worker.child.SystemApplicationClassLoaderWorker.call(SystemApplicationClassLoaderWorker.java:71)
	at worker.org.gradle.process.internal.worker.GradleWorkerMain.run(GradleWorkerMain.java:69)
	at worker.org.gradle.process.internal.worker.GradleWorkerMain.main(GradleWorkerMain.java:74)
</failure>
  </testcase>
  <testcase name="carSearchSuccess[3](Car(location=Madrid, make=UK, model=Porsh, year=2018, engine=2.8, fuel=Petrol, gear=SMT, wD=FWD, doors=3, seats=2, clasS=Sx, fuelConsumption=12, registrationNum=10-100-33320983, price=80, distance=150, features=Red fast car, about=Super car))" classname="tests.LetTheCarWork" time="5.196">
    <failure message="org.openqa.selenium.ElementNotInteractableException: element not interactable&#10;  (Session info: chrome=102.0.5005.63)&#10;Build info: version: '3.141.59', revision: 'e82be7d358', time: '2018-11-14T08:17:03'&#10;System info: host: 'ARTEMKA', ip: '192.168.0.103', os.name: 'Windows 10', os.arch: 'amd64', os.version: '10.0', java.version: '1.8.0_331'&#10;Driver info: org.openqa.selenium.chrome.ChromeDriver&#10;Capabilities {acceptInsecureCerts: false, browserName: chrome, browserVersion: 102.0.5005.63, chrome: {chromedriverVersion: 101.0.4951.41 (93c720db8323..., userDataDir: C:\Users\ompre\AppData\Loca...}, goog:chromeOptions: {debuggerAddress: localhost:56611}, javascriptEnabled: true, networkConnectionEnabled: false, pageLoadStrategy: normal, platform: WINDOWS, platformName: WINDOWS, proxy: Proxy(), setWindowRect: true, strictFileInteractability: false, timeouts: {implicit: 0, pageLoad: 300000, script: 30000}, unhandledPromptBehavior: dismiss and notify, webauthn:extension:credBlob: true, webauthn:extension:largeBlob: true, webauthn:virtualAuthenticators: true}&#10;Session ID: 7b393f4fb4882ec7a0822a4ab36fe649" type="org.openqa.selenium.ElementNotInteractableException">org.openqa.selenium.ElementNotInteractableException: element not interactable
  (Session info: chrome=102.0.5005.63)
Build info: version: '3.141.59', revision: 'e82be7d358', time: '2018-11-14T08:17:03'
System info: host: 'ARTEMKA', ip: '192.168.0.103', os.name: 'Windows 10', os.arch: 'amd64', os.version: '10.0', java.version: '1.8.0_331'
Driver info: org.openqa.selenium.chrome.ChromeDriver
Capabilities {acceptInsecureCerts: false, browserName: chrome, browserVersion: 102.0.5005.63, chrome: {chromedriverVersion: 101.0.4951.41 (93c720db8323..., userDataDir: C:\Users\ompre\AppData\Loca...}, goog:chromeOptions: {debuggerAddress: localhost:56611}, javascriptEnabled: true, networkConnectionEnabled: false, pageLoadStrategy: normal, platform: WINDOWS, platformName: WINDOWS, proxy: Proxy(), setWindowRect: true, strictFileInteractability: false, timeouts: {implicit: 0, pageLoad: 300000, script: 30000}, unhandledPromptBehavior: dismiss and notify, webauthn:extension:credBlob: true, webauthn:extension:largeBlob: true, webauthn:virtualAuthenticators: true}
Session ID: 7b393f4fb4882ec7a0822a4ab36fe649
	at manager.MyListener.onException(MyListener.java:39)
	at sun.reflect.NativeMethodAccessorImpl.invoke0(Native Method)
	at sun.reflect.NativeMethodAccessorImpl.invoke(NativeMethodAccessorImpl.java:62)
	at sun.reflect.DelegatingMethodAccessorImpl.invoke(DelegatingMethodAccessorImpl.java:43)
	at java.lang.reflect.Method.invoke(Method.java:498)
	at org.openqa.selenium.support.events.EventFiringWebDriver.lambda$new$0(EventFiringWebDriver.java:84)
	at com.sun.proxy.$Proxy11.onException(Unknown Source)
	at org.openqa.selenium.support.events.EventFiringWebDriver$EventFiringWebElement.lambda$new$0(EventFiringWebDriver.java:406)
	at com.sun.proxy.$Proxy13.click(Unknown Source)
	at org.openqa.selenium.support.events.EventFiringWebDriver$EventFiringWebElement.click(EventFiringWebDriver.java:417)
	at manager.HelperBase.click(HelperBase.java:22)
	at manager.HelperCar.clickLetTheCarWork(HelperCar.java:18)
	at tests.LetTheCarWork.carSearchSuccess(LetTheCarWork.java:34)
	at sun.reflect.NativeMethodAccessorImpl.invoke0(Native Method)
	at sun.reflect.NativeMethodAccessorImpl.invoke(NativeMethodAccessorImpl.java:62)
	at sun.reflect.DelegatingMethodAccessorImpl.invoke(DelegatingMethodAccessorImpl.java:43)
	at java.lang.reflect.Method.invoke(Method.java:498)
	at org.testng.internal.MethodInvocationHelper.invokeMethod(MethodInvocationHelper.java:133)
	at org.testng.internal.TestInvoker.invokeMethod(TestInvoker.java:598)
	at org.testng.internal.TestInvoker.invokeTestMethod(TestInvoker.java:173)
	at org.testng.internal.MethodRunner.runInSequence(MethodRunner.java:46)
	at org.testng.internal.TestInvoker$MethodInvocationAgent.invoke(TestInvoker.java:824)
	at org.testng.internal.TestInvoker.invokeTestMethods(TestInvoker.java:146)
	at org.testng.internal.TestMethodWorker.invokeTestMethods(TestMethodWorker.java:146)
	at org.testng.internal.TestMethodWorker.run(TestMethodWorker.java:128)
	at java.util.ArrayList.forEach(ArrayList.java:1259)
	at org.testng.TestRunner.privateRun(TestRunner.java:794)
	at org.testng.TestRunner.run(TestRunner.java:596)
	at org.testng.SuiteRunner.runTest(SuiteRunner.java:377)
	at org.testng.SuiteRunner.runSequentially(SuiteRunner.java:371)
	at org.testng.SuiteRunner.privateRun(SuiteRunner.java:332)
	at org.testng.SuiteRunner.run(SuiteRunner.java:276)
	at org.testng.SuiteRunnerWorker.runSuite(SuiteRunnerWorker.java:53)
	at org.testng.SuiteRunnerWorker.run(SuiteRunnerWorker.java:96)
	at org.testng.TestNG.runSuitesSequentially(TestNG.java:1212)
	at org.testng.TestNG.runSuitesLocally(TestNG.java:1134)
	at org.testng.TestNG.runSuites(TestNG.java:1063)
	at org.testng.TestNG.run(TestNG.java:1031)
	at org.gradle.api.internal.tasks.testing.testng.TestNGTestClassProcessor.runTests(TestNGTestClassProcessor.java:141)
	at org.gradle.api.internal.tasks.testing.testng.TestNGTestClassProcessor.stop(TestNGTestClassProcessor.java:90)
	at org.gradle.api.internal.tasks.testing.SuiteTestClassProcessor.stop(SuiteTestClassProcessor.java:61)
	at sun.reflect.NativeMethodAccessorImpl.invoke0(Native Method)
	at sun.reflect.NativeMethodAccessorImpl.invoke(NativeMethodAccessorImpl.java:62)
	at sun.reflect.DelegatingMethodAccessorImpl.invoke(DelegatingMethodAccessorImpl.java:43)
	at java.lang.reflect.Method.invoke(Method.java:498)
	at org.gradle.internal.dispatch.ReflectionDispatch.dispatch(ReflectionDispatch.java:36)
	at org.gradle.internal.dispatch.ReflectionDispatch.dispatch(ReflectionDispatch.java:24)
	at org.gradle.internal.dispatch.ContextClassLoaderDispatch.dispatch(ContextClassLoaderDispatch.java:33)
	at org.gradle.internal.dispatch.ProxyDispatchAdapter$DispatchingInvocationHandler.invoke(ProxyDispatchAdapter.java:94)
	at com.sun.proxy.$Proxy2.stop(Unknown Source)
	at org.gradle.api.internal.tasks.testing.worker.TestWorker$3.run(TestWorker.java:193)
	at org.gradle.api.internal.tasks.testing.worker.TestWorker.executeAndMaintainThreadName(TestWorker.java:129)
	at org.gradle.api.internal.tasks.testing.worker.TestWorker.execute(TestWorker.java:100)
	at org.gradle.api.internal.tasks.testing.worker.TestWorker.execute(TestWorker.java:60)
	at org.gradle.process.internal.worker.child.ActionExecutionWorker.execute(ActionExecutionWorker.java:56)
	at org.gradle.process.internal.worker.child.SystemApplicationClassLoaderWorker.call(SystemApplicationClassLoaderWorker.java:133)
	at org.gradle.process.internal.worker.child.SystemApplicationClassLoaderWorker.call(SystemApplicationClassLoaderWorker.java:71)
	at worker.org.gradle.process.internal.worker.GradleWorkerMain.run(GradleWorkerMain.java:69)
	at worker.org.gradle.process.internal.worker.GradleWorkerMain.main(GradleWorkerMain.java:74)
</failure>
  </testcase>
  <system-out><![CDATA[20:34:17 INFO  manager.MyListener - Start search element by locator-->By.xpath: //*[text()=' Logout ']
20:34:22 INFO  manager.MyListener - Element with locator-->By.xpath: //*[text()=' Logout '] was found
20:34:22 INFO  manager.MyListener - Start search element by locator-->By.xpath: //*[text()=' Log in ']
20:34:22 INFO  manager.MyListener - Element with locator-->By.xpath: //*[text()=' Log in '] was found
20:34:23 INFO  manager.MyListener - Start search element by locator-->By.cssSelector: div input#email
20:34:23 INFO  manager.MyListener - Element with locator-->By.cssSelector: div input#email was found
20:34:23 INFO  manager.MyListener - Start search element by locator-->By.cssSelector: div input#password
20:34:23 INFO  manager.MyListener - Element with locator-->By.cssSelector: div input#password was found
20:34:23 INFO  manager.MyListener - Start search element by locator-->By.cssSelector: form button[type='submit']
20:34:23 INFO  manager.MyListener - Element with locator-->By.cssSelector: form button[type='submit'] was found
20:34:23 INFO  tests.TestBase - Starts test---> carSearchFail
20:34:23 INFO  tests.TestBase - Car to be added-->Car(location=Tel Aviv, make=Japan, model=Honda, year=2001, engine=1,3, fuel=Petrol, gear=MT, wD=AWD, doors=4, seats=5, clasS=M, fuelConsumption=9,5, registrationNum=10-15-13333, price=-25, distance=120, features=New resin, about=Used but in good conditions)
20:34:23 INFO  manager.MyListener - Start search element by locator-->By.cssSelector: a[href='/let-car-work']
20:34:23 INFO  manager.MyListener - Element with locator-->By.cssSelector: a[href='/let-car-work'] was found
20:34:23 INFO  manager.MyListener - Start search element by locator-->By.id: pickUpPlace
20:34:23 INFO  manager.MyListener - Element with locator-->By.id: pickUpPlace was found
20:34:24 INFO  manager.MyListener - Start search element by locator-->By.cssSelector: div.pac-item
20:34:24 INFO  manager.MyListener - Element with locator-->By.cssSelector: div.pac-item was found
20:34:25 INFO  manager.MyListener - Start search element by locator-->By.cssSelector: input[id='make']
20:34:25 INFO  manager.MyListener - Element with locator-->By.cssSelector: input[id='make'] was found
20:34:25 INFO  manager.MyListener - Start search element by locator-->By.id: model
20:34:25 INFO  manager.MyListener - Element with locator-->By.id: model was found
20:34:25 INFO  manager.MyListener - Start search element by locator-->By.id: year
20:34:25 INFO  manager.MyListener - Element with locator-->By.id: year was found
20:34:25 INFO  manager.MyListener - Start search element by locator-->By.id: engine
20:34:25 INFO  manager.MyListener - Element with locator-->By.id: engine was found
20:34:25 INFO  manager.MyListener - Start search element by locator-->By.id: fuel
20:34:25 INFO  manager.MyListener - Element with locator-->By.id: fuel was found
20:34:25 INFO  manager.MyListener - Start search element by locator-->By.xpath: .//option[@value = "Petrol"]
20:34:25 INFO  manager.MyListener - Element with locator-->By.xpath: .//option[@value = "Petrol"] was found
20:34:25 INFO  manager.MyListener - Start search element by locator-->By.id: gear
20:34:25 INFO  manager.MyListener - Element with locator-->By.id: gear was found
20:34:26 INFO  manager.MyListener - Start search element by locator-->By.xpath: .//option[@value = "MT"]
20:34:26 INFO  manager.MyListener - Element with locator-->By.xpath: .//option[@value = "MT"] was found
20:34:26 INFO  manager.MyListener - Start search element by locator-->By.id: wheelsDrive
20:34:26 INFO  manager.MyListener - Element with locator-->By.id: wheelsDrive was found
20:34:26 INFO  manager.MyListener - Start search element by locator-->By.xpath: .//option[@value = "AWD"]
20:34:26 INFO  manager.MyListener - Element with locator-->By.xpath: .//option[@value = "AWD"] was found
20:34:26 INFO  manager.MyListener - Start search element by locator-->By.id: doors
20:34:26 INFO  manager.MyListener - Element with locator-->By.id: doors was found
20:34:26 INFO  manager.MyListener - Start search element by locator-->By.id: seats
20:34:26 INFO  manager.MyListener - Element with locator-->By.id: seats was found
20:34:26 INFO  manager.MyListener - Start search element by locator-->By.id: class
20:34:26 INFO  manager.MyListener - Element with locator-->By.id: class was found
20:34:26 INFO  manager.MyListener - Start search element by locator-->By.id: fuelConsumption
20:34:26 INFO  manager.MyListener - Element with locator-->By.id: fuelConsumption was found
20:34:26 INFO  manager.MyListener - Start search element by locator-->By.id: serialNumber
20:34:26 INFO  manager.MyListener - Element with locator-->By.id: serialNumber was found
20:34:26 INFO  manager.MyListener - Start search element by locator-->By.id: price
20:34:26 INFO  manager.MyListener - Element with locator-->By.id: price was found
20:34:27 INFO  manager.MyListener - Start search element by locator-->By.id: distance
20:34:27 INFO  manager.MyListener - Element with locator-->By.id: distance was found
20:34:27 INFO  manager.MyListener - Start search element by locator-->By.cssSelector: input.feature-input
20:34:27 INFO  manager.MyListener - Element with locator-->By.cssSelector: input.feature-input was found
20:34:27 INFO  manager.MyListener - Start search element by locator-->By.id: about
20:34:27 INFO  manager.MyListener - Element with locator-->By.id: about was found
20:34:27 INFO  manager.MyListener - Start search element by locator-->By.id: photos
20:34:27 INFO  manager.MyListener - Element with locator-->By.id: photos was found
20:34:27 INFO  manager.MyListener - Start search element by locator-->By.cssSelector: div.error
20:34:27 INFO  manager.MyListener - Element with locator-->By.cssSelector: div.error was found
20:34:27 INFO  tests.TestBase - Car was not added, entered wrong data-->Price must be positive
20:34:27 INFO  manager.MyListener - Start search element by locator-->By.cssSelector: div.error
20:34:27 INFO  manager.MyListener - Element with locator-->By.cssSelector: div.error was found
20:34:27 INFO  manager.MyListener - Start search element by locator-->By.xpath: //*[@alt='logo']
20:34:27 INFO  manager.MyListener - Element with locator-->By.xpath: //*[@alt='logo'] was found
20:34:27 INFO  tests.TestBase - Ends test---> carSearchFail
20:34:27 INFO  tests.TestBase - Starts test---> carSearchFail
20:34:27 INFO  tests.TestBase - Car to be added-->Car(location=Moscow, make=Japan, model=Honda, year=2001, engine=1,3, fuel=Petrol, gear=MT, wD=AWD, doors=4, seats=5, clasS=M, fuelConsumption=9,5, registrationNum=10-15-13334, price=-25, distance=120, features=New resin, about=Used but in good conditions)
20:34:27 INFO  manager.MyListener - Start search element by locator-->By.cssSelector: a[href='/let-car-work']
20:34:27 INFO  manager.MyListener - Element with locator-->By.cssSelector: a[href='/let-car-work'] was found
20:34:27 INFO  manager.MyListener - Start search element by locator-->By.id: pickUpPlace
20:34:27 INFO  manager.MyListener - Element with locator-->By.id: pickUpPlace was found
20:34:28 INFO  manager.MyListener - Start search element by locator-->By.cssSelector: div.pac-item
20:34:28 INFO  manager.MyListener - Element with locator-->By.cssSelector: div.pac-item was found
20:34:29 INFO  manager.MyListener - Start search element by locator-->By.cssSelector: input[id='make']
20:34:29 INFO  manager.MyListener - Element with locator-->By.cssSelector: input[id='make'] was found
20:34:29 INFO  manager.MyListener - Start search element by locator-->By.id: model
20:34:29 INFO  manager.MyListener - Element with locator-->By.id: model was found
20:34:29 INFO  manager.MyListener - Start search element by locator-->By.id: year
20:34:29 INFO  manager.MyListener - Element with locator-->By.id: year was found
20:34:30 INFO  manager.MyListener - Start search element by locator-->By.id: engine
20:34:30 INFO  manager.MyListener - Element with locator-->By.id: engine was found
20:34:30 INFO  manager.MyListener - Start search element by locator-->By.id: fuel
20:34:30 INFO  manager.MyListener - Element with locator-->By.id: fuel was found
20:34:30 INFO  manager.MyListener - Start search element by locator-->By.xpath: .//option[@value = "Petrol"]
20:34:30 INFO  manager.MyListener - Element with locator-->By.xpath: .//option[@value = "Petrol"] was found
20:34:30 INFO  manager.MyListener - Start search element by locator-->By.id: gear
20:34:30 INFO  manager.MyListener - Element with locator-->By.id: gear was found
20:34:30 INFO  manager.MyListener - Start search element by locator-->By.xpath: .//option[@value = "MT"]
20:34:30 INFO  manager.MyListener - Element with locator-->By.xpath: .//option[@value = "MT"] was found
20:34:30 INFO  manager.MyListener - Start search element by locator-->By.id: wheelsDrive
20:34:30 INFO  manager.MyListener - Element with locator-->By.id: wheelsDrive was found
20:34:30 INFO  manager.MyListener - Start search element by locator-->By.xpath: .//option[@value = "AWD"]
20:34:30 INFO  manager.MyListener - Element with locator-->By.xpath: .//option[@value = "AWD"] was found
20:34:30 INFO  manager.MyListener - Start search element by locator-->By.id: doors
20:34:30 INFO  manager.MyListener - Element with locator-->By.id: doors was found
20:34:30 INFO  manager.MyListener - Start search element by locator-->By.id: seats
20:34:30 INFO  manager.MyListener - Element with locator-->By.id: seats was found
20:34:30 INFO  manager.MyListener - Start search element by locator-->By.id: class
20:34:30 INFO  manager.MyListener - Element with locator-->By.id: class was found
20:34:31 INFO  manager.MyListener - Start search element by locator-->By.id: fuelConsumption
20:34:31 INFO  manager.MyListener - Element with locator-->By.id: fuelConsumption was found
20:34:31 INFO  manager.MyListener - Start search element by locator-->By.id: serialNumber
20:34:31 INFO  manager.MyListener - Element with locator-->By.id: serialNumber was found
20:34:31 INFO  manager.MyListener - Start search element by locator-->By.id: price
20:34:31 INFO  manager.MyListener - Element with locator-->By.id: price was found
20:34:31 INFO  manager.MyListener - Start search element by locator-->By.id: distance
20:34:31 INFO  manager.MyListener - Element with locator-->By.id: distance was found
20:34:31 INFO  manager.MyListener - Start search element by locator-->By.cssSelector: input.feature-input
20:34:31 INFO  manager.MyListener - Element with locator-->By.cssSelector: input.feature-input was found
20:34:31 INFO  manager.MyListener - Start search element by locator-->By.id: about
20:34:31 INFO  manager.MyListener - Element with locator-->By.id: about was found
20:34:31 INFO  manager.MyListener - Start search element by locator-->By.id: photos
20:34:32 INFO  manager.MyListener - Element with locator-->By.id: photos was found
20:34:32 INFO  manager.MyListener - Start search element by locator-->By.cssSelector: div.error
20:34:32 INFO  manager.MyListener - Element with locator-->By.cssSelector: div.error was found
20:34:32 INFO  tests.TestBase - Car was not added, entered wrong data-->Price must be positive
20:34:32 INFO  manager.MyListener - Start search element by locator-->By.cssSelector: div.error
20:34:32 INFO  manager.MyListener - Element with locator-->By.cssSelector: div.error was found
20:34:32 INFO  manager.MyListener - Start search element by locator-->By.xpath: //*[@alt='logo']
20:34:32 INFO  manager.MyListener - Element with locator-->By.xpath: //*[@alt='logo'] was found
20:34:32 INFO  tests.TestBase - Ends test---> carSearchFail
20:34:32 INFO  tests.TestBase - Starts test---> carSearchFail
20:34:32 INFO  tests.TestBase - Car to be added-->Car(location=Tokio, make=Japan, model=Honda, year=2001, engine=1,3, fuel=Petrol, gear=MT, wD=AWD, doors=4, seats=5, clasS=M, fuelConsumption=9,5, registrationNum=10-15-13335, price=-25, distance=120, features=New resin, about=Used but in good conditions)
20:34:32 INFO  manager.MyListener - Start search element by locator-->By.cssSelector: a[href='/let-car-work']
20:34:32 INFO  manager.MyListener - Element with locator-->By.cssSelector: a[href='/let-car-work'] was found
20:34:32 INFO  manager.MyListener - Start search element by locator-->By.id: pickUpPlace
20:34:32 INFO  manager.MyListener - Element with locator-->By.id: pickUpPlace was found
20:34:33 INFO  manager.MyListener - Start search element by locator-->By.cssSelector: div.pac-item
20:34:33 INFO  manager.MyListener - Element with locator-->By.cssSelector: div.pac-item was found
20:34:34 INFO  manager.MyListener - Start search element by locator-->By.cssSelector: input[id='make']
20:34:34 INFO  manager.MyListener - Element with locator-->By.cssSelector: input[id='make'] was found
20:34:34 INFO  manager.MyListener - Start search element by locator-->By.id: model
20:34:34 INFO  manager.MyListener - Element with locator-->By.id: model was found
20:34:34 INFO  manager.MyListener - Start search element by locator-->By.id: year
20:34:34 INFO  manager.MyListener - Element with locator-->By.id: year was found
20:34:34 INFO  manager.MyListener - Start search element by locator-->By.id: engine
20:34:34 INFO  manager.MyListener - Element with locator-->By.id: engine was found
20:34:34 INFO  manager.MyListener - Start search element by locator-->By.id: fuel
20:34:34 INFO  manager.MyListener - Element with locator-->By.id: fuel was found
20:34:34 INFO  manager.MyListener - Start search element by locator-->By.xpath: .//option[@value = "Petrol"]
20:34:34 INFO  manager.MyListener - Element with locator-->By.xpath: .//option[@value = "Petrol"] was found
20:34:34 INFO  manager.MyListener - Start search element by locator-->By.id: gear
20:34:34 INFO  manager.MyListener - Element with locator-->By.id: gear was found
20:34:34 INFO  manager.MyListener - Start search element by locator-->By.xpath: .//option[@value = "MT"]
20:34:34 INFO  manager.MyListener - Element with locator-->By.xpath: .//option[@value = "MT"] was found
20:34:34 INFO  manager.MyListener - Start search element by locator-->By.id: wheelsDrive
20:34:34 INFO  manager.MyListener - Element with locator-->By.id: wheelsDrive was found
20:34:34 INFO  manager.MyListener - Start search element by locator-->By.xpath: .//option[@value = "AWD"]
20:34:34 INFO  manager.MyListener - Element with locator-->By.xpath: .//option[@value = "AWD"] was found
20:34:35 INFO  manager.MyListener - Start search element by locator-->By.id: doors
20:34:35 INFO  manager.MyListener - Element with locator-->By.id: doors was found
20:34:35 INFO  manager.MyListener - Start search element by locator-->By.id: seats
20:34:35 INFO  manager.MyListener - Element with locator-->By.id: seats was found
20:34:35 INFO  manager.MyListener - Start search element by locator-->By.id: class
20:34:35 INFO  manager.MyListener - Element with locator-->By.id: class was found
20:34:35 INFO  manager.MyListener - Start search element by locator-->By.id: fuelConsumption
20:34:35 INFO  manager.MyListener - Element with locator-->By.id: fuelConsumption was found
20:34:35 INFO  manager.MyListener - Start search element by locator-->By.id: serialNumber
20:34:35 INFO  manager.MyListener - Element with locator-->By.id: serialNumber was found
20:34:35 INFO  manager.MyListener - Start search element by locator-->By.id: price
20:34:35 INFO  manager.MyListener - Element with locator-->By.id: price was found
20:34:35 INFO  manager.MyListener - Start search element by locator-->By.id: distance
20:34:35 INFO  manager.MyListener - Element with locator-->By.id: distance was found
20:34:36 INFO  manager.MyListener - Start search element by locator-->By.cssSelector: input.feature-input
20:34:36 INFO  manager.MyListener - Element with locator-->By.cssSelector: input.feature-input was found
20:34:36 INFO  manager.MyListener - Start search element by locator-->By.id: about
20:34:36 INFO  manager.MyListener - Element with locator-->By.id: about was found
20:34:36 INFO  manager.MyListener - Start search element by locator-->By.id: photos
20:34:36 INFO  manager.MyListener - Element with locator-->By.id: photos was found
20:34:36 INFO  manager.MyListener - Start search element by locator-->By.cssSelector: div.error
20:34:36 INFO  manager.MyListener - Element with locator-->By.cssSelector: div.error was found
20:34:36 INFO  tests.TestBase - Car was not added, entered wrong data-->Price must be positive
20:34:36 INFO  manager.MyListener - Start search element by locator-->By.cssSelector: div.error
20:34:36 INFO  manager.MyListener - Element with locator-->By.cssSelector: div.error was found
20:34:36 INFO  manager.MyListener - Start search element by locator-->By.xpath: //*[@alt='logo']
20:34:36 INFO  manager.MyListener - Element with locator-->By.xpath: //*[@alt='logo'] was found
20:34:36 INFO  tests.TestBase - Ends test---> carSearchFail
20:34:36 INFO  tests.TestBase - Starts test---> carSearchFail
20:34:36 INFO  tests.TestBase - Car to be added-->Car(location=Singapore, make=Japan, model=Honda, year=2001, engine=1,3, fuel=Petrol, gear=MT, wD=AWD, doors=4, seats=5, clasS=M, fuelConsumption=9,5, registrationNum=10-15-13336, price=-25, distance=120, features=New resin, about=Used but in good conditions)
20:34:36 INFO  manager.MyListener - Start search element by locator-->By.cssSelector: a[href='/let-car-work']
20:34:36 INFO  manager.MyListener - Element with locator-->By.cssSelector: a[href='/let-car-work'] was found
20:34:36 INFO  manager.MyListener - Start search element by locator-->By.id: pickUpPlace
20:34:36 INFO  manager.MyListener - Element with locator-->By.id: pickUpPlace was found
20:34:37 INFO  manager.MyListener - Start search element by locator-->By.cssSelector: div.pac-item
20:34:37 INFO  manager.MyListener - Element with locator-->By.cssSelector: div.pac-item was found
20:34:38 INFO  manager.MyListener - Start search element by locator-->By.cssSelector: input[id='make']
20:34:38 INFO  manager.MyListener - Element with locator-->By.cssSelector: input[id='make'] was found
20:34:38 INFO  manager.MyListener - Start search element by locator-->By.id: model
20:34:38 INFO  manager.MyListener - Element with locator-->By.id: model was found
20:34:38 INFO  manager.MyListener - Start search element by locator-->By.id: year
20:34:38 INFO  manager.MyListener - Element with locator-->By.id: year was found
20:34:38 INFO  manager.MyListener - Start search element by locator-->By.id: engine
20:34:39 INFO  manager.MyListener - Element with locator-->By.id: engine was found
20:34:39 INFO  manager.MyListener - Start search element by locator-->By.id: fuel
20:34:39 INFO  manager.MyListener - Element with locator-->By.id: fuel was found
20:34:39 INFO  manager.MyListener - Start search element by locator-->By.xpath: .//option[@value = "Petrol"]
20:34:39 INFO  manager.MyListener - Element with locator-->By.xpath: .//option[@value = "Petrol"] was found
20:34:39 INFO  manager.MyListener - Start search element by locator-->By.id: gear
20:34:39 INFO  manager.MyListener - Element with locator-->By.id: gear was found
20:34:39 INFO  manager.MyListener - Start search element by locator-->By.xpath: .//option[@value = "MT"]
20:34:39 INFO  manager.MyListener - Element with locator-->By.xpath: .//option[@value = "MT"] was found
20:34:39 INFO  manager.MyListener - Start search element by locator-->By.id: wheelsDrive
20:34:39 INFO  manager.MyListener - Element with locator-->By.id: wheelsDrive was found
20:34:39 INFO  manager.MyListener - Start search element by locator-->By.xpath: .//option[@value = "AWD"]
20:34:39 INFO  manager.MyListener - Element with locator-->By.xpath: .//option[@value = "AWD"] was found
20:34:39 INFO  manager.MyListener - Start search element by locator-->By.id: doors
20:34:39 INFO  manager.MyListener - Element with locator-->By.id: doors was found
20:34:39 INFO  manager.MyListener - Start search element by locator-->By.id: seats
20:34:39 INFO  manager.MyListener - Element with locator-->By.id: seats was found
20:34:39 INFO  manager.MyListener - Start search element by locator-->By.id: class
20:34:39 INFO  manager.MyListener - Element with locator-->By.id: class was found
20:34:39 INFO  manager.MyListener - Start search element by locator-->By.id: fuelConsumption
20:34:39 INFO  manager.MyListener - Element with locator-->By.id: fuelConsumption was found
20:34:40 INFO  manager.MyListener - Start search element by locator-->By.id: serialNumber
20:34:40 INFO  manager.MyListener - Element with locator-->By.id: serialNumber was found
20:34:40 INFO  manager.MyListener - Start search element by locator-->By.id: price
20:34:40 INFO  manager.MyListener - Element with locator-->By.id: price was found
20:34:40 INFO  manager.MyListener - Start search element by locator-->By.id: distance
20:34:40 INFO  manager.MyListener - Element with locator-->By.id: distance was found
20:34:40 INFO  manager.MyListener - Start search element by locator-->By.cssSelector: input.feature-input
20:34:40 INFO  manager.MyListener - Element with locator-->By.cssSelector: input.feature-input was found
20:34:40 INFO  manager.MyListener - Start search element by locator-->By.id: about
20:34:40 INFO  manager.MyListener - Element with locator-->By.id: about was found
20:34:40 INFO  manager.MyListener - Start search element by locator-->By.id: photos
20:34:40 INFO  manager.MyListener - Element with locator-->By.id: photos was found
20:34:40 INFO  manager.MyListener - Start search element by locator-->By.cssSelector: div.error
20:34:40 INFO  manager.MyListener - Element with locator-->By.cssSelector: div.error was found
20:34:40 INFO  tests.TestBase - Car was not added, entered wrong data-->Price must be positive
20:34:40 INFO  manager.MyListener - Start search element by locator-->By.cssSelector: div.error
20:34:40 INFO  manager.MyListener - Element with locator-->By.cssSelector: div.error was found
20:34:40 INFO  manager.MyListener - Start search element by locator-->By.xpath: //*[@alt='logo']
20:34:40 INFO  manager.MyListener - Element with locator-->By.xpath: //*[@alt='logo'] was found
20:34:41 INFO  tests.TestBase - Ends test---> carSearchFail
20:34:41 INFO  tests.TestBase - Starts test---> carSearchFail
20:34:41 INFO  tests.TestBase - Car to be added-->Car(location=London, make=Japan, model=Honda, year=2001, engine=1,3, fuel=Petrol, gear=MT, wD=AWD, doors=4, seats=5, clasS=M, fuelConsumption=9,5, registrationNum=10-15-13337, price=-25, distance=120, features=New resin, about=Used but in good conditions)
20:34:41 INFO  manager.MyListener - Start search element by locator-->By.cssSelector: a[href='/let-car-work']
20:34:41 INFO  manager.MyListener - Element with locator-->By.cssSelector: a[href='/let-car-work'] was found
20:34:41 INFO  manager.MyListener - Start search element by locator-->By.id: pickUpPlace
20:34:41 INFO  manager.MyListener - Element with locator-->By.id: pickUpPlace was found
20:34:41 INFO  manager.MyListener - Start search element by locator-->By.cssSelector: div.pac-item
20:34:41 INFO  manager.MyListener - Element with locator-->By.cssSelector: div.pac-item was found
20:34:42 INFO  manager.MyListener - Start search element by locator-->By.cssSelector: input[id='make']
20:34:42 INFO  manager.MyListener - Element with locator-->By.cssSelector: input[id='make'] was found
20:34:43 INFO  manager.MyListener - Start search element by locator-->By.id: model
20:34:43 INFO  manager.MyListener - Element with locator-->By.id: model was found
20:34:43 INFO  manager.MyListener - Start search element by locator-->By.id: year
20:34:43 INFO  manager.MyListener - Element with locator-->By.id: year was found
20:34:43 INFO  manager.MyListener - Start search element by locator-->By.id: engine
20:34:43 INFO  manager.MyListener - Element with locator-->By.id: engine was found
20:34:43 INFO  manager.MyListener - Start search element by locator-->By.id: fuel
20:34:43 INFO  manager.MyListener - Element with locator-->By.id: fuel was found
20:34:43 INFO  manager.MyListener - Start search element by locator-->By.xpath: .//option[@value = "Petrol"]
20:34:43 INFO  manager.MyListener - Element with locator-->By.xpath: .//option[@value = "Petrol"] was found
20:34:43 INFO  manager.MyListener - Start search element by locator-->By.id: gear
20:34:43 INFO  manager.MyListener - Element with locator-->By.id: gear was found
20:34:43 INFO  manager.MyListener - Start search element by locator-->By.xpath: .//option[@value = "MT"]
20:34:43 INFO  manager.MyListener - Element with locator-->By.xpath: .//option[@value = "MT"] was found
20:34:43 INFO  manager.MyListener - Start search element by locator-->By.id: wheelsDrive
20:34:43 INFO  manager.MyListener - Element with locator-->By.id: wheelsDrive was found
20:34:43 INFO  manager.MyListener - Start search element by locator-->By.xpath: .//option[@value = "AWD"]
20:34:43 INFO  manager.MyListener - Element with locator-->By.xpath: .//option[@value = "AWD"] was found
20:34:43 INFO  manager.MyListener - Start search element by locator-->By.id: doors
20:34:43 INFO  manager.MyListener - Element with locator-->By.id: doors was found
20:34:43 INFO  manager.MyListener - Start search element by locator-->By.id: seats
20:34:43 INFO  manager.MyListener - Element with locator-->By.id: seats was found
20:34:44 INFO  manager.MyListener - Start search element by locator-->By.id: class
20:34:44 INFO  manager.MyListener - Element with locator-->By.id: class was found
20:34:44 INFO  manager.MyListener - Start search element by locator-->By.id: fuelConsumption
20:34:44 INFO  manager.MyListener - Element with locator-->By.id: fuelConsumption was found
20:34:44 INFO  manager.MyListener - Start search element by locator-->By.id: serialNumber
20:34:44 INFO  manager.MyListener - Element with locator-->By.id: serialNumber was found
20:34:44 INFO  manager.MyListener - Start search element by locator-->By.id: price
20:34:44 INFO  manager.MyListener - Element with locator-->By.id: price was found
20:34:44 INFO  manager.MyListener - Start search element by locator-->By.id: distance
20:34:44 INFO  manager.MyListener - Element with locator-->By.id: distance was found
20:34:44 INFO  manager.MyListener - Start search element by locator-->By.cssSelector: input.feature-input
20:34:44 INFO  manager.MyListener - Element with locator-->By.cssSelector: input.feature-input was found
20:34:44 INFO  manager.MyListener - Start search element by locator-->By.id: about
20:34:44 INFO  manager.MyListener - Element with locator-->By.id: about was found
20:34:45 INFO  manager.MyListener - Start search element by locator-->By.id: photos
20:34:45 INFO  manager.MyListener - Element with locator-->By.id: photos was found
20:34:45 INFO  manager.MyListener - Start search element by locator-->By.cssSelector: div.error
20:34:45 INFO  manager.MyListener - Element with locator-->By.cssSelector: div.error was found
20:34:45 INFO  tests.TestBase - Car was not added, entered wrong data-->Price must be positive
20:34:45 INFO  manager.MyListener - Start search element by locator-->By.cssSelector: div.error
20:34:45 INFO  manager.MyListener - Element with locator-->By.cssSelector: div.error was found
20:34:45 INFO  manager.MyListener - Start search element by locator-->By.xpath: //*[@alt='logo']
20:34:45 INFO  manager.MyListener - Element with locator-->By.xpath: //*[@alt='logo'] was found
20:34:45 INFO  tests.TestBase - Ends test---> carSearchFail
20:34:45 INFO  tests.TestBase - Starts test---> carSearchFail
20:34:45 INFO  tests.TestBase - Car to be added-->Car(location=New York, make=Japan, model=Honda, year=2001, engine=1,3, fuel=Petrol, gear=MT, wD=AWD, doors=4, seats=5, clasS=M, fuelConsumption=9,5, registrationNum=10-15-13338, price=-25, distance=120, features=New resin, about=Used but in good conditions)
20:34:45 INFO  manager.MyListener - Start search element by locator-->By.cssSelector: a[href='/let-car-work']
20:34:45 INFO  manager.MyListener - Element with locator-->By.cssSelector: a[href='/let-car-work'] was found
20:34:45 INFO  manager.MyListener - Start search element by locator-->By.id: pickUpPlace
20:34:45 INFO  manager.MyListener - Element with locator-->By.id: pickUpPlace was found
20:34:46 INFO  manager.MyListener - Start search element by locator-->By.cssSelector: div.pac-item
20:34:46 INFO  manager.MyListener - Element with locator-->By.cssSelector: div.pac-item was found
20:34:47 INFO  manager.MyListener - Start search element by locator-->By.cssSelector: input[id='make']
20:34:47 INFO  manager.MyListener - Element with locator-->By.cssSelector: input[id='make'] was found
20:34:47 INFO  manager.MyListener - Start search element by locator-->By.id: model
20:34:47 INFO  manager.MyListener - Element with locator-->By.id: model was found
20:34:47 INFO  manager.MyListener - Start search element by locator-->By.id: year
20:34:47 INFO  manager.MyListener - Element with locator-->By.id: year was found
20:34:47 INFO  manager.MyListener - Start search element by locator-->By.id: engine
20:34:47 INFO  manager.MyListener - Element with locator-->By.id: engine was found
20:34:47 INFO  manager.MyListener - Start search element by locator-->By.id: fuel
20:34:47 INFO  manager.MyListener - Element with locator-->By.id: fuel was found
20:34:47 INFO  manager.MyListener - Start search element by locator-->By.xpath: .//option[@value = "Petrol"]
20:34:47 INFO  manager.MyListener - Element with locator-->By.xpath: .//option[@value = "Petrol"] was found
20:34:47 INFO  manager.MyListener - Start search element by locator-->By.id: gear
20:34:47 INFO  manager.MyListener - Element with locator-->By.id: gear was found
20:34:47 INFO  manager.MyListener - Start search element by locator-->By.xpath: .//option[@value = "MT"]
20:34:48 INFO  manager.MyListener - Element with locator-->By.xpath: .//option[@value = "MT"] was found
20:34:48 INFO  manager.MyListener - Start search element by locator-->By.id: wheelsDrive
20:34:48 INFO  manager.MyListener - Element with locator-->By.id: wheelsDrive was found
20:34:48 INFO  manager.MyListener - Start search element by locator-->By.xpath: .//option[@value = "AWD"]
20:34:48 INFO  manager.MyListener - Element with locator-->By.xpath: .//option[@value = "AWD"] was found
20:34:48 INFO  manager.MyListener - Start search element by locator-->By.id: doors
20:34:48 INFO  manager.MyListener - Element with locator-->By.id: doors was found
20:34:48 INFO  manager.MyListener - Start search element by locator-->By.id: seats
20:34:48 INFO  manager.MyListener - Element with locator-->By.id: seats was found
20:34:48 INFO  manager.MyListener - Start search element by locator-->By.id: class
20:34:48 INFO  manager.MyListener - Element with locator-->By.id: class was found
20:34:48 INFO  manager.MyListener - Start search element by locator-->By.id: fuelConsumption
20:34:48 INFO  manager.MyListener - Element with locator-->By.id: fuelConsumption was found
20:34:48 INFO  manager.MyListener - Start search element by locator-->By.id: serialNumber
20:34:48 INFO  manager.MyListener - Element with locator-->By.id: serialNumber was found
20:34:48 INFO  manager.MyListener - Start search element by locator-->By.id: price
20:34:48 INFO  manager.MyListener - Element with locator-->By.id: price was found
20:34:49 INFO  manager.MyListener - Start search element by locator-->By.id: distance
20:34:49 INFO  manager.MyListener - Element with locator-->By.id: distance was found
20:34:49 INFO  manager.MyListener - Start search element by locator-->By.cssSelector: input.feature-input
20:34:49 INFO  manager.MyListener - Element with locator-->By.cssSelector: input.feature-input was found
20:34:49 INFO  manager.MyListener - Start search element by locator-->By.id: about
20:34:49 INFO  manager.MyListener - Element with locator-->By.id: about was found
20:34:49 INFO  manager.MyListener - Start search element by locator-->By.id: photos
20:34:49 INFO  manager.MyListener - Element with locator-->By.id: photos was found
20:34:49 INFO  manager.MyListener - Start search element by locator-->By.cssSelector: div.error
20:34:49 INFO  manager.MyListener - Element with locator-->By.cssSelector: div.error was found
20:34:49 INFO  tests.TestBase - Car was not added, entered wrong data-->Price must be positive
20:34:49 INFO  manager.MyListener - Start search element by locator-->By.cssSelector: div.error
20:34:49 INFO  manager.MyListener - Element with locator-->By.cssSelector: div.error was found
20:34:49 INFO  manager.MyListener - Start search element by locator-->By.xpath: //*[@alt='logo']
20:34:49 INFO  manager.MyListener - Element with locator-->By.xpath: //*[@alt='logo'] was found
20:34:49 INFO  tests.TestBase - Ends test---> carSearchFail
20:34:49 INFO  tests.TestBase - Starts test---> carSearchFail
20:34:49 INFO  tests.TestBase - Car to be added-->Car(location=Samara, make=Japan, model=Honda, year=2001, engine=1,3, fuel=Petrol, gear=MT, wD=AWD, doors=4, seats=5, clasS=M, fuelConsumption=9,5, registrationNum=10-15-13339, price=-25, distance=120, features=New resin, about=Used but in good conditions)
20:34:49 INFO  manager.MyListener - Start search element by locator-->By.cssSelector: a[href='/let-car-work']
20:34:49 INFO  manager.MyListener - Element with locator-->By.cssSelector: a[href='/let-car-work'] was found
20:34:49 INFO  manager.MyListener - Start search element by locator-->By.id: pickUpPlace
20:34:49 INFO  manager.MyListener - Element with locator-->By.id: pickUpPlace was found
20:34:50 INFO  manager.MyListener - Start search element by locator-->By.cssSelector: div.pac-item
20:34:50 INFO  manager.MyListener - Element with locator-->By.cssSelector: div.pac-item was found
20:34:51 INFO  manager.MyListener - Start search element by locator-->By.cssSelector: input[id='make']
20:34:51 INFO  manager.MyListener - Element with locator-->By.cssSelector: input[id='make'] was found
20:34:51 INFO  manager.MyListener - Start search element by locator-->By.id: model
20:34:51 INFO  manager.MyListener - Element with locator-->By.id: model was found
20:34:51 INFO  manager.MyListener - Start search element by locator-->By.id: year
20:34:51 INFO  manager.MyListener - Element with locator-->By.id: year was found
20:34:52 INFO  manager.MyListener - Start search element by locator-->By.id: engine
20:34:52 INFO  manager.MyListener - Element with locator-->By.id: engine was found
20:34:52 INFO  manager.MyListener - Start search element by locator-->By.id: fuel
20:34:52 INFO  manager.MyListener - Element with locator-->By.id: fuel was found
20:34:52 INFO  manager.MyListener - Start search element by locator-->By.xpath: .//option[@value = "Petrol"]
20:34:52 INFO  manager.MyListener - Element with locator-->By.xpath: .//option[@value = "Petrol"] was found
20:34:52 INFO  manager.MyListener - Start search element by locator-->By.id: gear
20:34:52 INFO  manager.MyListener - Element with locator-->By.id: gear was found
20:34:52 INFO  manager.MyListener - Start search element by locator-->By.xpath: .//option[@value = "MT"]
20:34:52 INFO  manager.MyListener - Element with locator-->By.xpath: .//option[@value = "MT"] was found
20:34:52 INFO  manager.MyListener - Start search element by locator-->By.id: wheelsDrive
20:34:52 INFO  manager.MyListener - Element with locator-->By.id: wheelsDrive was found
20:34:52 INFO  manager.MyListener - Start search element by locator-->By.xpath: .//option[@value = "AWD"]
20:34:52 INFO  manager.MyListener - Element with locator-->By.xpath: .//option[@value = "AWD"] was found
20:34:52 INFO  manager.MyListener - Start search element by locator-->By.id: doors
20:34:52 INFO  manager.MyListener - Element with locator-->By.id: doors was found
20:34:52 INFO  manager.MyListener - Start search element by locator-->By.id: seats
20:34:52 INFO  manager.MyListener - Element with locator-->By.id: seats was found
20:34:52 INFO  manager.MyListener - Start search element by locator-->By.id: class
20:34:52 INFO  manager.MyListener - Element with locator-->By.id: class was found
20:34:53 INFO  manager.MyListener - Start search element by locator-->By.id: fuelConsumption
20:34:53 INFO  manager.MyListener - Element with locator-->By.id: fuelConsumption was found
20:34:53 INFO  manager.MyListener - Start search element by locator-->By.id: serialNumber
20:34:53 INFO  manager.MyListener - Element with locator-->By.id: serialNumber was found
20:34:53 INFO  manager.MyListener - Start search element by locator-->By.id: price
20:34:53 INFO  manager.MyListener - Element with locator-->By.id: price was found
20:34:53 INFO  manager.MyListener - Start search element by locator-->By.id: distance
20:34:53 INFO  manager.MyListener - Element with locator-->By.id: distance was found
20:34:53 INFO  manager.MyListener - Start search element by locator-->By.cssSelector: input.feature-input
20:34:53 INFO  manager.MyListener - Element with locator-->By.cssSelector: input.feature-input was found
20:34:53 INFO  manager.MyListener - Start search element by locator-->By.id: about
20:34:53 INFO  manager.MyListener - Element with locator-->By.id: about was found
20:34:53 INFO  manager.MyListener - Start search element by locator-->By.id: photos
20:34:53 INFO  manager.MyListener - Element with locator-->By.id: photos was found
20:34:53 INFO  manager.MyListener - Start search element by locator-->By.cssSelector: div.error
20:34:53 INFO  manager.MyListener - Element with locator-->By.cssSelector: div.error was found
20:34:53 INFO  tests.TestBase - Car was not added, entered wrong data-->Price must be positive
20:34:53 INFO  manager.MyListener - Start search element by locator-->By.cssSelector: div.error
20:34:54 INFO  manager.MyListener - Element with locator-->By.cssSelector: div.error was found
20:34:54 INFO  manager.MyListener - Start search element by locator-->By.xpath: //*[@alt='logo']
20:34:54 INFO  manager.MyListener - Element with locator-->By.xpath: //*[@alt='logo'] was found
20:34:54 INFO  tests.TestBase - Ends test---> carSearchFail
20:34:54 INFO  tests.TestBase - Starts test---> carSearchFail
20:34:54 INFO  tests.TestBase - Car to be added-->Car(location=Miami, make=Japan, model=Honda, year=2001, engine=1,3, fuel=Petrol, gear=MT, wD=AWD, doors=4, seats=5, clasS=M, fuelConsumption=9,5, registrationNum=10-15-13340, price=-25, distance=120, features=New resin, about=Used but in good conditions)
20:34:54 INFO  manager.MyListener - Start search element by locator-->By.cssSelector: a[href='/let-car-work']
20:34:54 INFO  manager.MyListener - Element with locator-->By.cssSelector: a[href='/let-car-work'] was found
20:34:54 INFO  manager.MyListener - Start search element by locator-->By.id: pickUpPlace
20:34:54 INFO  manager.MyListener - Element with locator-->By.id: pickUpPlace was found
20:34:54 INFO  manager.MyListener - Start search element by locator-->By.cssSelector: div.pac-item
20:34:55 INFO  manager.MyListener - Element with locator-->By.cssSelector: div.pac-item was found
20:34:56 INFO  manager.MyListener - Start search element by locator-->By.cssSelector: input[id='make']
20:34:56 INFO  manager.MyListener - Element with locator-->By.cssSelector: input[id='make'] was found
20:34:56 INFO  manager.MyListener - Start search element by locator-->By.id: model
20:34:56 INFO  manager.MyListener - Element with locator-->By.id: model was found
20:34:56 INFO  manager.MyListener - Start search element by locator-->By.id: year
20:34:56 INFO  manager.MyListener - Element with locator-->By.id: year was found
20:34:56 INFO  manager.MyListener - Start search element by locator-->By.id: engine
20:34:56 INFO  manager.MyListener - Element with locator-->By.id: engine was found
20:34:56 INFO  manager.MyListener - Start search element by locator-->By.id: fuel
20:34:56 INFO  manager.MyListener - Element with locator-->By.id: fuel was found
20:34:56 INFO  manager.MyListener - Start search element by locator-->By.xpath: .//option[@value = "Petrol"]
20:34:56 INFO  manager.MyListener - Element with locator-->By.xpath: .//option[@value = "Petrol"] was found
20:34:56 INFO  manager.MyListener - Start search element by locator-->By.id: gear
20:34:56 INFO  manager.MyListener - Element with locator-->By.id: gear was found
20:34:56 INFO  manager.MyListener - Start search element by locator-->By.xpath: .//option[@value = "MT"]
20:34:56 INFO  manager.MyListener - Element with locator-->By.xpath: .//option[@value = "MT"] was found
20:34:56 INFO  manager.MyListener - Start search element by locator-->By.id: wheelsDrive
20:34:56 INFO  manager.MyListener - Element with locator-->By.id: wheelsDrive was found
20:34:56 INFO  manager.MyListener - Start search element by locator-->By.xpath: .//option[@value = "AWD"]
20:34:56 INFO  manager.MyListener - Element with locator-->By.xpath: .//option[@value = "AWD"] was found
20:34:56 INFO  manager.MyListener - Start search element by locator-->By.id: doors
20:34:56 INFO  manager.MyListener - Element with locator-->By.id: doors was found
20:34:57 INFO  manager.MyListener - Start search element by locator-->By.id: seats
20:34:57 INFO  manager.MyListener - Element with locator-->By.id: seats was found
20:34:57 INFO  manager.MyListener - Start search element by locator-->By.id: class
20:34:57 INFO  manager.MyListener - Element with locator-->By.id: class was found
20:34:57 INFO  manager.MyListener - Start search element by locator-->By.id: fuelConsumption
20:34:57 INFO  manager.MyListener - Element with locator-->By.id: fuelConsumption was found
20:34:57 INFO  manager.MyListener - Start search element by locator-->By.id: serialNumber
20:34:57 INFO  manager.MyListener - Element with locator-->By.id: serialNumber was found
20:34:57 INFO  manager.MyListener - Start search element by locator-->By.id: price
20:34:57 INFO  manager.MyListener - Element with locator-->By.id: price was found
20:34:57 INFO  manager.MyListener - Start search element by locator-->By.id: distance
20:34:57 INFO  manager.MyListener - Element with locator-->By.id: distance was found
20:34:57 INFO  manager.MyListener - Start search element by locator-->By.cssSelector: input.feature-input
20:34:57 INFO  manager.MyListener - Element with locator-->By.cssSelector: input.feature-input was found
20:34:58 INFO  manager.MyListener - Start search element by locator-->By.id: about
20:34:58 INFO  manager.MyListener - Element with locator-->By.id: about was found
20:34:58 INFO  manager.MyListener - Start search element by locator-->By.id: photos
20:34:58 INFO  manager.MyListener - Element with locator-->By.id: photos was found
20:34:58 INFO  manager.MyListener - Start search element by locator-->By.cssSelector: div.error
20:34:58 INFO  manager.MyListener - Element with locator-->By.cssSelector: div.error was found
20:34:58 INFO  tests.TestBase - Car was not added, entered wrong data-->Price must be positive
20:34:58 INFO  manager.MyListener - Start search element by locator-->By.cssSelector: div.error
20:34:58 INFO  manager.MyListener - Element with locator-->By.cssSelector: div.error was found
20:34:58 INFO  manager.MyListener - Start search element by locator-->By.xpath: //*[@alt='logo']
20:34:58 INFO  manager.MyListener - Element with locator-->By.xpath: //*[@alt='logo'] was found
20:34:58 INFO  tests.TestBase - Ends test---> carSearchFail
20:34:58 INFO  tests.TestBase - Starts test---> carSearchSuccess
20:34:58 INFO  tests.TestBase - Test starts with car details:--->London, Porsh, UK
20:34:58 INFO  manager.MyListener - Start search element by locator-->By.cssSelector: a[href='/let-car-work']
20:34:58 INFO  manager.MyListener - Element with locator-->By.cssSelector: a[href='/let-car-work'] was found
20:34:58 INFO  manager.MyListener - Start search element by locator-->By.id: pickUpPlace
20:34:58 INFO  manager.MyListener - Element with locator-->By.id: pickUpPlace was found
20:34:59 INFO  manager.MyListener - Start search element by locator-->By.cssSelector: div.pac-item
20:34:59 INFO  manager.MyListener - Element with locator-->By.cssSelector: div.pac-item was found
20:35:00 INFO  manager.MyListener - Start search element by locator-->By.cssSelector: input[id='make']
20:35:00 INFO  manager.MyListener - Element with locator-->By.cssSelector: input[id='make'] was found
20:35:00 INFO  manager.MyListener - Start search element by locator-->By.id: model
20:35:00 INFO  manager.MyListener - Element with locator-->By.id: model was found
20:35:00 INFO  manager.MyListener - Start search element by locator-->By.id: year
20:35:00 INFO  manager.MyListener - Element with locator-->By.id: year was found
20:35:00 INFO  manager.MyListener - Start search element by locator-->By.id: engine
20:35:00 INFO  manager.MyListener - Element with locator-->By.id: engine was found
20:35:00 INFO  manager.MyListener - Start search element by locator-->By.id: fuel
20:35:01 INFO  manager.MyListener - Element with locator-->By.id: fuel was found
20:35:01 INFO  manager.MyListener - Start search element by locator-->By.xpath: .//option[@value = "Petrol"]
20:35:01 INFO  manager.MyListener - Element with locator-->By.xpath: .//option[@value = "Petrol"] was found
20:35:01 INFO  manager.MyListener - Start search element by locator-->By.id: gear
20:35:01 INFO  manager.MyListener - Element with locator-->By.id: gear was found
20:35:01 INFO  manager.MyListener - Start search element by locator-->By.xpath: .//option[@value = "SMT"]
20:35:01 INFO  manager.MyListener - Element with locator-->By.xpath: .//option[@value = "SMT"] was found
20:35:01 INFO  manager.MyListener - Start search element by locator-->By.id: wheelsDrive
20:35:01 INFO  manager.MyListener - Element with locator-->By.id: wheelsDrive was found
20:35:01 INFO  manager.MyListener - Start search element by locator-->By.xpath: .//option[@value = "FWD"]
20:35:01 INFO  manager.MyListener - Element with locator-->By.xpath: .//option[@value = "FWD"] was found
20:35:01 INFO  manager.MyListener - Start search element by locator-->By.id: doors
20:35:01 INFO  manager.MyListener - Element with locator-->By.id: doors was found
20:35:01 INFO  manager.MyListener - Start search element by locator-->By.id: seats
20:35:01 INFO  manager.MyListener - Element with locator-->By.id: seats was found
20:35:01 INFO  manager.MyListener - Start search element by locator-->By.id: class
20:35:01 INFO  manager.MyListener - Element with locator-->By.id: class was found
20:35:01 INFO  manager.MyListener - Start search element by locator-->By.id: fuelConsumption
20:35:01 INFO  manager.MyListener - Element with locator-->By.id: fuelConsumption was found
20:35:01 INFO  manager.MyListener - Start search element by locator-->By.id: serialNumber
20:35:01 INFO  manager.MyListener - Element with locator-->By.id: serialNumber was found
20:35:02 INFO  manager.MyListener - Start search element by locator-->By.id: price
20:35:02 INFO  manager.MyListener - Element with locator-->By.id: price was found
20:35:02 INFO  manager.MyListener - Start search element by locator-->By.id: distance
20:35:02 INFO  manager.MyListener - Element with locator-->By.id: distance was found
20:35:02 INFO  manager.MyListener - Start search element by locator-->By.cssSelector: input.feature-input
20:35:02 INFO  manager.MyListener - Element with locator-->By.cssSelector: input.feature-input was found
20:35:02 INFO  manager.MyListener - Start search element by locator-->By.id: about
20:35:02 INFO  manager.MyListener - Element with locator-->By.id: about was found
20:35:02 INFO  manager.MyListener - Start search element by locator-->By.id: photos
20:35:02 INFO  manager.MyListener - Element with locator-->By.id: photos was found
20:35:02 INFO  manager.MyListener - Start search element by locator-->By.xpath: //*[text()='Submit']
20:35:02 INFO  manager.MyListener - Element with locator-->By.xpath: //*[text()='Submit'] was found
20:35:03 INFO  manager.MyListener - Start search element by locator-->By.xpath: //*[text()='Submit']
20:35:03 INFO  manager.MyListener - Element with locator-->By.xpath: //*[text()='Submit'] was found
20:35:03 INFO  manager.MyListener - Start search element by locator-->By.xpath: //*[text()='Car added']
20:35:05 INFO  manager.MyListener - Element with locator-->By.xpath: //*[text()='Car added'] was found
20:35:05 INFO  tests.TestBase - Ends test---> carSearchSuccess
20:35:05 INFO  tests.TestBase - Starts test---> carSearchSuccess
20:35:05 INFO  tests.TestBase - Test starts with car details:--->Berlin, Porsh, UK
20:35:05 INFO  manager.MyListener - Start search element by locator-->By.cssSelector: a[href='/let-car-work']
20:35:05 INFO  manager.MyListener - Element with locator-->By.cssSelector: a[href='/let-car-work'] was found
20:35:10 INFO  manager.MyListener - Something went wrong: https://ilcarro-1578153671498.web.app/let-car-work
20:35:10 INFO  manager.MyListener - element not interactable
  (Session info: chrome=102.0.5005.63)
Build info: version: '3.141.59', revision: 'e82be7d358', time: '2018-11-14T08:17:03'
System info: host: 'ARTEMKA', ip: '192.168.0.103', os.name: 'Windows 10', os.arch: 'amd64', os.version: '10.0', java.version: '1.8.0_331'
Driver info: org.openqa.selenium.chrome.ChromeDriver
Capabilities {acceptInsecureCerts: false, browserName: chrome, browserVersion: 102.0.5005.63, chrome: {chromedriverVersion: 101.0.4951.41 (93c720db8323..., userDataDir: C:\Users\ompre\AppData\Loca...}, goog:chromeOptions: {debuggerAddress: localhost:56611}, javascriptEnabled: true, networkConnectionEnabled: false, pageLoadStrategy: normal, platform: WINDOWS, platformName: WINDOWS, proxy: Proxy(), setWindowRect: true, strictFileInteractability: false, timeouts: {implicit: 0, pageLoad: 300000, script: 30000}, unhandledPromptBehavior: dismiss and notify, webauthn:extension:credBlob: true, webauthn:extension:largeBlob: true, webauthn:virtualAuthenticators: true}
Session ID: 7b393f4fb4882ec7a0822a4ab36fe649
20:35:10 INFO  manager.MyListener - org.openqa.selenium.ElementNotInteractableException: element not interactable
  (Session info: chrome=102.0.5005.63)
Build info: version: '3.141.59', revision: 'e82be7d358', time: '2018-11-14T08:17:03'
System info: host: 'ARTEMKA', ip: '192.168.0.103', os.name: 'Windows 10', os.arch: 'amd64', os.version: '10.0', java.version: '1.8.0_331'
Driver info: org.openqa.selenium.chrome.ChromeDriver
Capabilities {acceptInsecureCerts: false, browserName: chrome, browserVersion: 102.0.5005.63, chrome: {chromedriverVersion: 101.0.4951.41 (93c720db8323..., userDataDir: C:\Users\ompre\AppData\Loca...}, goog:chromeOptions: {debuggerAddress: localhost:56611}, javascriptEnabled: true, networkConnectionEnabled: false, pageLoadStrategy: normal, platform: WINDOWS, platformName: WINDOWS, proxy: Proxy(), setWindowRect: true, strictFileInteractability: false, timeouts: {implicit: 0, pageLoad: 300000, script: 30000}, unhandledPromptBehavior: dismiss and notify, webauthn:extension:credBlob: true, webauthn:extension:largeBlob: true, webauthn:virtualAuthenticators: true}
Session ID: 7b393f4fb4882ec7a0822a4ab36fe649
20:35:10 INFO  tests.TestBase - Ends test---> carSearchSuccess
20:35:10 INFO  tests.TestBase - Starts test---> carSearchSuccess
20:35:10 INFO  tests.TestBase - Test starts with car details:--->Paris, Porsh, UK
20:35:10 INFO  manager.MyListener - Start search element by locator-->By.cssSelector: a[href='/let-car-work']
20:35:10 INFO  manager.MyListener - Element with locator-->By.cssSelector: a[href='/let-car-work'] was found
20:35:15 INFO  manager.MyListener - Something went wrong: https://ilcarro-1578153671498.web.app/let-car-work
20:35:15 INFO  manager.MyListener - element not interactable
  (Session info: chrome=102.0.5005.63)
Build info: version: '3.141.59', revision: 'e82be7d358', time: '2018-11-14T08:17:03'
System info: host: 'ARTEMKA', ip: '192.168.0.103', os.name: 'Windows 10', os.arch: 'amd64', os.version: '10.0', java.version: '1.8.0_331'
Driver info: org.openqa.selenium.chrome.ChromeDriver
Capabilities {acceptInsecureCerts: false, browserName: chrome, browserVersion: 102.0.5005.63, chrome: {chromedriverVersion: 101.0.4951.41 (93c720db8323..., userDataDir: C:\Users\ompre\AppData\Loca...}, goog:chromeOptions: {debuggerAddress: localhost:56611}, javascriptEnabled: true, networkConnectionEnabled: false, pageLoadStrategy: normal, platform: WINDOWS, platformName: WINDOWS, proxy: Proxy(), setWindowRect: true, strictFileInteractability: false, timeouts: {implicit: 0, pageLoad: 300000, script: 30000}, unhandledPromptBehavior: dismiss and notify, webauthn:extension:credBlob: true, webauthn:extension:largeBlob: true, webauthn:virtualAuthenticators: true}
Session ID: 7b393f4fb4882ec7a0822a4ab36fe649
20:35:15 INFO  manager.MyListener - org.openqa.selenium.ElementNotInteractableException: element not interactable
  (Session info: chrome=102.0.5005.63)
Build info: version: '3.141.59', revision: 'e82be7d358', time: '2018-11-14T08:17:03'
System info: host: 'ARTEMKA', ip: '192.168.0.103', os.name: 'Windows 10', os.arch: 'amd64', os.version: '10.0', java.version: '1.8.0_331'
Driver info: org.openqa.selenium.chrome.ChromeDriver
Capabilities {acceptInsecureCerts: false, browserName: chrome, browserVersion: 102.0.5005.63, chrome: {chromedriverVersion: 101.0.4951.41 (93c720db8323..., userDataDir: C:\Users\ompre\AppData\Loca...}, goog:chromeOptions: {debuggerAddress: localhost:56611}, javascriptEnabled: true, networkConnectionEnabled: false, pageLoadStrategy: normal, platform: WINDOWS, platformName: WINDOWS, proxy: Proxy(), setWindowRect: true, strictFileInteractability: false, timeouts: {implicit: 0, pageLoad: 300000, script: 30000}, unhandledPromptBehavior: dismiss and notify, webauthn:extension:credBlob: true, webauthn:extension:largeBlob: true, webauthn:virtualAuthenticators: true}
Session ID: 7b393f4fb4882ec7a0822a4ab36fe649
20:35:15 INFO  tests.TestBase - Ends test---> carSearchSuccess
20:35:15 INFO  tests.TestBase - Starts test---> carSearchSuccess
20:35:15 INFO  tests.TestBase - Test starts with car details:--->Madrid, Porsh, UK
20:35:15 INFO  manager.MyListener - Start search element by locator-->By.cssSelector: a[href='/let-car-work']
20:35:15 INFO  manager.MyListener - Element with locator-->By.cssSelector: a[href='/let-car-work'] was found
20:35:20 INFO  manager.MyListener - Something went wrong: https://ilcarro-1578153671498.web.app/let-car-work
20:35:20 INFO  manager.MyListener - element not interactable
  (Session info: chrome=102.0.5005.63)
Build info: version: '3.141.59', revision: 'e82be7d358', time: '2018-11-14T08:17:03'
System info: host: 'ARTEMKA', ip: '192.168.0.103', os.name: 'Windows 10', os.arch: 'amd64', os.version: '10.0', java.version: '1.8.0_331'
Driver info: org.openqa.selenium.chrome.ChromeDriver
Capabilities {acceptInsecureCerts: false, browserName: chrome, browserVersion: 102.0.5005.63, chrome: {chromedriverVersion: 101.0.4951.41 (93c720db8323..., userDataDir: C:\Users\ompre\AppData\Loca...}, goog:chromeOptions: {debuggerAddress: localhost:56611}, javascriptEnabled: true, networkConnectionEnabled: false, pageLoadStrategy: normal, platform: WINDOWS, platformName: WINDOWS, proxy: Proxy(), setWindowRect: true, strictFileInteractability: false, timeouts: {implicit: 0, pageLoad: 300000, script: 30000}, unhandledPromptBehavior: dismiss and notify, webauthn:extension:credBlob: true, webauthn:extension:largeBlob: true, webauthn:virtualAuthenticators: true}
Session ID: 7b393f4fb4882ec7a0822a4ab36fe649
20:35:20 INFO  manager.MyListener - org.openqa.selenium.ElementNotInteractableException: element not interactable
  (Session info: chrome=102.0.5005.63)
Build info: version: '3.141.59', revision: 'e82be7d358', time: '2018-11-14T08:17:03'
System info: host: 'ARTEMKA', ip: '192.168.0.103', os.name: 'Windows 10', os.arch: 'amd64', os.version: '10.0', java.version: '1.8.0_331'
Driver info: org.openqa.selenium.chrome.ChromeDriver
Capabilities {acceptInsecureCerts: false, browserName: chrome, browserVersion: 102.0.5005.63, chrome: {chromedriverVersion: 101.0.4951.41 (93c720db8323..., userDataDir: C:\Users\ompre\AppData\Loca...}, goog:chromeOptions: {debuggerAddress: localhost:56611}, javascriptEnabled: true, networkConnectionEnabled: false, pageLoadStrategy: normal, platform: WINDOWS, platformName: WINDOWS, proxy: Proxy(), setWindowRect: true, strictFileInteractability: false, timeouts: {implicit: 0, pageLoad: 300000, script: 30000}, unhandledPromptBehavior: dismiss and notify, webauthn:extension:credBlob: true, webauthn:extension:largeBlob: true, webauthn:virtualAuthenticators: true}
Session ID: 7b393f4fb4882ec7a0822a4ab36fe649
20:35:20 INFO  tests.TestBase - Ends test---> carSearchSuccess
]]></system-out>
  <system-err><![CDATA[]]></system-err>
</testsuite>
