<?xml version="1.0" encoding="UTF-8"?>
<testsuite name="tests.LetTheCarWork" tests="1" skipped="0" failures="0" errors="0" timestamp="2022-05-23T14:26:04" hostname="DESKTOP-KF54E9L" time="13.5">
  <properties/>
  <testcase name="carSearchSuccess" classname="tests.LetTheCarWork" time="13.5"/>
  <system-out><![CDATA[17:25:57 INFO  tests.TestBase - Starts test---> carSearchSuccess
17:26:04 INFO  tests.TestBase - Test starts with car details:--->BMWGermany
17:26:17 INFO  tests.TestBase - Test finished, car with details added
17:26:17 INFO  tests.TestBase - Ends test---> carSearchSuccess
]]></system-out>
  <system-err><![CDATA[]]></system-err>
</testsuite>
