<?xml version="1.0" encoding="UTF-8"?>
<testsuite name="tests.Registration" tests="5" skipped="0" failures="0" errors="0" timestamp="2022-05-14T16:16:55" hostname="ARTEMKA" time="26.846">
  <properties/>
  <testcase name="registrationNegativeExist" classname="tests.Registration" time="1.564"/>
  <testcase name="registrationNegativeMail" classname="tests.Registration" time="3.695"/>
  <testcase name="registrationNegativePass" classname="tests.Registration" time="3.686"/>
  <testcase name="registrationPositive" classname="tests.Registration" time="1.104"/>
  <testcase name="registrationPositive2" classname="tests.Registration" time="1.559"/>
  <system-out><![CDATA[Email = user993@gmail.com, and password = Asd993d#%
Registered
You are logged in success
Ok
Email = user993@gmail.com, and password = Asd993d#%
Registered
You are logged in success
Ok
]]></system-out>
  <system-err><![CDATA[]]></system-err>
</testsuite>
