<?xml version="1.0" encoding="UTF-8"?>
<testsuite name="tests.CarSearch" tests="4" skipped="0" failures="0" errors="0" timestamp="2022-06-12T14:27:12" hostname="DESKTOP-KF54E9L" time="31.825">
  <properties/>
  <testcase name="fillSearchFormFutureYears" classname="tests.CarSearch" time="5.683"/>
  <testcase name="searchPeriodCurrentMonth" classname="tests.CarSearch" time="3.842"/>
  <testcase name="searchPeriodInFuture" classname="tests.CarSearch" time="5.12"/>
  <testcase name="searchPeriodInFutureLocalData" classname="tests.CarSearch" time="5.707"/>
  <system-out><![CDATA[17:27:12 INFO  tests.TestBase - Starts test---> fillSearchFormFutureYears
17:27:12 INFO  tests.TestBase - rent details:-->Paris, from 25 Nov 2022 till 05 March 2023
17:27:12 INFO  manager.MyListener - Start search element by locator-->By.id: city
17:27:12 INFO  manager.MyListener - Element with locator-->By.id: city was found
17:27:13 INFO  manager.MyListener - Start search element by locator-->By.cssSelector: div.pac-item
17:27:13 INFO  manager.MyListener - Element with locator-->By.cssSelector: div.pac-item was found
17:27:14 INFO  manager.MyListener - Start search element by locator-->By.id: dates
17:27:14 INFO  manager.MyListener - Element with locator-->By.id: dates was found
17:27:14 INFO  manager.MyListener - Start search element by locator-->By.id: dates
17:27:14 INFO  manager.MyListener - Element with locator-->By.id: dates was found
17:27:15 INFO  manager.MyListener - Start search element by locator-->By.xpath: //button[@aria-label='Next month']
17:27:15 INFO  manager.MyListener - Element with locator-->By.xpath: //button[@aria-label='Next month'] was found
17:27:15 INFO  manager.MyListener - Start search element by locator-->By.xpath: //button[@aria-label='Next month']
17:27:15 INFO  manager.MyListener - Element with locator-->By.xpath: //button[@aria-label='Next month'] was found
17:27:15 INFO  manager.MyListener - Start search element by locator-->By.xpath: //button[@aria-label='Next month']
17:27:15 INFO  manager.MyListener - Element with locator-->By.xpath: //button[@aria-label='Next month'] was found
17:27:15 INFO  manager.MyListener - Start search element by locator-->By.xpath: //button[@aria-label='Next month']
17:27:15 INFO  manager.MyListener - Element with locator-->By.xpath: //button[@aria-label='Next month'] was found
17:27:15 INFO  manager.MyListener - Start search element by locator-->By.xpath: //button[@aria-label='Next month']
17:27:15 INFO  manager.MyListener - Element with locator-->By.xpath: //button[@aria-label='Next month'] was found
17:27:16 INFO  manager.MyListener - Start search element by locator-->By.xpath: //div[text()=' 25 ']
17:27:16 INFO  manager.MyListener - Element with locator-->By.xpath: //div[text()=' 25 '] was found
17:27:16 INFO  manager.MyListener - Start search element by locator-->By.xpath: //button[@aria-label='Next month']
17:27:16 INFO  manager.MyListener - Element with locator-->By.xpath: //button[@aria-label='Next month'] was found
17:27:16 INFO  manager.MyListener - Start search element by locator-->By.xpath: //button[@aria-label='Next month']
17:27:16 INFO  manager.MyListener - Element with locator-->By.xpath: //button[@aria-label='Next month'] was found
17:27:16 INFO  manager.MyListener - Start search element by locator-->By.xpath: //button[@aria-label='Next month']
17:27:16 INFO  manager.MyListener - Element with locator-->By.xpath: //button[@aria-label='Next month'] was found
17:27:16 INFO  manager.MyListener - Start search element by locator-->By.xpath: //button[@aria-label='Next month']
17:27:16 INFO  manager.MyListener - Element with locator-->By.xpath: //button[@aria-label='Next month'] was found
17:27:16 INFO  manager.MyListener - Start search element by locator-->By.xpath: //div[text()=' 5 ']
17:27:17 INFO  manager.MyListener - Element with locator-->By.xpath: //div[text()=' 5 '] was found
17:27:17 INFO  manager.MyListener - Start search element by locator-->By.cssSelector: form button[type='submit']
17:27:17 INFO  manager.MyListener - Element with locator-->By.cssSelector: form button[type='submit'] was found
17:27:17 INFO  manager.MyListener - Start search element by locator-->By.cssSelector: div.search-results
17:27:18 INFO  manager.MyListener - Element with locator-->By.cssSelector: div.search-results was found
17:27:18 INFO  tests.TestBase - Test finished Success
17:27:18 INFO  manager.MyListener - Start search element by locator-->By.xpath: //*[@alt='logo']
17:27:18 INFO  manager.MyListener - Element with locator-->By.xpath: //*[@alt='logo'] was found
17:27:19 INFO  manager.MyListener - Start search element by locator-->By.id: dates
17:27:19 INFO  manager.MyListener - Element with locator-->By.id: dates was found
17:27:22 INFO  tests.TestBase - Ends test---> fillSearchFormFutureYears
17:27:22 INFO  tests.TestBase - Starts test---> searchPeriodCurrentMonth
17:27:22 INFO  tests.TestBase - rent details:-->Tel Aviv, from 19 June 2022 till 30 June 2022
17:27:22 INFO  manager.MyListener - Start search element by locator-->By.id: city
17:27:22 INFO  manager.MyListener - Element with locator-->By.id: city was found
17:27:23 INFO  manager.MyListener - Start search element by locator-->By.cssSelector: div.pac-item
17:27:23 INFO  manager.MyListener - Element with locator-->By.cssSelector: div.pac-item was found
17:27:24 INFO  manager.MyListener - Start search element by locator-->By.id: dates
17:27:24 INFO  manager.MyListener - Element with locator-->By.id: dates was found
17:27:24 INFO  manager.MyListener - Start search element by locator-->By.id: dates
17:27:24 INFO  manager.MyListener - Element with locator-->By.id: dates was found
17:27:24 INFO  manager.MyListener - Start search element by locator-->By.xpath: //div[text()=' 19 ']
17:27:24 INFO  manager.MyListener - Element with locator-->By.xpath: //div[text()=' 19 '] was found
17:27:25 INFO  manager.MyListener - Start search element by locator-->By.xpath: //div[text()=' 30 ']
17:27:25 INFO  manager.MyListener - Element with locator-->By.xpath: //div[text()=' 30 '] was found
17:27:25 INFO  manager.MyListener - Start search element by locator-->By.cssSelector: form button[type='submit']
17:27:25 INFO  manager.MyListener - Element with locator-->By.cssSelector: form button[type='submit'] was found
17:27:25 INFO  manager.MyListener - Start search element by locator-->By.cssSelector: div.search-results
17:27:25 INFO  manager.MyListener - Element with locator-->By.cssSelector: div.search-results was found
17:27:25 INFO  tests.TestBase - Test finished Success
17:27:25 INFO  manager.MyListener - Start search element by locator-->By.xpath: //*[@alt='logo']
17:27:25 INFO  manager.MyListener - Element with locator-->By.xpath: //*[@alt='logo'] was found
17:27:26 INFO  manager.MyListener - Start search element by locator-->By.id: dates
17:27:27 INFO  manager.MyListener - Element with locator-->By.id: dates was found
17:27:29 INFO  tests.TestBase - Ends test---> searchPeriodCurrentMonth
17:27:29 INFO  tests.TestBase - Starts test---> searchPeriodInFuture
17:27:29 INFO  tests.TestBase - rent details:-->Moscow, from 25 Oct 2022 till 28 Nov 2022
17:27:29 INFO  manager.MyListener - Start search element by locator-->By.id: city
17:27:29 INFO  manager.MyListener - Element with locator-->By.id: city was found
17:27:30 INFO  manager.MyListener - Start search element by locator-->By.cssSelector: div.pac-item
17:27:30 INFO  manager.MyListener - Element with locator-->By.cssSelector: div.pac-item was found
17:27:32 INFO  manager.MyListener - Start search element by locator-->By.id: dates
17:27:32 INFO  manager.MyListener - Element with locator-->By.id: dates was found
17:27:32 INFO  manager.MyListener - Start search element by locator-->By.id: dates
17:27:32 INFO  manager.MyListener - Element with locator-->By.id: dates was found
17:27:32 INFO  manager.MyListener - Start search element by locator-->By.xpath: //button[@aria-label='Next month']
17:27:32 INFO  manager.MyListener - Element with locator-->By.xpath: //button[@aria-label='Next month'] was found
17:27:32 INFO  manager.MyListener - Start search element by locator-->By.xpath: //button[@aria-label='Next month']
17:27:32 INFO  manager.MyListener - Element with locator-->By.xpath: //button[@aria-label='Next month'] was found
17:27:32 INFO  manager.MyListener - Start search element by locator-->By.xpath: //button[@aria-label='Next month']
17:27:32 INFO  manager.MyListener - Element with locator-->By.xpath: //button[@aria-label='Next month'] was found
17:27:33 INFO  manager.MyListener - Start search element by locator-->By.xpath: //button[@aria-label='Next month']
17:27:33 INFO  manager.MyListener - Element with locator-->By.xpath: //button[@aria-label='Next month'] was found
17:27:33 INFO  manager.MyListener - Start search element by locator-->By.xpath: //div[text()=' 25 ']
17:27:33 INFO  manager.MyListener - Element with locator-->By.xpath: //div[text()=' 25 '] was found
17:27:33 INFO  manager.MyListener - Start search element by locator-->By.xpath: //button[@aria-label='Next month']
17:27:33 INFO  manager.MyListener - Element with locator-->By.xpath: //button[@aria-label='Next month'] was found
17:27:33 INFO  manager.MyListener - Start search element by locator-->By.xpath: //div[text()=' 28 ']
17:27:33 INFO  manager.MyListener - Element with locator-->By.xpath: //div[text()=' 28 '] was found
17:27:34 INFO  manager.MyListener - Start search element by locator-->By.cssSelector: form button[type='submit']
17:27:34 INFO  manager.MyListener - Element with locator-->By.cssSelector: form button[type='submit'] was found
17:27:34 INFO  manager.MyListener - Start search element by locator-->By.cssSelector: div.search-results
17:27:34 INFO  manager.MyListener - Element with locator-->By.cssSelector: div.search-results was found
17:27:34 INFO  tests.TestBase - Test finished Success
17:27:34 INFO  manager.MyListener - Start search element by locator-->By.xpath: //*[@alt='logo']
17:27:34 INFO  manager.MyListener - Element with locator-->By.xpath: //*[@alt='logo'] was found
17:27:36 INFO  manager.MyListener - Start search element by locator-->By.id: dates
17:27:36 INFO  manager.MyListener - Element with locator-->By.id: dates was found
17:27:38 INFO  tests.TestBase - Ends test---> searchPeriodInFuture
17:27:38 INFO  tests.TestBase - Starts test---> searchPeriodInFutureLocalData
17:27:38 INFO  tests.TestBase - rent details:-->Tokio, from 25 Jan 2023 till 28 May 2023
17:27:38 INFO  manager.MyListener - Start search element by locator-->By.id: city
17:27:38 INFO  manager.MyListener - Element with locator-->By.id: city was found
17:27:39 INFO  manager.MyListener - Start search element by locator-->By.cssSelector: div.pac-item
17:27:39 INFO  manager.MyListener - Element with locator-->By.cssSelector: div.pac-item was found
17:27:41 INFO  manager.MyListener - Start search element by locator-->By.id: dates
17:27:41 INFO  manager.MyListener - Element with locator-->By.id: dates was found
17:27:41 INFO  manager.MyListener - Start search element by locator-->By.id: dates
17:27:41 INFO  manager.MyListener - Element with locator-->By.id: dates was found
17:27:41 INFO  manager.MyListener - Start search element by locator-->By.xpath: //button[@aria-label='Next month']
17:27:41 INFO  manager.MyListener - Element with locator-->By.xpath: //button[@aria-label='Next month'] was found
17:27:41 INFO  manager.MyListener - Start search element by locator-->By.xpath: //button[@aria-label='Next month']
17:27:41 INFO  manager.MyListener - Element with locator-->By.xpath: //button[@aria-label='Next month'] was found
17:27:41 INFO  manager.MyListener - Start search element by locator-->By.xpath: //button[@aria-label='Next month']
17:27:41 INFO  manager.MyListener - Element with locator-->By.xpath: //button[@aria-label='Next month'] was found
17:27:41 INFO  manager.MyListener - Start search element by locator-->By.xpath: //button[@aria-label='Next month']
17:27:41 INFO  manager.MyListener - Element with locator-->By.xpath: //button[@aria-label='Next month'] was found
17:27:42 INFO  manager.MyListener - Start search element by locator-->By.xpath: //button[@aria-label='Next month']
17:27:42 INFO  manager.MyListener - Element with locator-->By.xpath: //button[@aria-label='Next month'] was found
17:27:42 INFO  manager.MyListener - Start search element by locator-->By.xpath: //button[@aria-label='Next month']
17:27:42 INFO  manager.MyListener - Element with locator-->By.xpath: //button[@aria-label='Next month'] was found
17:27:42 INFO  manager.MyListener - Start search element by locator-->By.xpath: //button[@aria-label='Next month']
17:27:42 INFO  manager.MyListener - Element with locator-->By.xpath: //button[@aria-label='Next month'] was found
17:27:42 INFO  manager.MyListener - Start search element by locator-->By.xpath: //div[text()=' 25 ']
17:27:42 INFO  manager.MyListener - Element with locator-->By.xpath: //div[text()=' 25 '] was found
17:27:42 INFO  manager.MyListener - Start search element by locator-->By.xpath: //button[@aria-label='Next month']
17:27:42 INFO  manager.MyListener - Element with locator-->By.xpath: //button[@aria-label='Next month'] was found
17:27:42 INFO  manager.MyListener - Start search element by locator-->By.xpath: //button[@aria-label='Next month']
17:27:42 INFO  manager.MyListener - Element with locator-->By.xpath: //button[@aria-label='Next month'] was found
17:27:43 INFO  manager.MyListener - Start search element by locator-->By.xpath: //button[@aria-label='Next month']
17:27:43 INFO  manager.MyListener - Element with locator-->By.xpath: //button[@aria-label='Next month'] was found
17:27:43 INFO  manager.MyListener - Start search element by locator-->By.xpath: //button[@aria-label='Next month']
17:27:43 INFO  manager.MyListener - Element with locator-->By.xpath: //button[@aria-label='Next month'] was found
17:27:43 INFO  manager.MyListener - Start search element by locator-->By.xpath: //div[text()=' 28 ']
17:27:43 INFO  manager.MyListener - Element with locator-->By.xpath: //div[text()=' 28 '] was found
17:27:43 INFO  manager.MyListener - Start search element by locator-->By.cssSelector: form button[type='submit']
17:27:43 INFO  manager.MyListener - Element with locator-->By.cssSelector: form button[type='submit'] was found
17:27:43 INFO  manager.MyListener - Start search element by locator-->By.cssSelector: div.search-results
17:27:44 INFO  manager.MyListener - Element with locator-->By.cssSelector: div.search-results was found
17:27:44 INFO  tests.TestBase - Test finished Success
17:27:44 INFO  manager.MyListener - Start search element by locator-->By.xpath: //*[@alt='logo']
17:27:44 INFO  manager.MyListener - Element with locator-->By.xpath: //*[@alt='logo'] was found
17:27:45 INFO  manager.MyListener - Start search element by locator-->By.id: dates
17:27:45 INFO  manager.MyListener - Element with locator-->By.id: dates was found
17:27:47 INFO  tests.TestBase - Ends test---> searchPeriodInFutureLocalData
]]></system-out>
  <system-err><![CDATA[]]></system-err>
</testsuite>
