<?xml version="1.0" encoding="UTF-8"?>
<testsuite name="tests.CarSearch" tests="4" skipped="0" failures="0" errors="0" timestamp="2022-06-05T17:33:58" hostname="ARTEMKA" time="17.419">
  <properties/>
  <testcase name="fillSearchFormFutureYears" classname="tests.CarSearch" time="2.856"/>
  <testcase name="searchPeriodCurrentMonth" classname="tests.CarSearch" time="2.172"/>
  <testcase name="searchPeriodInFuture" classname="tests.CarSearch" time="2.471"/>
  <testcase name="searchPeriodInFutureLocalData" classname="tests.CarSearch" time="2.844"/>
  <system-out><![CDATA[20:33:58 INFO  tests.TestBase - Starts test---> fillSearchFormFutureYears
20:33:58 INFO  tests.TestBase - rent details:-->Paris, from 25 Nov 2022 till 05 March 2023
20:33:58 INFO  manager.MyListener - Start search element by locator-->By.id: city
20:33:58 INFO  manager.MyListener - Element with locator-->By.id: city was found
20:33:58 INFO  manager.MyListener - Start search element by locator-->By.cssSelector: div.pac-item
20:33:58 INFO  manager.MyListener - Element with locator-->By.cssSelector: div.pac-item was found
20:33:59 INFO  manager.MyListener - Start search element by locator-->By.id: dates
20:33:59 INFO  manager.MyListener - Element with locator-->By.id: dates was found
20:33:59 INFO  manager.MyListener - Start search element by locator-->By.id: dates
20:33:59 INFO  manager.MyListener - Element with locator-->By.id: dates was found
20:34:00 INFO  manager.MyListener - Start search element by locator-->By.xpath: //button[@aria-label='Next month']
20:34:00 INFO  manager.MyListener - Element with locator-->By.xpath: //button[@aria-label='Next month'] was found
20:34:00 INFO  manager.MyListener - Start search element by locator-->By.xpath: //button[@aria-label='Next month']
20:34:00 INFO  manager.MyListener - Element with locator-->By.xpath: //button[@aria-label='Next month'] was found
20:34:00 INFO  manager.MyListener - Start search element by locator-->By.xpath: //button[@aria-label='Next month']
20:34:00 INFO  manager.MyListener - Element with locator-->By.xpath: //button[@aria-label='Next month'] was found
20:34:00 INFO  manager.MyListener - Start search element by locator-->By.xpath: //button[@aria-label='Next month']
20:34:00 INFO  manager.MyListener - Element with locator-->By.xpath: //button[@aria-label='Next month'] was found
20:34:00 INFO  manager.MyListener - Start search element by locator-->By.xpath: //button[@aria-label='Next month']
20:34:00 INFO  manager.MyListener - Element with locator-->By.xpath: //button[@aria-label='Next month'] was found
20:34:00 INFO  manager.MyListener - Start search element by locator-->By.xpath: //div[text()=' 25 ']
20:34:00 INFO  manager.MyListener - Element with locator-->By.xpath: //div[text()=' 25 '] was found
20:34:00 INFO  manager.MyListener - Start search element by locator-->By.xpath: //button[@aria-label='Next month']
20:34:00 INFO  manager.MyListener - Element with locator-->By.xpath: //button[@aria-label='Next month'] was found
20:34:00 INFO  manager.MyListener - Start search element by locator-->By.xpath: //button[@aria-label='Next month']
20:34:00 INFO  manager.MyListener - Element with locator-->By.xpath: //button[@aria-label='Next month'] was found
20:34:00 INFO  manager.MyListener - Start search element by locator-->By.xpath: //button[@aria-label='Next month']
20:34:00 INFO  manager.MyListener - Element with locator-->By.xpath: //button[@aria-label='Next month'] was found
20:34:00 INFO  manager.MyListener - Start search element by locator-->By.xpath: //button[@aria-label='Next month']
20:34:00 INFO  manager.MyListener - Element with locator-->By.xpath: //button[@aria-label='Next month'] was found
20:34:00 INFO  manager.MyListener - Start search element by locator-->By.xpath: //div[text()=' 5 ']
20:34:00 INFO  manager.MyListener - Element with locator-->By.xpath: //div[text()=' 5 '] was found
20:34:00 INFO  manager.MyListener - Start search element by locator-->By.cssSelector: form button[type='submit']
20:34:00 INFO  manager.MyListener - Element with locator-->By.cssSelector: form button[type='submit'] was found
20:34:00 INFO  manager.MyListener - Start search element by locator-->By.cssSelector: div.search-results
20:34:00 INFO  manager.MyListener - Element with locator-->By.cssSelector: div.search-results was found
20:34:00 INFO  tests.TestBase - Test finished Success
20:34:00 INFO  manager.MyListener - Start search element by locator-->By.xpath: //*[@alt='logo']
20:34:01 INFO  manager.MyListener - Element with locator-->By.xpath: //*[@alt='logo'] was found
20:34:01 INFO  manager.MyListener - Start search element by locator-->By.id: dates
20:34:01 INFO  manager.MyListener - Element with locator-->By.id: dates was found
20:34:03 INFO  tests.TestBase - Ends test---> fillSearchFormFutureYears
20:34:03 INFO  tests.TestBase - Starts test---> searchPeriodCurrentMonth
20:34:03 INFO  tests.TestBase - rent details:-->Tel Aviv, from 19 June 2022 till 30 June 2022
20:34:03 INFO  manager.MyListener - Start search element by locator-->By.id: city
20:34:03 INFO  manager.MyListener - Element with locator-->By.id: city was found
20:34:04 INFO  manager.MyListener - Start search element by locator-->By.cssSelector: div.pac-item
20:34:04 INFO  manager.MyListener - Element with locator-->By.cssSelector: div.pac-item was found
20:34:05 INFO  manager.MyListener - Start search element by locator-->By.id: dates
20:34:05 INFO  manager.MyListener - Element with locator-->By.id: dates was found
20:34:05 INFO  manager.MyListener - Start search element by locator-->By.id: dates
20:34:05 INFO  manager.MyListener - Element with locator-->By.id: dates was found
20:34:05 INFO  manager.MyListener - Start search element by locator-->By.xpath: //div[text()=' 19 ']
20:34:05 INFO  manager.MyListener - Element with locator-->By.xpath: //div[text()=' 19 '] was found
20:34:05 INFO  manager.MyListener - Start search element by locator-->By.xpath: //div[text()=' 30 ']
20:34:05 INFO  manager.MyListener - Element with locator-->By.xpath: //div[text()=' 30 '] was found
20:34:05 INFO  manager.MyListener - Start search element by locator-->By.cssSelector: form button[type='submit']
20:34:05 INFO  manager.MyListener - Element with locator-->By.cssSelector: form button[type='submit'] was found
20:34:05 INFO  manager.MyListener - Start search element by locator-->By.cssSelector: div.search-results
20:34:05 INFO  manager.MyListener - Element with locator-->By.cssSelector: div.search-results was found
20:34:05 INFO  tests.TestBase - Test finished Success
20:34:05 INFO  manager.MyListener - Start search element by locator-->By.xpath: //*[@alt='logo']
20:34:05 INFO  manager.MyListener - Element with locator-->By.xpath: //*[@alt='logo'] was found
20:34:05 INFO  manager.MyListener - Start search element by locator-->By.id: dates
20:34:05 INFO  manager.MyListener - Element with locator-->By.id: dates was found
20:34:07 INFO  tests.TestBase - Ends test---> searchPeriodCurrentMonth
20:34:07 INFO  tests.TestBase - Starts test---> searchPeriodInFuture
20:34:07 INFO  tests.TestBase - rent details:-->Moscow, from 25 Oct 2022 till 28 Nov 2022
20:34:07 INFO  manager.MyListener - Start search element by locator-->By.id: city
20:34:07 INFO  manager.MyListener - Element with locator-->By.id: city was found
20:34:08 INFO  manager.MyListener - Start search element by locator-->By.cssSelector: div.pac-item
20:34:08 INFO  manager.MyListener - Element with locator-->By.cssSelector: div.pac-item was found
20:34:09 INFO  manager.MyListener - Start search element by locator-->By.id: dates
20:34:09 INFO  manager.MyListener - Element with locator-->By.id: dates was found
20:34:09 INFO  manager.MyListener - Start search element by locator-->By.id: dates
20:34:09 INFO  manager.MyListener - Element with locator-->By.id: dates was found
20:34:09 INFO  manager.MyListener - Start search element by locator-->By.xpath: //button[@aria-label='Next month']
20:34:09 INFO  manager.MyListener - Element with locator-->By.xpath: //button[@aria-label='Next month'] was found
20:34:09 INFO  manager.MyListener - Start search element by locator-->By.xpath: //button[@aria-label='Next month']
20:34:09 INFO  manager.MyListener - Element with locator-->By.xpath: //button[@aria-label='Next month'] was found
20:34:09 INFO  manager.MyListener - Start search element by locator-->By.xpath: //button[@aria-label='Next month']
20:34:09 INFO  manager.MyListener - Element with locator-->By.xpath: //button[@aria-label='Next month'] was found
20:34:09 INFO  manager.MyListener - Start search element by locator-->By.xpath: //button[@aria-label='Next month']
20:34:09 INFO  manager.MyListener - Element with locator-->By.xpath: //button[@aria-label='Next month'] was found
20:34:10 INFO  manager.MyListener - Start search element by locator-->By.xpath: //div[text()=' 25 ']
20:34:10 INFO  manager.MyListener - Element with locator-->By.xpath: //div[text()=' 25 '] was found
20:34:10 INFO  manager.MyListener - Start search element by locator-->By.xpath: //button[@aria-label='Next month']
20:34:10 INFO  manager.MyListener - Element with locator-->By.xpath: //button[@aria-label='Next month'] was found
20:34:10 INFO  manager.MyListener - Start search element by locator-->By.xpath: //div[text()=' 28 ']
20:34:10 INFO  manager.MyListener - Element with locator-->By.xpath: //div[text()=' 28 '] was found
20:34:10 INFO  manager.MyListener - Start search element by locator-->By.cssSelector: form button[type='submit']
20:34:10 INFO  manager.MyListener - Element with locator-->By.cssSelector: form button[type='submit'] was found
20:34:10 INFO  manager.MyListener - Start search element by locator-->By.cssSelector: div.search-results
20:34:10 INFO  manager.MyListener - Element with locator-->By.cssSelector: div.search-results was found
20:34:10 INFO  tests.TestBase - Test finished Success
20:34:10 INFO  manager.MyListener - Start search element by locator-->By.xpath: //*[@alt='logo']
20:34:10 INFO  manager.MyListener - Element with locator-->By.xpath: //*[@alt='logo'] was found
20:34:10 INFO  manager.MyListener - Start search element by locator-->By.id: dates
20:34:10 INFO  manager.MyListener - Element with locator-->By.id: dates was found
20:34:12 INFO  tests.TestBase - Ends test---> searchPeriodInFuture
20:34:12 INFO  tests.TestBase - Starts test---> searchPeriodInFutureLocalData
20:34:12 INFO  tests.TestBase - rent details:-->Tokio, from 25 Jan 2023 till 28 May 2023
20:34:12 INFO  manager.MyListener - Start search element by locator-->By.id: city
20:34:12 INFO  manager.MyListener - Element with locator-->By.id: city was found
20:34:13 INFO  manager.MyListener - Start search element by locator-->By.cssSelector: div.pac-item
20:34:13 INFO  manager.MyListener - Element with locator-->By.cssSelector: div.pac-item was found
20:34:14 INFO  manager.MyListener - Start search element by locator-->By.id: dates
20:34:14 INFO  manager.MyListener - Element with locator-->By.id: dates was found
20:34:14 INFO  manager.MyListener - Start search element by locator-->By.id: dates
20:34:14 INFO  manager.MyListener - Element with locator-->By.id: dates was found
20:34:14 INFO  manager.MyListener - Start search element by locator-->By.xpath: //button[@aria-label='Next month']
20:34:14 INFO  manager.MyListener - Element with locator-->By.xpath: //button[@aria-label='Next month'] was found
20:34:14 INFO  manager.MyListener - Start search element by locator-->By.xpath: //button[@aria-label='Next month']
20:34:14 INFO  manager.MyListener - Element with locator-->By.xpath: //button[@aria-label='Next month'] was found
20:34:14 INFO  manager.MyListener - Start search element by locator-->By.xpath: //button[@aria-label='Next month']
20:34:14 INFO  manager.MyListener - Element with locator-->By.xpath: //button[@aria-label='Next month'] was found
20:34:14 INFO  manager.MyListener - Start search element by locator-->By.xpath: //button[@aria-label='Next month']
20:34:14 INFO  manager.MyListener - Element with locator-->By.xpath: //button[@aria-label='Next month'] was found
20:34:14 INFO  manager.MyListener - Start search element by locator-->By.xpath: //button[@aria-label='Next month']
20:34:14 INFO  manager.MyListener - Element with locator-->By.xpath: //button[@aria-label='Next month'] was found
20:34:14 INFO  manager.MyListener - Start search element by locator-->By.xpath: //button[@aria-label='Next month']
20:34:14 INFO  manager.MyListener - Element with locator-->By.xpath: //button[@aria-label='Next month'] was found
20:34:14 INFO  manager.MyListener - Start search element by locator-->By.xpath: //button[@aria-label='Next month']
20:34:14 INFO  manager.MyListener - Element with locator-->By.xpath: //button[@aria-label='Next month'] was found
20:34:15 INFO  manager.MyListener - Start search element by locator-->By.xpath: //div[text()=' 25 ']
20:34:15 INFO  manager.MyListener - Element with locator-->By.xpath: //div[text()=' 25 '] was found
20:34:15 INFO  manager.MyListener - Start search element by locator-->By.xpath: //button[@aria-label='Next month']
20:34:15 INFO  manager.MyListener - Element with locator-->By.xpath: //button[@aria-label='Next month'] was found
20:34:15 INFO  manager.MyListener - Start search element by locator-->By.xpath: //button[@aria-label='Next month']
20:34:15 INFO  manager.MyListener - Element with locator-->By.xpath: //button[@aria-label='Next month'] was found
20:34:15 INFO  manager.MyListener - Start search element by locator-->By.xpath: //button[@aria-label='Next month']
20:34:15 INFO  manager.MyListener - Element with locator-->By.xpath: //button[@aria-label='Next month'] was found
20:34:15 INFO  manager.MyListener - Start search element by locator-->By.xpath: //button[@aria-label='Next month']
20:34:15 INFO  manager.MyListener - Element with locator-->By.xpath: //button[@aria-label='Next month'] was found
20:34:15 INFO  manager.MyListener - Start search element by locator-->By.xpath: //div[text()=' 28 ']
20:34:15 INFO  manager.MyListener - Element with locator-->By.xpath: //div[text()=' 28 '] was found
20:34:15 INFO  manager.MyListener - Start search element by locator-->By.cssSelector: form button[type='submit']
20:34:15 INFO  manager.MyListener - Element with locator-->By.cssSelector: form button[type='submit'] was found
20:34:15 INFO  manager.MyListener - Start search element by locator-->By.cssSelector: div.search-results
20:34:15 INFO  manager.MyListener - Element with locator-->By.cssSelector: div.search-results was found
20:34:15 INFO  tests.TestBase - Test finished Success
20:34:15 INFO  manager.MyListener - Start search element by locator-->By.xpath: //*[@alt='logo']
20:34:15 INFO  manager.MyListener - Element with locator-->By.xpath: //*[@alt='logo'] was found
20:34:15 INFO  manager.MyListener - Start search element by locator-->By.id: dates
20:34:15 INFO  manager.MyListener - Element with locator-->By.id: dates was found
20:34:17 INFO  tests.TestBase - Ends test---> searchPeriodInFutureLocalData
]]></system-out>
  <system-err><![CDATA[]]></system-err>
</testsuite>
